2017-04-05 14:52:08,339 [INFO] [thread-name: org.springframework.scheduling.quartz.SchedulerFactoryBean#0_Worker-1] com.wuzhi.action.WuzhiController.uploadUser(WuzhiController.java:184) - 此次花费时间8162
2017-04-05 14:52:08,396 [INFO] [thread-name: org.springframework.scheduling.quartz.SchedulerFactoryBean#0_Worker-1] com.wuzhi.action.WuzhiController.uploadUser(WuzhiController.java:185) - 增加人数6
2017-04-05 14:53:00,590 [INFO] [thread-name: org.springframework.scheduling.quartz.SchedulerFactoryBean#0_Worker-2] com.wuzhi.action.WuzhiController.uploadUser(WuzhiController.java:184) - 此次花费时间573
2017-04-05 14:53:00,590 [INFO] [thread-name: org.springframework.scheduling.quartz.SchedulerFactoryBean#0_Worker-2] com.wuzhi.action.WuzhiController.uploadUser(WuzhiController.java:185) - 增加人数0
2017-04-05 14:54:00,590 [INFO] [thread-name: org.springframework.scheduling.quartz.SchedulerFactoryBean#0_Worker-3] com.wuzhi.action.WuzhiController.uploadUser(WuzhiController.java:184) - 此次花费时间577
2017-04-05 14:54:00,593 [INFO] [thread-name: org.springframework.scheduling.quartz.SchedulerFactoryBean#0_Worker-3] com.wuzhi.action.WuzhiController.uploadUser(WuzhiController.java:185) - 增加人数0
2017-04-05 14:55:00,384 [INFO] [thread-name: org.springframework.scheduling.quartz.SchedulerFactoryBean#0_Worker-4] com.wuzhi.action.WuzhiController.uploadUser(WuzhiController.java:184) - 此次花费时间360
2017-04-05 14:55:00,385 [INFO] [thread-name: org.springframework.scheduling.quartz.SchedulerFactoryBean#0_Worker-4] com.wuzhi.action.WuzhiController.uploadUser(WuzhiController.java:185) - 增加人数1
2017-04-05 14:56:00,628 [INFO] [thread-name: org.springframework.scheduling.quartz.SchedulerFactoryBean#0_Worker-5] com.wuzhi.action.WuzhiController.uploadUser(WuzhiController.java:184) - 此次花费时间612
2017-04-05 14:56:00,629 [INFO] [thread-name: org.springframework.scheduling.quartz.SchedulerFactoryBean#0_Worker-5] com.wuzhi.action.WuzhiController.uploadUser(WuzhiController.java:185) - 增加人数0
2017-04-05 14:57:00,260 [INFO] [thread-name: org.springframework.scheduling.quartz.SchedulerFactoryBean#0_Worker-6] com.wuzhi.action.WuzhiController.uploadUser(WuzhiController.java:184) - 此次花费时间244
2017-04-05 14:57:00,261 [INFO] [thread-name: org.springframework.scheduling.quartz.SchedulerFactoryBean#0_Worker-6] com.wuzhi.action.WuzhiController.uploadUser(WuzhiController.java:185) - 增加人数0
2017-04-05 14:58:00,952 [INFO] [thread-name: org.springframework.scheduling.quartz.SchedulerFactoryBean#0_Worker-8] com.wuzhi.action.WuzhiController.uploadUser(WuzhiController.java:184) - 此次花费时间935
2017-04-05 14:58:00,953 [INFO] [thread-name: org.springframework.scheduling.quartz.SchedulerFactoryBean#0_Worker-8] com.wuzhi.action.WuzhiController.uploadUser(WuzhiController.java:185) - 增加人数0
2017-04-05 14:59:00,909 [INFO] [thread-name: org.springframework.scheduling.quartz.SchedulerFactoryBean#0_Worker-9] com.wuzhi.action.WuzhiController.uploadUser(WuzhiController.java:184) - 此次花费时间890
2017-04-05 14:59:00,910 [INFO] [thread-name: org.springframework.scheduling.quartz.SchedulerFactoryBean#0_Worker-9] com.wuzhi.action.WuzhiController.uploadUser(WuzhiController.java:185) - 增加人数0
2017-04-05 15:00:00,842 [INFO] [thread-name: org.springframework.scheduling.quartz.SchedulerFactoryBean#0_Worker-10] com.wuzhi.action.WuzhiController.uploadUser(WuzhiController.java:184) - 此次花费时间802
2017-04-05 15:00:00,842 [INFO] [thread-name: org.springframework.scheduling.quartz.SchedulerFactoryBean#0_Worker-10] com.wuzhi.action.WuzhiController.uploadUser(WuzhiController.java:185) - 增加人数0
2017-04-05 15:01:00,801 [INFO] [thread-name: org.springframework.scheduling.quartz.SchedulerFactoryBean#0_Worker-1] com.wuzhi.action.WuzhiController.uploadUser(WuzhiController.java:184) - 此次花费时间786
2017-04-05 15:01:00,803 [INFO] [thread-name: org.springframework.scheduling.quartz.SchedulerFactoryBean#0_Worker-1] com.wuzhi.action.WuzhiController.uploadUser(WuzhiController.java:185) - 增加人数0
2017-04-05 15:02:00,502 [INFO] [thread-name: org.springframework.scheduling.quartz.SchedulerFactoryBean#0_Worker-2] com.wuzhi.action.WuzhiController.uploadUser(WuzhiController.java:184) - 此次花费时间487
2017-04-05 15:02:00,502 [INFO] [thread-name: org.springframework.scheduling.quartz.SchedulerFactoryBean#0_Worker-2] com.wuzhi.action.WuzhiController.uploadUser(WuzhiController.java:185) - 增加人数0
2017-04-05 15:03:00,135 [INFO] [thread-name: org.springframework.scheduling.quartz.SchedulerFactoryBean#0_Worker-3] com.wuzhi.action.WuzhiController.uploadUser(WuzhiController.java:184) - 此次花费时间120
2017-04-05 15:03:00,150 [INFO] [thread-name: org.springframework.scheduling.quartz.SchedulerFactoryBean#0_Worker-3] com.wuzhi.action.WuzhiController.uploadUser(WuzhiController.java:185) - 增加人数0
2017-04-05 15:03:37,401 [INFO] [thread-name: org.springframework.scheduling.quartz.SchedulerFactoryBean#0_Worker-7] com.wuzhi.action.WuzhiController.addAllDownUser(WuzhiController.java:357) - 此次花费时间397385
2017-04-05 15:03:37,401 [INFO] [thread-name: org.springframework.scheduling.quartz.SchedulerFactoryBean#0_Worker-7] com.wuzhi.action.WuzhiController.addAllDownUser(WuzhiController.java:358) - 增加日志1099
2017-04-05 15:04:00,546 [INFO] [thread-name: org.springframework.scheduling.quartz.SchedulerFactoryBean#0_Worker-4] com.wuzhi.action.WuzhiController.uploadUser(WuzhiController.java:184) - 此次花费时间530
2017-04-05 15:04:00,546 [INFO] [thread-name: org.springframework.scheduling.quartz.SchedulerFactoryBean#0_Worker-4] com.wuzhi.action.WuzhiController.uploadUser(WuzhiController.java:185) - 增加人数0
2017-04-05 15:05:01,241 [INFO] [thread-name: org.springframework.scheduling.quartz.SchedulerFactoryBean#0_Worker-5] com.wuzhi.action.WuzhiController.uploadUser(WuzhiController.java:184) - 此次花费时间1225
2017-04-05 15:05:01,241 [INFO] [thread-name: org.springframework.scheduling.quartz.SchedulerFactoryBean#0_Worker-5] com.wuzhi.action.WuzhiController.uploadUser(WuzhiController.java:185) - 增加人数0
2017-04-05 15:06:00,512 [INFO] [thread-name: org.springframework.scheduling.quartz.SchedulerFactoryBean#0_Worker-6] com.wuzhi.action.WuzhiController.uploadUser(WuzhiController.java:184) - 此次花费时间501
2017-04-05 15:06:00,512 [INFO] [thread-name: org.springframework.scheduling.quartz.SchedulerFactoryBean#0_Worker-6] com.wuzhi.action.WuzhiController.uploadUser(WuzhiController.java:185) - 增加人数0
2017-04-05 15:07:00,543 [INFO] [thread-name: org.springframework.scheduling.quartz.SchedulerFactoryBean#0_Worker-8] com.wuzhi.action.WuzhiController.uploadUser(WuzhiController.java:184) - 此次花费时间532
2017-04-05 15:07:00,543 [INFO] [thread-name: org.springframework.scheduling.quartz.SchedulerFactoryBean#0_Worker-8] com.wuzhi.action.WuzhiController.uploadUser(WuzhiController.java:185) - 增加人数0
2017-04-05 15:08:00,749 [INFO] [thread-name: org.springframework.scheduling.quartz.SchedulerFactoryBean#0_Worker-10] com.wuzhi.action.WuzhiController.uploadUser(WuzhiController.java:184) - 此次花费时间735
2017-04-05 15:08:00,749 [INFO] [thread-name: org.springframework.scheduling.quartz.SchedulerFactoryBean#0_Worker-10] com.wuzhi.action.WuzhiController.uploadUser(WuzhiController.java:185) - 增加人数1
2017-04-05 15:09:00,129 [INFO] [thread-name: org.springframework.scheduling.quartz.SchedulerFactoryBean#0_Worker-1] com.wuzhi.action.WuzhiController.uploadUser(WuzhiController.java:184) - 此次花费时间109
2017-04-05 15:09:00,129 [INFO] [thread-name: org.springframework.scheduling.quartz.SchedulerFactoryBean#0_Worker-1] com.wuzhi.action.WuzhiController.uploadUser(WuzhiController.java:185) - 增加人数0
2017-04-05 15:10:00,112 [INFO] [thread-name: org.springframework.scheduling.quartz.SchedulerFactoryBean#0_Worker-2] com.wuzhi.action.WuzhiController.uploadUser(WuzhiController.java:184) - 此次花费时间101
2017-04-05 15:10:00,112 [INFO] [thread-name: org.springframework.scheduling.quartz.SchedulerFactoryBean#0_Worker-2] com.wuzhi.action.WuzhiController.uploadUser(WuzhiController.java:185) - 增加人数0
2017-04-05 15:11:00,127 [INFO] [thread-name: org.springframework.scheduling.quartz.SchedulerFactoryBean#0_Worker-3] com.wuzhi.action.WuzhiController.uploadUser(WuzhiController.java:184) - 此次花费时间109
2017-04-05 15:11:00,127 [INFO] [thread-name: org.springframework.scheduling.quartz.SchedulerFactoryBean#0_Worker-3] com.wuzhi.action.WuzhiController.uploadUser(WuzhiController.java:185) - 增加人数0
2017-04-05 15:12:00,129 [INFO] [thread-name: org.springframework.scheduling.quartz.SchedulerFactoryBean#0_Worker-7] com.wuzhi.action.WuzhiController.uploadUser(WuzhiController.java:184) - 此次花费时间110
2017-04-05 15:12:00,129 [INFO] [thread-name: org.springframework.scheduling.quartz.SchedulerFactoryBean#0_Worker-7] com.wuzhi.action.WuzhiController.uploadUser(WuzhiController.java:185) - 增加人数0
2017-04-05 15:12:22,280 [INFO] [thread-name: org.springframework.scheduling.quartz.SchedulerFactoryBean#0_Worker-9] com.wuzhi.action.WuzhiController.addAllDownUser(WuzhiController.java:357) - 此次花费时间322269
2017-04-05 15:12:22,296 [INFO] [thread-name: org.springframework.scheduling.quartz.SchedulerFactoryBean#0_Worker-9] com.wuzhi.action.WuzhiController.addAllDownUser(WuzhiController.java:358) - 增加日志4
2017-04-05 15:13:00,204 [INFO] [thread-name: org.springframework.scheduling.quartz.SchedulerFactoryBean#0_Worker-4] com.wuzhi.action.WuzhiController.uploadUser(WuzhiController.java:184) - 此次花费时间187
2017-04-05 15:13:00,204 [INFO] [thread-name: org.springframework.scheduling.quartz.SchedulerFactoryBean#0_Worker-4] com.wuzhi.action.WuzhiController.uploadUser(WuzhiController.java:185) - 增加人数0
2017-04-05 15:14:00,556 [INFO] [thread-name: org.springframework.scheduling.quartz.SchedulerFactoryBean#0_Worker-5] com.wuzhi.action.WuzhiController.uploadUser(WuzhiController.java:184) - 此次花费时间541
2017-04-05 15:14:00,557 [INFO] [thread-name: org.springframework.scheduling.quartz.SchedulerFactoryBean#0_Worker-5] com.wuzhi.action.WuzhiController.uploadUser(WuzhiController.java:185) - 增加人数0
2017-04-05 15:15:00,543 [INFO] [thread-name: org.springframework.scheduling.quartz.SchedulerFactoryBean#0_Worker-6] com.wuzhi.action.WuzhiController.uploadUser(WuzhiController.java:184) - 此次花费时间532
2017-04-05 15:15:00,543 [INFO] [thread-name: org.springframework.scheduling.quartz.SchedulerFactoryBean#0_Worker-6] com.wuzhi.action.WuzhiController.uploadUser(WuzhiController.java:185) - 增加人数0
2017-04-05 15:16:00,165 [INFO] [thread-name: org.springframework.scheduling.quartz.SchedulerFactoryBean#0_Worker-8] com.wuzhi.action.WuzhiController.uploadUser(WuzhiController.java:184) - 此次花费时间140
2017-04-05 15:16:00,165 [INFO] [thread-name: org.springframework.scheduling.quartz.SchedulerFactoryBean#0_Worker-8] com.wuzhi.action.WuzhiController.uploadUser(WuzhiController.java:185) - 增加人数0
2017-04-05 15:17:00,599 [INFO] [thread-name: org.springframework.scheduling.quartz.SchedulerFactoryBean#0_Worker-10] com.wuzhi.action.WuzhiController.uploadUser(WuzhiController.java:184) - 此次花费时间578
2017-04-05 15:17:00,599 [INFO] [thread-name: org.springframework.scheduling.quartz.SchedulerFactoryBean#0_Worker-10] com.wuzhi.action.WuzhiController.uploadUser(WuzhiController.java:185) - 增加人数0
2017-04-05 15:18:03,176 [INFO] [thread-name: org.springframework.scheduling.quartz.SchedulerFactoryBean#0_Worker-1] com.wuzhi.action.WuzhiController.uploadUser(WuzhiController.java:184) - 此次花费时间3152
2017-04-05 15:18:03,177 [INFO] [thread-name: org.springframework.scheduling.quartz.SchedulerFactoryBean#0_Worker-1] com.wuzhi.action.WuzhiController.uploadUser(WuzhiController.java:185) - 增加人数0
2017-04-05 15:19:00,498 [INFO] [thread-name: org.springframework.scheduling.quartz.SchedulerFactoryBean#0_Worker-2] com.wuzhi.action.WuzhiController.uploadUser(WuzhiController.java:184) - 此次花费时间484
2017-04-05 15:19:00,513 [INFO] [thread-name: org.springframework.scheduling.quartz.SchedulerFactoryBean#0_Worker-2] com.wuzhi.action.WuzhiController.uploadUser(WuzhiController.java:185) - 增加人数0
2017-04-05 15:20:00,493 [INFO] [thread-name: org.springframework.scheduling.quartz.SchedulerFactoryBean#0_Worker-3] com.wuzhi.action.WuzhiController.uploadUser(WuzhiController.java:184) - 此次花费时间468
2017-04-05 15:20:00,493 [INFO] [thread-name: org.springframework.scheduling.quartz.SchedulerFactoryBean#0_Worker-3] com.wuzhi.action.WuzhiController.uploadUser(WuzhiController.java:185) - 增加人数0
2017-04-05 15:21:00,519 [INFO] [thread-name: org.springframework.scheduling.quartz.SchedulerFactoryBean#0_Worker-7] com.wuzhi.action.WuzhiController.uploadUser(WuzhiController.java:184) - 此次花费时间499
2017-04-05 15:21:00,519 [INFO] [thread-name: org.springframework.scheduling.quartz.SchedulerFactoryBean#0_Worker-7] com.wuzhi.action.WuzhiController.uploadUser(WuzhiController.java:185) - 增加人数0
2017-04-05 15:22:00,484 [INFO] [thread-name: org.springframework.scheduling.quartz.SchedulerFactoryBean#0_Worker-9] com.wuzhi.action.WuzhiController.uploadUser(WuzhiController.java:184) - 此次花费时间473
2017-04-05 15:22:00,485 [INFO] [thread-name: org.springframework.scheduling.quartz.SchedulerFactoryBean#0_Worker-9] com.wuzhi.action.WuzhiController.uploadUser(WuzhiController.java:185) - 增加人数0
2017-04-05 15:23:00,581 [INFO] [thread-name: org.springframework.scheduling.quartz.SchedulerFactoryBean#0_Worker-4] com.wuzhi.action.WuzhiController.uploadUser(WuzhiController.java:184) - 此次花费时间556
2017-04-05 15:23:00,582 [INFO] [thread-name: org.springframework.scheduling.quartz.SchedulerFactoryBean#0_Worker-4] com.wuzhi.action.WuzhiController.uploadUser(WuzhiController.java:185) - 增加人数0
2017-04-05 15:24:03,563 [INFO] [thread-name: org.springframework.scheduling.quartz.SchedulerFactoryBean#0_Worker-5] com.wuzhi.action.WuzhiController.uploadUser(WuzhiController.java:184) - 此次花费时间3549
2017-04-05 15:24:03,564 [INFO] [thread-name: org.springframework.scheduling.quartz.SchedulerFactoryBean#0_Worker-5] com.wuzhi.action.WuzhiController.uploadUser(WuzhiController.java:185) - 增加人数0
2017-04-05 15:25:00,524 [INFO] [thread-name: org.springframework.scheduling.quartz.SchedulerFactoryBean#0_Worker-6] com.wuzhi.action.WuzhiController.uploadUser(WuzhiController.java:184) - 此次花费时间511
2017-04-05 15:25:00,525 [INFO] [thread-name: org.springframework.scheduling.quartz.SchedulerFactoryBean#0_Worker-6] com.wuzhi.action.WuzhiController.uploadUser(WuzhiController.java:185) - 增加人数0
2017-04-05 15:26:00,206 [INFO] [thread-name: org.springframework.scheduling.quartz.SchedulerFactoryBean#0_Worker-8] com.wuzhi.action.WuzhiController.uploadUser(WuzhiController.java:184) - 此次花费时间181
2017-04-05 15:26:00,207 [INFO] [thread-name: org.springframework.scheduling.quartz.SchedulerFactoryBean#0_Worker-8] com.wuzhi.action.WuzhiController.uploadUser(WuzhiController.java:185) - 增加人数0
2017-04-05 15:27:00,574 [INFO] [thread-name: org.springframework.scheduling.quartz.SchedulerFactoryBean#0_Worker-10] com.wuzhi.action.WuzhiController.uploadUser(WuzhiController.java:184) - 此次花费时间562
2017-04-05 15:27:00,575 [INFO] [thread-name: org.springframework.scheduling.quartz.SchedulerFactoryBean#0_Worker-10] com.wuzhi.action.WuzhiController.uploadUser(WuzhiController.java:185) - 增加人数0
2017-04-05 15:28:00,478 [INFO] [thread-name: org.springframework.scheduling.quartz.SchedulerFactoryBean#0_Worker-2] com.wuzhi.action.WuzhiController.uploadUser(WuzhiController.java:184) - 此次花费时间460
2017-04-05 15:28:00,479 [INFO] [thread-name: org.springframework.scheduling.quartz.SchedulerFactoryBean#0_Worker-2] com.wuzhi.action.WuzhiController.uploadUser(WuzhiController.java:185) - 增加人数0
2017-04-05 15:29:00,816 [INFO] [thread-name: org.springframework.scheduling.quartz.SchedulerFactoryBean#0_Worker-3] com.wuzhi.action.WuzhiController.uploadUser(WuzhiController.java:184) - 此次花费时间802
2017-04-05 15:29:00,817 [INFO] [thread-name: org.springframework.scheduling.quartz.SchedulerFactoryBean#0_Worker-3] com.wuzhi.action.WuzhiController.uploadUser(WuzhiController.java:185) - 增加人数0
2017-04-05 15:30:00,584 [INFO] [thread-name: org.springframework.scheduling.quartz.SchedulerFactoryBean#0_Worker-7] com.wuzhi.action.WuzhiController.uploadUser(WuzhiController.java:184) - 此次花费时间568
2017-04-05 15:30:00,585 [INFO] [thread-name: org.springframework.scheduling.quartz.SchedulerFactoryBean#0_Worker-7] com.wuzhi.action.WuzhiController.uploadUser(WuzhiController.java:185) - 增加人数0
2017-04-05 15:31:00,487 [INFO] [thread-name: org.springframework.scheduling.quartz.SchedulerFactoryBean#0_Worker-9] com.wuzhi.action.WuzhiController.uploadUser(WuzhiController.java:184) - 此次花费时间473
2017-04-05 15:31:00,487 [INFO] [thread-name: org.springframework.scheduling.quartz.SchedulerFactoryBean#0_Worker-9] com.wuzhi.action.WuzhiController.uploadUser(WuzhiController.java:185) - 增加人数0
2017-04-05 15:32:00,453 [INFO] [thread-name: org.springframework.scheduling.quartz.SchedulerFactoryBean#0_Worker-4] com.wuzhi.action.WuzhiController.uploadUser(WuzhiController.java:184) - 此次花费时间442
2017-04-05 15:32:00,454 [INFO] [thread-name: org.springframework.scheduling.quartz.SchedulerFactoryBean#0_Worker-4] com.wuzhi.action.WuzhiController.uploadUser(WuzhiController.java:185) - 增加人数0
2017-04-05 15:32:42,698 [INFO] [thread-name: org.springframework.scheduling.quartz.SchedulerFactoryBean#0_Worker-1] com.wuzhi.action.WuzhiController.addAllDownUser(WuzhiController.java:357) - 此次花费时间342686
2017-04-05 15:32:42,699 [INFO] [thread-name: org.springframework.scheduling.quartz.SchedulerFactoryBean#0_Worker-1] com.wuzhi.action.WuzhiController.addAllDownUser(WuzhiController.java:358) - 增加日志149
2017-04-05 15:33:00,544 [INFO] [thread-name: org.springframework.scheduling.quartz.SchedulerFactoryBean#0_Worker-5] com.wuzhi.action.WuzhiController.uploadUser(WuzhiController.java:184) - 此次花费时间527
2017-04-05 15:33:00,545 [INFO] [thread-name: org.springframework.scheduling.quartz.SchedulerFactoryBean#0_Worker-5] com.wuzhi.action.WuzhiController.uploadUser(WuzhiController.java:185) - 增加人数0
2017-04-05 15:34:00,608 [INFO] [thread-name: org.springframework.scheduling.quartz.SchedulerFactoryBean#0_Worker-6] com.wuzhi.action.WuzhiController.uploadUser(WuzhiController.java:184) - 此次花费时间595
2017-04-05 15:34:00,610 [INFO] [thread-name: org.springframework.scheduling.quartz.SchedulerFactoryBean#0_Worker-6] com.wuzhi.action.WuzhiController.uploadUser(WuzhiController.java:185) - 增加人数0
2017-04-05 15:35:00,545 [INFO] [thread-name: org.springframework.scheduling.quartz.SchedulerFactoryBean#0_Worker-8] com.wuzhi.action.WuzhiController.uploadUser(WuzhiController.java:184) - 此次花费时间521
2017-04-05 15:35:00,546 [INFO] [thread-name: org.springframework.scheduling.quartz.SchedulerFactoryBean#0_Worker-8] com.wuzhi.action.WuzhiController.uploadUser(WuzhiController.java:185) - 增加人数0
2017-04-05 15:36:00,724 [INFO] [thread-name: org.springframework.scheduling.quartz.SchedulerFactoryBean#0_Worker-10] com.wuzhi.action.WuzhiController.uploadUser(WuzhiController.java:184) - 此次花费时间700
2017-04-05 15:36:00,725 [INFO] [thread-name: org.springframework.scheduling.quartz.SchedulerFactoryBean#0_Worker-10] com.wuzhi.action.WuzhiController.uploadUser(WuzhiController.java:185) - 增加人数0
2017-04-05 15:37:00,505 [INFO] [thread-name: org.springframework.scheduling.quartz.SchedulerFactoryBean#0_Worker-2] com.wuzhi.action.WuzhiController.uploadUser(WuzhiController.java:184) - 此次花费时间493
2017-04-05 15:37:00,506 [INFO] [thread-name: org.springframework.scheduling.quartz.SchedulerFactoryBean#0_Worker-2] com.wuzhi.action.WuzhiController.uploadUser(WuzhiController.java:185) - 增加人数0
2017-04-05 15:38:03,525 [INFO] [thread-name: org.springframework.scheduling.quartz.SchedulerFactoryBean#0_Worker-3] com.wuzhi.action.WuzhiController.uploadUser(WuzhiController.java:184) - 此次花费时间3502
2017-04-05 15:38:03,525 [INFO] [thread-name: org.springframework.scheduling.quartz.SchedulerFactoryBean#0_Worker-3] com.wuzhi.action.WuzhiController.uploadUser(WuzhiController.java:185) - 增加人数0
2017-04-05 15:39:00,573 [INFO] [thread-name: org.springframework.scheduling.quartz.SchedulerFactoryBean#0_Worker-7] com.wuzhi.action.WuzhiController.uploadUser(WuzhiController.java:184) - 此次花费时间559
2017-04-05 15:39:00,573 [INFO] [thread-name: org.springframework.scheduling.quartz.SchedulerFactoryBean#0_Worker-7] com.wuzhi.action.WuzhiController.uploadUser(WuzhiController.java:185) - 增加人数0
2017-04-05 15:40:00,535 [INFO] [thread-name: org.springframework.scheduling.quartz.SchedulerFactoryBean#0_Worker-9] com.wuzhi.action.WuzhiController.uploadUser(WuzhiController.java:184) - 此次花费时间523
2017-04-05 15:40:00,536 [INFO] [thread-name: org.springframework.scheduling.quartz.SchedulerFactoryBean#0_Worker-9] com.wuzhi.action.WuzhiController.uploadUser(WuzhiController.java:185) - 增加人数0
2017-04-05 15:41:00,532 [INFO] [thread-name: org.springframework.scheduling.quartz.SchedulerFactoryBean#0_Worker-4] com.wuzhi.action.WuzhiController.uploadUser(WuzhiController.java:184) - 此次花费时间517
2017-04-05 15:41:00,532 [INFO] [thread-name: org.springframework.scheduling.quartz.SchedulerFactoryBean#0_Worker-4] com.wuzhi.action.WuzhiController.uploadUser(WuzhiController.java:185) - 增加人数0
2017-04-05 15:42:03,155 [INFO] [thread-name: org.springframework.scheduling.quartz.SchedulerFactoryBean#0_Worker-1] com.wuzhi.action.WuzhiController.uploadUser(WuzhiController.java:184) - 此次花费时间3130
2017-04-05 15:42:03,172 [INFO] [thread-name: org.springframework.scheduling.quartz.SchedulerFactoryBean#0_Worker-1] com.wuzhi.action.WuzhiController.uploadUser(WuzhiController.java:185) - 增加人数0
2017-04-05 15:43:00,622 [INFO] [thread-name: org.springframework.scheduling.quartz.SchedulerFactoryBean#0_Worker-5] com.wuzhi.action.WuzhiController.uploadUser(WuzhiController.java:184) - 此次花费时间604
2017-04-05 15:43:00,623 [INFO] [thread-name: org.springframework.scheduling.quartz.SchedulerFactoryBean#0_Worker-5] com.wuzhi.action.WuzhiController.uploadUser(WuzhiController.java:185) - 增加人数0
2017-04-05 15:44:00,508 [INFO] [thread-name: org.springframework.scheduling.quartz.SchedulerFactoryBean#0_Worker-6] com.wuzhi.action.WuzhiController.uploadUser(WuzhiController.java:184) - 此次花费时间485
2017-04-05 15:44:00,508 [INFO] [thread-name: org.springframework.scheduling.quartz.SchedulerFactoryBean#0_Worker-6] com.wuzhi.action.WuzhiController.uploadUser(WuzhiController.java:185) - 增加人数0
2017-04-05 15:45:00,579 [INFO] [thread-name: org.springframework.scheduling.quartz.SchedulerFactoryBean#0_Worker-8] com.wuzhi.action.WuzhiController.uploadUser(WuzhiController.java:184) - 此次花费时间561
2017-04-05 15:45:00,579 [INFO] [thread-name: org.springframework.scheduling.quartz.SchedulerFactoryBean#0_Worker-8] com.wuzhi.action.WuzhiController.uploadUser(WuzhiController.java:185) - 增加人数0
2017-04-05 15:46:00,559 [INFO] [thread-name: org.springframework.scheduling.quartz.SchedulerFactoryBean#0_Worker-10] com.wuzhi.action.WuzhiController.uploadUser(WuzhiController.java:184) - 此次花费时间546
2017-04-05 15:46:00,559 [INFO] [thread-name: org.springframework.scheduling.quartz.SchedulerFactoryBean#0_Worker-10] com.wuzhi.action.WuzhiController.uploadUser(WuzhiController.java:185) - 增加人数0
2017-04-05 15:47:00,600 [INFO] [thread-name: org.springframework.scheduling.quartz.SchedulerFactoryBean#0_Worker-2] com.wuzhi.action.WuzhiController.uploadUser(WuzhiController.java:184) - 此次花费时间578
2017-04-05 15:47:00,600 [INFO] [thread-name: org.springframework.scheduling.quartz.SchedulerFactoryBean#0_Worker-2] com.wuzhi.action.WuzhiController.uploadUser(WuzhiController.java:185) - 增加人数0
2017-04-05 15:48:00,513 [INFO] [thread-name: org.springframework.scheduling.quartz.SchedulerFactoryBean#0_Worker-3] com.wuzhi.action.WuzhiController.uploadUser(WuzhiController.java:184) - 此次花费时间498
2017-04-05 15:48:00,514 [INFO] [thread-name: org.springframework.scheduling.quartz.SchedulerFactoryBean#0_Worker-3] com.wuzhi.action.WuzhiController.uploadUser(WuzhiController.java:185) - 增加人数0
2017-04-05 15:49:00,568 [INFO] [thread-name: org.springframework.scheduling.quartz.SchedulerFactoryBean#0_Worker-7] com.wuzhi.action.WuzhiController.uploadUser(WuzhiController.java:184) - 此次花费时间521
2017-04-05 15:49:00,569 [INFO] [thread-name: org.springframework.scheduling.quartz.SchedulerFactoryBean#0_Worker-7] com.wuzhi.action.WuzhiController.uploadUser(WuzhiController.java:185) - 增加人数0
2017-04-05 15:50:00,548 [INFO] [thread-name: org.springframework.scheduling.quartz.SchedulerFactoryBean#0_Worker-9] com.wuzhi.action.WuzhiController.uploadUser(WuzhiController.java:184) - 此次花费时间529
2017-04-05 15:50:00,549 [INFO] [thread-name: org.springframework.scheduling.quartz.SchedulerFactoryBean#0_Worker-9] com.wuzhi.action.WuzhiController.uploadUser(WuzhiController.java:185) - 增加人数0
2017-04-05 15:51:00,503 [INFO] [thread-name: org.springframework.scheduling.quartz.SchedulerFactoryBean#0_Worker-4] com.wuzhi.action.WuzhiController.uploadUser(WuzhiController.java:184) - 此次花费时间485
2017-04-05 15:51:00,503 [INFO] [thread-name: org.springframework.scheduling.quartz.SchedulerFactoryBean#0_Worker-4] com.wuzhi.action.WuzhiController.uploadUser(WuzhiController.java:185) - 增加人数0
2017-04-05 15:52:00,162 [INFO] [thread-name: org.springframework.scheduling.quartz.SchedulerFactoryBean#0_Worker-1] com.wuzhi.action.WuzhiController.uploadUser(WuzhiController.java:184) - 此次花费时间141
2017-04-05 15:52:00,162 [INFO] [thread-name: org.springframework.scheduling.quartz.SchedulerFactoryBean#0_Worker-1] com.wuzhi.action.WuzhiController.uploadUser(WuzhiController.java:185) - 增加人数0
2017-04-05 15:53:00,147 [INFO] [thread-name: org.springframework.scheduling.quartz.SchedulerFactoryBean#0_Worker-5] com.wuzhi.action.WuzhiController.uploadUser(WuzhiController.java:184) - 此次花费时间126
2017-04-05 15:53:00,147 [INFO] [thread-name: org.springframework.scheduling.quartz.SchedulerFactoryBean#0_Worker-5] com.wuzhi.action.WuzhiController.uploadUser(WuzhiController.java:185) - 增加人数0
2017-04-05 15:54:00,554 [INFO] [thread-name: org.springframework.scheduling.quartz.SchedulerFactoryBean#0_Worker-6] com.wuzhi.action.WuzhiController.uploadUser(WuzhiController.java:184) - 此次花费时间540
2017-04-05 15:54:00,554 [INFO] [thread-name: org.springframework.scheduling.quartz.SchedulerFactoryBean#0_Worker-6] com.wuzhi.action.WuzhiController.uploadUser(WuzhiController.java:185) - 增加人数0
2017-04-05 15:55:00,495 [INFO] [thread-name: org.springframework.scheduling.quartz.SchedulerFactoryBean#0_Worker-8] com.wuzhi.action.WuzhiController.uploadUser(WuzhiController.java:184) - 此次花费时间485
2017-04-05 15:55:00,495 [INFO] [thread-name: org.springframework.scheduling.quartz.SchedulerFactoryBean#0_Worker-8] com.wuzhi.action.WuzhiController.uploadUser(WuzhiController.java:185) - 增加人数0
2017-04-05 15:56:00,609 [INFO] [thread-name: org.springframework.scheduling.quartz.SchedulerFactoryBean#0_Worker-10] com.wuzhi.action.WuzhiController.uploadUser(WuzhiController.java:184) - 此次花费时间591
2017-04-05 15:56:00,610 [INFO] [thread-name: org.springframework.scheduling.quartz.SchedulerFactoryBean#0_Worker-10] com.wuzhi.action.WuzhiController.uploadUser(WuzhiController.java:185) - 增加人数0
2017-04-05 15:57:00,595 [INFO] [thread-name: org.springframework.scheduling.quartz.SchedulerFactoryBean#0_Worker-2] com.wuzhi.action.WuzhiController.uploadUser(WuzhiController.java:184) - 此次花费时间583
2017-04-05 15:57:00,596 [INFO] [thread-name: org.springframework.scheduling.quartz.SchedulerFactoryBean#0_Worker-2] com.wuzhi.action.WuzhiController.uploadUser(WuzhiController.java:185) - 增加人数0
2017-04-05 15:58:00,499 [INFO] [thread-name: org.springframework.scheduling.quartz.SchedulerFactoryBean#0_Worker-7] com.wuzhi.action.WuzhiController.uploadUser(WuzhiController.java:184) - 此次花费时间485
2017-04-05 15:58:00,500 [INFO] [thread-name: org.springframework.scheduling.quartz.SchedulerFactoryBean#0_Worker-7] com.wuzhi.action.WuzhiController.uploadUser(WuzhiController.java:185) - 增加人数0
2017-04-05 15:59:00,116 [INFO] [thread-name: org.springframework.scheduling.quartz.SchedulerFactoryBean#0_Worker-9] com.wuzhi.action.WuzhiController.uploadUser(WuzhiController.java:184) - 此次花费时间105
2017-04-05 15:59:00,117 [INFO] [thread-name: org.springframework.scheduling.quartz.SchedulerFactoryBean#0_Worker-9] com.wuzhi.action.WuzhiController.uploadUser(WuzhiController.java:185) - 增加人数0
2017-04-05 16:00:00,537 [INFO] [thread-name: org.springframework.scheduling.quartz.SchedulerFactoryBean#0_Worker-4] com.wuzhi.action.WuzhiController.uploadUser(WuzhiController.java:184) - 此次花费时间523
2017-04-05 16:00:00,538 [INFO] [thread-name: org.springframework.scheduling.quartz.SchedulerFactoryBean#0_Worker-4] com.wuzhi.action.WuzhiController.uploadUser(WuzhiController.java:185) - 增加人数0
2017-04-05 16:01:00,126 [INFO] [thread-name: org.springframework.scheduling.quartz.SchedulerFactoryBean#0_Worker-1] com.wuzhi.action.WuzhiController.uploadUser(WuzhiController.java:184) - 此次花费时间114
2017-04-05 16:01:00,127 [INFO] [thread-name: org.springframework.scheduling.quartz.SchedulerFactoryBean#0_Worker-1] com.wuzhi.action.WuzhiController.uploadUser(WuzhiController.java:185) - 增加人数0
2017-04-05 16:02:00,586 [INFO] [thread-name: org.springframework.scheduling.quartz.SchedulerFactoryBean#0_Worker-5] com.wuzhi.action.WuzhiController.uploadUser(WuzhiController.java:184) - 此次花费时间564
2017-04-05 16:02:00,587 [INFO] [thread-name: org.springframework.scheduling.quartz.SchedulerFactoryBean#0_Worker-5] com.wuzhi.action.WuzhiController.uploadUser(WuzhiController.java:185) - 增加人数0
2017-04-05 16:02:35,787 [INFO] [thread-name: org.springframework.scheduling.quartz.SchedulerFactoryBean#0_Worker-3] com.wuzhi.action.WuzhiController.addAllDownUser(WuzhiController.java:357) - 此次花费时间335774
2017-04-05 16:02:35,789 [INFO] [thread-name: org.springframework.scheduling.quartz.SchedulerFactoryBean#0_Worker-3] com.wuzhi.action.WuzhiController.addAllDownUser(WuzhiController.java:358) - 增加日志12
2017-04-05 16:03:00,599 [INFO] [thread-name: org.springframework.scheduling.quartz.SchedulerFactoryBean#0_Worker-6] com.wuzhi.action.WuzhiController.uploadUser(WuzhiController.java:184) - 此次花费时间584
2017-04-05 16:03:00,600 [INFO] [thread-name: org.springframework.scheduling.quartz.SchedulerFactoryBean#0_Worker-6] com.wuzhi.action.WuzhiController.uploadUser(WuzhiController.java:185) - 增加人数0
2017-04-05 16:04:01,208 [INFO] [thread-name: org.springframework.scheduling.quartz.SchedulerFactoryBean#0_Worker-8] com.wuzhi.action.WuzhiController.uploadUser(WuzhiController.java:184) - 此次花费时间1189
2017-04-05 16:04:01,210 [INFO] [thread-name: org.springframework.scheduling.quartz.SchedulerFactoryBean#0_Worker-8] com.wuzhi.action.WuzhiController.uploadUser(WuzhiController.java:185) - 增加人数0
2017-04-05 16:05:03,143 [INFO] [thread-name: org.springframework.scheduling.quartz.SchedulerFactoryBean#0_Worker-1] com.wuzhi.action.WuzhiController.uploadUser(WuzhiController.java:184) - 此次花费时间3047
2017-04-05 16:05:03,148 [INFO] [thread-name: org.springframework.scheduling.quartz.SchedulerFactoryBean#0_Worker-1] com.wuzhi.action.WuzhiController.uploadUser(WuzhiController.java:185) - 增加人数0
2017-04-05 16:06:00,650 [INFO] [thread-name: org.springframework.scheduling.quartz.SchedulerFactoryBean#0_Worker-2] com.wuzhi.action.WuzhiController.uploadUser(WuzhiController.java:184) - 此次花费时间627
2017-04-05 16:06:00,652 [INFO] [thread-name: org.springframework.scheduling.quartz.SchedulerFactoryBean#0_Worker-2] com.wuzhi.action.WuzhiController.uploadUser(WuzhiController.java:185) - 增加人数0
2017-04-05 16:07:00,971 [INFO] [thread-name: org.springframework.scheduling.quartz.SchedulerFactoryBean#0_Worker-3] com.wuzhi.action.WuzhiController.uploadUser(WuzhiController.java:184) - 此次花费时间923
2017-04-05 16:07:00,974 [INFO] [thread-name: org.springframework.scheduling.quartz.SchedulerFactoryBean#0_Worker-3] com.wuzhi.action.WuzhiController.uploadUser(WuzhiController.java:185) - 增加人数0
2017-04-05 16:09:04,238 [INFO] [thread-name: org.springframework.scheduling.quartz.SchedulerFactoryBean#0_Worker-1] com.wuzhi.action.WuzhiController.uploadUser(WuzhiController.java:184) - 此次花费时间4114
2017-04-05 16:09:04,242 [INFO] [thread-name: org.springframework.scheduling.quartz.SchedulerFactoryBean#0_Worker-1] com.wuzhi.action.WuzhiController.uploadUser(WuzhiController.java:185) - 增加人数0
2017-04-05 16:11:03,465 [INFO] [thread-name: org.springframework.scheduling.quartz.SchedulerFactoryBean#0_Worker-1] com.wuzhi.action.WuzhiController.uploadUser(WuzhiController.java:184) - 此次花费时间3202
2017-04-05 16:11:03,477 [INFO] [thread-name: org.springframework.scheduling.quartz.SchedulerFactoryBean#0_Worker-1] com.wuzhi.action.WuzhiController.uploadUser(WuzhiController.java:185) - 增加人数0
2017-04-05 16:12:00,677 [INFO] [thread-name: org.springframework.scheduling.quartz.SchedulerFactoryBean#0_Worker-2] com.wuzhi.action.WuzhiController.uploadUser(WuzhiController.java:184) - 此次花费时间653
2017-04-05 16:12:00,678 [INFO] [thread-name: org.springframework.scheduling.quartz.SchedulerFactoryBean#0_Worker-2] com.wuzhi.action.WuzhiController.uploadUser(WuzhiController.java:185) - 增加人数0
2017-04-05 16:13:03,661 [INFO] [thread-name: org.springframework.scheduling.quartz.SchedulerFactoryBean#0_Worker-3] com.wuzhi.action.WuzhiController.uploadUser(WuzhiController.java:184) - 此次花费时间3642
2017-04-05 16:13:03,664 [INFO] [thread-name: org.springframework.scheduling.quartz.SchedulerFactoryBean#0_Worker-3] com.wuzhi.action.WuzhiController.uploadUser(WuzhiController.java:185) - 增加人数0
2017-04-05 16:14:00,685 [INFO] [thread-name: org.springframework.scheduling.quartz.SchedulerFactoryBean#0_Worker-4] com.wuzhi.action.WuzhiController.uploadUser(WuzhiController.java:184) - 此次花费时间663
2017-04-05 16:14:00,687 [INFO] [thread-name: org.springframework.scheduling.quartz.SchedulerFactoryBean#0_Worker-4] com.wuzhi.action.WuzhiController.uploadUser(WuzhiController.java:185) - 增加人数0
2017-04-05 16:15:05,013 [INFO] [thread-name: org.springframework.scheduling.quartz.SchedulerFactoryBean#0_Worker-5] com.wuzhi.action.WuzhiController.uploadUser(WuzhiController.java:184) - 此次花费时间4895
2017-04-05 16:15:05,014 [INFO] [thread-name: org.springframework.scheduling.quartz.SchedulerFactoryBean#0_Worker-5] com.wuzhi.action.WuzhiController.uploadUser(WuzhiController.java:185) - 增加人数1
2017-04-05 16:16:00,603 [INFO] [thread-name: org.springframework.scheduling.quartz.SchedulerFactoryBean#0_Worker-6] com.wuzhi.action.WuzhiController.uploadUser(WuzhiController.java:184) - 此次花费时间585
2017-04-05 16:16:00,604 [INFO] [thread-name: org.springframework.scheduling.quartz.SchedulerFactoryBean#0_Worker-6] com.wuzhi.action.WuzhiController.uploadUser(WuzhiController.java:185) - 增加人数0
2017-04-05 16:17:00,615 [INFO] [thread-name: org.springframework.scheduling.quartz.SchedulerFactoryBean#0_Worker-7] com.wuzhi.action.WuzhiController.uploadUser(WuzhiController.java:184) - 此次花费时间597
2017-04-05 16:17:00,620 [INFO] [thread-name: org.springframework.scheduling.quartz.SchedulerFactoryBean#0_Worker-7] com.wuzhi.action.WuzhiController.uploadUser(WuzhiController.java:185) - 增加人数0
2017-04-05 16:18:00,644 [INFO] [thread-name: org.springframework.scheduling.quartz.SchedulerFactoryBean#0_Worker-8] com.wuzhi.action.WuzhiController.uploadUser(WuzhiController.java:184) - 此次花费时间629
2017-04-05 16:18:00,646 [INFO] [thread-name: org.springframework.scheduling.quartz.SchedulerFactoryBean#0_Worker-8] com.wuzhi.action.WuzhiController.uploadUser(WuzhiController.java:185) - 增加人数0
2017-04-05 16:19:00,183 [INFO] [thread-name: org.springframework.scheduling.quartz.SchedulerFactoryBean#0_Worker-9] com.wuzhi.action.WuzhiController.uploadUser(WuzhiController.java:184) - 此次花费时间167
2017-04-05 16:19:00,185 [INFO] [thread-name: org.springframework.scheduling.quartz.SchedulerFactoryBean#0_Worker-9] com.wuzhi.action.WuzhiController.uploadUser(WuzhiController.java:185) - 增加人数0
2017-04-05 16:20:00,169 [INFO] [thread-name: org.springframework.scheduling.quartz.SchedulerFactoryBean#0_Worker-10] com.wuzhi.action.WuzhiController.uploadUser(WuzhiController.java:184) - 此次花费时间154
2017-04-05 16:20:00,170 [INFO] [thread-name: org.springframework.scheduling.quartz.SchedulerFactoryBean#0_Worker-10] com.wuzhi.action.WuzhiController.uploadUser(WuzhiController.java:185) - 增加人数0
2017-04-05 16:21:00,197 [INFO] [thread-name: org.springframework.scheduling.quartz.SchedulerFactoryBean#0_Worker-1] com.wuzhi.action.WuzhiController.uploadUser(WuzhiController.java:184) - 此次花费时间181
2017-04-05 16:21:00,199 [INFO] [thread-name: org.springframework.scheduling.quartz.SchedulerFactoryBean#0_Worker-1] com.wuzhi.action.WuzhiController.uploadUser(WuzhiController.java:185) - 增加人数0
2017-04-05 16:22:00,639 [INFO] [thread-name: org.springframework.scheduling.quartz.SchedulerFactoryBean#0_Worker-2] com.wuzhi.action.WuzhiController.uploadUser(WuzhiController.java:184) - 此次花费时间626
2017-04-05 16:22:00,640 [INFO] [thread-name: org.springframework.scheduling.quartz.SchedulerFactoryBean#0_Worker-2] com.wuzhi.action.WuzhiController.uploadUser(WuzhiController.java:185) - 增加人数0
2017-04-05 16:23:00,200 [INFO] [thread-name: org.springframework.scheduling.quartz.SchedulerFactoryBean#0_Worker-3] com.wuzhi.action.WuzhiController.uploadUser(WuzhiController.java:184) - 此次花费时间187
2017-04-05 16:23:00,202 [INFO] [thread-name: org.springframework.scheduling.quartz.SchedulerFactoryBean#0_Worker-3] com.wuzhi.action.WuzhiController.uploadUser(WuzhiController.java:185) - 增加人数0
2017-04-05 16:24:00,619 [INFO] [thread-name: org.springframework.scheduling.quartz.SchedulerFactoryBean#0_Worker-4] com.wuzhi.action.WuzhiController.uploadUser(WuzhiController.java:184) - 此次花费时间601
2017-04-05 16:24:00,620 [INFO] [thread-name: org.springframework.scheduling.quartz.SchedulerFactoryBean#0_Worker-4] com.wuzhi.action.WuzhiController.uploadUser(WuzhiController.java:185) - 增加人数0
2017-04-05 16:25:00,556 [INFO] [thread-name: org.springframework.scheduling.quartz.SchedulerFactoryBean#0_Worker-5] com.wuzhi.action.WuzhiController.uploadUser(WuzhiController.java:184) - 此次花费时间545
2017-04-05 16:25:00,558 [INFO] [thread-name: org.springframework.scheduling.quartz.SchedulerFactoryBean#0_Worker-5] com.wuzhi.action.WuzhiController.uploadUser(WuzhiController.java:185) - 增加人数0
2017-04-05 16:26:00,597 [INFO] [thread-name: org.springframework.scheduling.quartz.SchedulerFactoryBean#0_Worker-6] com.wuzhi.action.WuzhiController.uploadUser(WuzhiController.java:184) - 此次花费时间572
2017-04-05 16:26:00,598 [INFO] [thread-name: org.springframework.scheduling.quartz.SchedulerFactoryBean#0_Worker-6] com.wuzhi.action.WuzhiController.uploadUser(WuzhiController.java:185) - 增加人数0
2017-04-05 16:27:00,592 [INFO] [thread-name: org.springframework.scheduling.quartz.SchedulerFactoryBean#0_Worker-7] com.wuzhi.action.WuzhiController.uploadUser(WuzhiController.java:184) - 此次花费时间570
2017-04-05 16:27:00,594 [INFO] [thread-name: org.springframework.scheduling.quartz.SchedulerFactoryBean#0_Worker-7] com.wuzhi.action.WuzhiController.uploadUser(WuzhiController.java:185) - 增加人数0
2017-04-05 16:28:00,559 [INFO] [thread-name: org.springframework.scheduling.quartz.SchedulerFactoryBean#0_Worker-9] com.wuzhi.action.WuzhiController.uploadUser(WuzhiController.java:184) - 此次花费时间545
2017-04-05 16:28:00,560 [INFO] [thread-name: org.springframework.scheduling.quartz.SchedulerFactoryBean#0_Worker-9] com.wuzhi.action.WuzhiController.uploadUser(WuzhiController.java:185) - 增加人数0
2017-04-05 16:29:00,189 [INFO] [thread-name: org.springframework.scheduling.quartz.SchedulerFactoryBean#0_Worker-10] com.wuzhi.action.WuzhiController.uploadUser(WuzhiController.java:184) - 此次花费时间154
2017-04-05 16:29:00,190 [INFO] [thread-name: org.springframework.scheduling.quartz.SchedulerFactoryBean#0_Worker-10] com.wuzhi.action.WuzhiController.uploadUser(WuzhiController.java:185) - 增加人数0
2017-04-05 16:30:00,711 [INFO] [thread-name: org.springframework.scheduling.quartz.SchedulerFactoryBean#0_Worker-1] com.wuzhi.action.WuzhiController.uploadUser(WuzhiController.java:184) - 此次花费时间690
2017-04-05 16:30:00,712 [INFO] [thread-name: org.springframework.scheduling.quartz.SchedulerFactoryBean#0_Worker-1] com.wuzhi.action.WuzhiController.uploadUser(WuzhiController.java:185) - 增加人数0
2017-04-05 16:31:00,478 [INFO] [thread-name: org.springframework.scheduling.quartz.SchedulerFactoryBean#0_Worker-2] com.wuzhi.action.WuzhiController.uploadUser(WuzhiController.java:184) - 此次花费时间446
2017-04-05 16:31:00,480 [INFO] [thread-name: org.springframework.scheduling.quartz.SchedulerFactoryBean#0_Worker-2] com.wuzhi.action.WuzhiController.uploadUser(WuzhiController.java:185) - 增加人数0
2017-04-05 16:32:00,508 [INFO] [thread-name: org.springframework.scheduling.quartz.SchedulerFactoryBean#0_Worker-3] com.wuzhi.action.WuzhiController.uploadUser(WuzhiController.java:184) - 此次花费时间491
2017-04-05 16:32:00,509 [INFO] [thread-name: org.springframework.scheduling.quartz.SchedulerFactoryBean#0_Worker-3] com.wuzhi.action.WuzhiController.uploadUser(WuzhiController.java:185) - 增加人数0
2017-04-05 16:32:52,862 [INFO] [thread-name: org.springframework.scheduling.quartz.SchedulerFactoryBean#0_Worker-8] com.wuzhi.action.WuzhiController.addAllDownUser(WuzhiController.java:357) - 此次花费时间352839
2017-04-05 16:32:52,863 [INFO] [thread-name: org.springframework.scheduling.quartz.SchedulerFactoryBean#0_Worker-8] com.wuzhi.action.WuzhiController.addAllDownUser(WuzhiController.java:358) - 增加日志17
2017-04-05 16:33:00,527 [INFO] [thread-name: org.springframework.scheduling.quartz.SchedulerFactoryBean#0_Worker-4] com.wuzhi.action.WuzhiController.uploadUser(WuzhiController.java:184) - 此次花费时间507
2017-04-05 16:33:00,528 [INFO] [thread-name: org.springframework.scheduling.quartz.SchedulerFactoryBean#0_Worker-4] com.wuzhi.action.WuzhiController.uploadUser(WuzhiController.java:185) - 增加人数0
2017-04-05 16:34:00,618 [INFO] [thread-name: org.springframework.scheduling.quartz.SchedulerFactoryBean#0_Worker-5] com.wuzhi.action.WuzhiController.uploadUser(WuzhiController.java:184) - 此次花费时间602
2017-04-05 16:34:00,620 [INFO] [thread-name: org.springframework.scheduling.quartz.SchedulerFactoryBean#0_Worker-5] com.wuzhi.action.WuzhiController.uploadUser(WuzhiController.java:185) - 增加人数0
2017-04-05 16:35:00,559 [INFO] [thread-name: org.springframework.scheduling.quartz.SchedulerFactoryBean#0_Worker-6] com.wuzhi.action.WuzhiController.uploadUser(WuzhiController.java:184) - 此次花费时间544
2017-04-05 16:35:00,560 [INFO] [thread-name: org.springframework.scheduling.quartz.SchedulerFactoryBean#0_Worker-6] com.wuzhi.action.WuzhiController.uploadUser(WuzhiController.java:185) - 增加人数0
2017-04-05 16:36:00,558 [INFO] [thread-name: org.springframework.scheduling.quartz.SchedulerFactoryBean#0_Worker-7] com.wuzhi.action.WuzhiController.uploadUser(WuzhiController.java:184) - 此次花费时间540
2017-04-05 16:36:00,560 [INFO] [thread-name: org.springframework.scheduling.quartz.SchedulerFactoryBean#0_Worker-7] com.wuzhi.action.WuzhiController.uploadUser(WuzhiController.java:185) - 增加人数0
2017-04-05 16:37:00,552 [INFO] [thread-name: org.springframework.scheduling.quartz.SchedulerFactoryBean#0_Worker-9] com.wuzhi.action.WuzhiController.uploadUser(WuzhiController.java:184) - 此次花费时间534
2017-04-05 16:37:00,553 [INFO] [thread-name: org.springframework.scheduling.quartz.SchedulerFactoryBean#0_Worker-9] com.wuzhi.action.WuzhiController.uploadUser(WuzhiController.java:185) - 增加人数0
2017-04-05 16:38:00,541 [INFO] [thread-name: org.springframework.scheduling.quartz.SchedulerFactoryBean#0_Worker-10] com.wuzhi.action.WuzhiController.uploadUser(WuzhiController.java:184) - 此次花费时间520
2017-04-05 16:38:00,542 [INFO] [thread-name: org.springframework.scheduling.quartz.SchedulerFactoryBean#0_Worker-10] com.wuzhi.action.WuzhiController.uploadUser(WuzhiController.java:185) - 增加人数0
2017-04-05 16:39:00,201 [INFO] [thread-name: org.springframework.scheduling.quartz.SchedulerFactoryBean#0_Worker-1] com.wuzhi.action.WuzhiController.uploadUser(WuzhiController.java:184) - 此次花费时间188
2017-04-05 16:39:00,202 [INFO] [thread-name: org.springframework.scheduling.quartz.SchedulerFactoryBean#0_Worker-1] com.wuzhi.action.WuzhiController.uploadUser(WuzhiController.java:185) - 增加人数0
2017-04-05 16:40:00,171 [INFO] [thread-name: org.springframework.scheduling.quartz.SchedulerFactoryBean#0_Worker-2] com.wuzhi.action.WuzhiController.uploadUser(WuzhiController.java:184) - 此次花费时间155
2017-04-05 16:40:00,172 [INFO] [thread-name: org.springframework.scheduling.quartz.SchedulerFactoryBean#0_Worker-2] com.wuzhi.action.WuzhiController.uploadUser(WuzhiController.java:185) - 增加人数0
2017-04-05 16:41:00,539 [INFO] [thread-name: org.springframework.scheduling.quartz.SchedulerFactoryBean#0_Worker-3] com.wuzhi.action.WuzhiController.uploadUser(WuzhiController.java:184) - 此次花费时间528
2017-04-05 16:41:00,540 [INFO] [thread-name: org.springframework.scheduling.quartz.SchedulerFactoryBean#0_Worker-3] com.wuzhi.action.WuzhiController.uploadUser(WuzhiController.java:185) - 增加人数0
2017-04-05 16:42:00,524 [INFO] [thread-name: org.springframework.scheduling.quartz.SchedulerFactoryBean#0_Worker-8] com.wuzhi.action.WuzhiController.uploadUser(WuzhiController.java:184) - 此次花费时间503
2017-04-05 16:42:00,525 [INFO] [thread-name: org.springframework.scheduling.quartz.SchedulerFactoryBean#0_Worker-8] com.wuzhi.action.WuzhiController.uploadUser(WuzhiController.java:185) - 增加人数0
2017-04-05 16:43:00,508 [INFO] [thread-name: org.springframework.scheduling.quartz.SchedulerFactoryBean#0_Worker-4] com.wuzhi.action.WuzhiController.uploadUser(WuzhiController.java:184) - 此次花费时间494
2017-04-05 16:43:00,509 [INFO] [thread-name: org.springframework.scheduling.quartz.SchedulerFactoryBean#0_Worker-4] com.wuzhi.action.WuzhiController.uploadUser(WuzhiController.java:185) - 增加人数0
2017-04-05 16:44:00,187 [INFO] [thread-name: org.springframework.scheduling.quartz.SchedulerFactoryBean#0_Worker-5] com.wuzhi.action.WuzhiController.uploadUser(WuzhiController.java:184) - 此次花费时间172
2017-04-05 16:44:00,188 [INFO] [thread-name: org.springframework.scheduling.quartz.SchedulerFactoryBean#0_Worker-5] com.wuzhi.action.WuzhiController.uploadUser(WuzhiController.java:185) - 增加人数0
2017-04-05 16:45:00,531 [INFO] [thread-name: org.springframework.scheduling.quartz.SchedulerFactoryBean#0_Worker-6] com.wuzhi.action.WuzhiController.uploadUser(WuzhiController.java:184) - 此次花费时间516
2017-04-05 16:45:00,532 [INFO] [thread-name: org.springframework.scheduling.quartz.SchedulerFactoryBean#0_Worker-6] com.wuzhi.action.WuzhiController.uploadUser(WuzhiController.java:185) - 增加人数0
2017-04-05 16:46:00,589 [INFO] [thread-name: org.springframework.scheduling.quartz.SchedulerFactoryBean#0_Worker-7] com.wuzhi.action.WuzhiController.uploadUser(WuzhiController.java:184) - 此次花费时间572
2017-04-05 16:46:00,590 [INFO] [thread-name: org.springframework.scheduling.quartz.SchedulerFactoryBean#0_Worker-7] com.wuzhi.action.WuzhiController.uploadUser(WuzhiController.java:185) - 增加人数0
2017-04-05 16:47:00,164 [INFO] [thread-name: org.springframework.scheduling.quartz.SchedulerFactoryBean#0_Worker-9] com.wuzhi.action.WuzhiController.uploadUser(WuzhiController.java:184) - 此次花费时间151
2017-04-05 16:47:00,166 [INFO] [thread-name: org.springframework.scheduling.quartz.SchedulerFactoryBean#0_Worker-9] com.wuzhi.action.WuzhiController.uploadUser(WuzhiController.java:185) - 增加人数0
2017-04-05 16:48:00,703 [INFO] [thread-name: org.springframework.scheduling.quartz.SchedulerFactoryBean#0_Worker-10] com.wuzhi.action.WuzhiController.uploadUser(WuzhiController.java:184) - 此次花费时间688
2017-04-05 16:48:00,705 [INFO] [thread-name: org.springframework.scheduling.quartz.SchedulerFactoryBean#0_Worker-10] com.wuzhi.action.WuzhiController.uploadUser(WuzhiController.java:185) - 增加人数0
2017-04-05 16:49:00,597 [INFO] [thread-name: org.springframework.scheduling.quartz.SchedulerFactoryBean#0_Worker-1] com.wuzhi.action.WuzhiController.uploadUser(WuzhiController.java:184) - 此次花费时间583
2017-04-05 16:49:00,599 [INFO] [thread-name: org.springframework.scheduling.quartz.SchedulerFactoryBean#0_Worker-1] com.wuzhi.action.WuzhiController.uploadUser(WuzhiController.java:185) - 增加人数0
2017-04-05 16:50:00,566 [INFO] [thread-name: org.springframework.scheduling.quartz.SchedulerFactoryBean#0_Worker-2] com.wuzhi.action.WuzhiController.uploadUser(WuzhiController.java:184) - 此次花费时间546
2017-04-05 16:50:00,567 [INFO] [thread-name: org.springframework.scheduling.quartz.SchedulerFactoryBean#0_Worker-2] com.wuzhi.action.WuzhiController.uploadUser(WuzhiController.java:185) - 增加人数0
2017-04-05 16:51:00,510 [INFO] [thread-name: org.springframework.scheduling.quartz.SchedulerFactoryBean#0_Worker-3] com.wuzhi.action.WuzhiController.uploadUser(WuzhiController.java:184) - 此次花费时间489
2017-04-05 16:51:00,511 [INFO] [thread-name: org.springframework.scheduling.quartz.SchedulerFactoryBean#0_Worker-3] com.wuzhi.action.WuzhiController.uploadUser(WuzhiController.java:185) - 增加人数0
2017-04-05 16:52:00,499 [INFO] [thread-name: org.springframework.scheduling.quartz.SchedulerFactoryBean#0_Worker-8] com.wuzhi.action.WuzhiController.uploadUser(WuzhiController.java:184) - 此次花费时间487
2017-04-05 16:52:00,500 [INFO] [thread-name: org.springframework.scheduling.quartz.SchedulerFactoryBean#0_Worker-8] com.wuzhi.action.WuzhiController.uploadUser(WuzhiController.java:185) - 增加人数0
2017-04-05 16:53:00,632 [INFO] [thread-name: org.springframework.scheduling.quartz.SchedulerFactoryBean#0_Worker-4] com.wuzhi.action.WuzhiController.uploadUser(WuzhiController.java:184) - 此次花费时间574
2017-04-05 16:53:00,634 [INFO] [thread-name: org.springframework.scheduling.quartz.SchedulerFactoryBean#0_Worker-4] com.wuzhi.action.WuzhiController.uploadUser(WuzhiController.java:185) - 增加人数0
2017-04-05 16:54:00,576 [INFO] [thread-name: org.springframework.scheduling.quartz.SchedulerFactoryBean#0_Worker-5] com.wuzhi.action.WuzhiController.uploadUser(WuzhiController.java:184) - 此次花费时间560
2017-04-05 16:54:00,577 [INFO] [thread-name: org.springframework.scheduling.quartz.SchedulerFactoryBean#0_Worker-5] com.wuzhi.action.WuzhiController.uploadUser(WuzhiController.java:185) - 增加人数0
2017-04-05 16:55:00,581 [INFO] [thread-name: org.springframework.scheduling.quartz.SchedulerFactoryBean#0_Worker-6] com.wuzhi.action.WuzhiController.uploadUser(WuzhiController.java:184) - 此次花费时间565
2017-04-05 16:55:00,582 [INFO] [thread-name: org.springframework.scheduling.quartz.SchedulerFactoryBean#0_Worker-6] com.wuzhi.action.WuzhiController.uploadUser(WuzhiController.java:185) - 增加人数0
2017-04-05 16:56:00,577 [INFO] [thread-name: org.springframework.scheduling.quartz.SchedulerFactoryBean#0_Worker-7] com.wuzhi.action.WuzhiController.uploadUser(WuzhiController.java:184) - 此次花费时间562
2017-04-05 16:56:00,578 [INFO] [thread-name: org.springframework.scheduling.quartz.SchedulerFactoryBean#0_Worker-7] com.wuzhi.action.WuzhiController.uploadUser(WuzhiController.java:185) - 增加人数0
2017-04-05 16:57:00,648 [INFO] [thread-name: org.springframework.scheduling.quartz.SchedulerFactoryBean#0_Worker-9] com.wuzhi.action.WuzhiController.uploadUser(WuzhiController.java:184) - 此次花费时间628
2017-04-05 16:57:00,649 [INFO] [thread-name: org.springframework.scheduling.quartz.SchedulerFactoryBean#0_Worker-9] com.wuzhi.action.WuzhiController.uploadUser(WuzhiController.java:185) - 增加人数0
2017-04-05 16:58:00,897 [INFO] [thread-name: org.springframework.scheduling.quartz.SchedulerFactoryBean#0_Worker-1] com.wuzhi.action.WuzhiController.uploadUser(WuzhiController.java:184) - 此次花费时间883
2017-04-05 16:58:00,898 [INFO] [thread-name: org.springframework.scheduling.quartz.SchedulerFactoryBean#0_Worker-1] com.wuzhi.action.WuzhiController.uploadUser(WuzhiController.java:185) - 增加人数0
2017-04-05 16:59:00,138 [INFO] [thread-name: org.springframework.scheduling.quartz.SchedulerFactoryBean#0_Worker-2] com.wuzhi.action.WuzhiController.uploadUser(WuzhiController.java:184) - 此次花费时间124
2017-04-05 16:59:00,139 [INFO] [thread-name: org.springframework.scheduling.quartz.SchedulerFactoryBean#0_Worker-2] com.wuzhi.action.WuzhiController.uploadUser(WuzhiController.java:185) - 增加人数0
2017-04-05 17:00:00,156 [INFO] [thread-name: org.springframework.scheduling.quartz.SchedulerFactoryBean#0_Worker-3] com.wuzhi.action.WuzhiController.uploadUser(WuzhiController.java:184) - 此次花费时间137
2017-04-05 17:00:00,157 [INFO] [thread-name: org.springframework.scheduling.quartz.SchedulerFactoryBean#0_Worker-3] com.wuzhi.action.WuzhiController.uploadUser(WuzhiController.java:185) - 增加人数0
2017-04-05 17:01:00,497 [INFO] [thread-name: org.springframework.scheduling.quartz.SchedulerFactoryBean#0_Worker-8] com.wuzhi.action.WuzhiController.uploadUser(WuzhiController.java:184) - 此次花费时间481
2017-04-05 17:01:00,498 [INFO] [thread-name: org.springframework.scheduling.quartz.SchedulerFactoryBean#0_Worker-8] com.wuzhi.action.WuzhiController.uploadUser(WuzhiController.java:185) - 增加人数0
2017-04-05 17:02:00,528 [INFO] [thread-name: org.springframework.scheduling.quartz.SchedulerFactoryBean#0_Worker-4] com.wuzhi.action.WuzhiController.uploadUser(WuzhiController.java:184) - 此次花费时间508
2017-04-05 17:02:00,529 [INFO] [thread-name: org.springframework.scheduling.quartz.SchedulerFactoryBean#0_Worker-4] com.wuzhi.action.WuzhiController.uploadUser(WuzhiController.java:185) - 增加人数0
2017-04-05 17:03:00,541 [INFO] [thread-name: org.springframework.scheduling.quartz.SchedulerFactoryBean#0_Worker-5] com.wuzhi.action.WuzhiController.uploadUser(WuzhiController.java:184) - 此次花费时间520
2017-04-05 17:03:00,543 [INFO] [thread-name: org.springframework.scheduling.quartz.SchedulerFactoryBean#0_Worker-5] com.wuzhi.action.WuzhiController.uploadUser(WuzhiController.java:185) - 增加人数0
2017-04-05 17:04:00,468 [INFO] [thread-name: org.springframework.scheduling.quartz.SchedulerFactoryBean#0_Worker-6] com.wuzhi.action.WuzhiController.uploadUser(WuzhiController.java:184) - 此次花费时间451
2017-04-05 17:04:00,469 [INFO] [thread-name: org.springframework.scheduling.quartz.SchedulerFactoryBean#0_Worker-6] com.wuzhi.action.WuzhiController.uploadUser(WuzhiController.java:185) - 增加人数0
2017-04-05 17:04:01,126 [INFO] [thread-name: org.springframework.scheduling.quartz.SchedulerFactoryBean#0_Worker-10] com.wuzhi.action.WuzhiController.addAllDownUser(WuzhiController.java:357) - 此次花费时间421107
2017-04-05 17:04:01,128 [INFO] [thread-name: org.springframework.scheduling.quartz.SchedulerFactoryBean#0_Worker-10] com.wuzhi.action.WuzhiController.addAllDownUser(WuzhiController.java:358) - 增加日志7
2017-04-05 17:05:00,594 [INFO] [thread-name: org.springframework.scheduling.quartz.SchedulerFactoryBean#0_Worker-7] com.wuzhi.action.WuzhiController.uploadUser(WuzhiController.java:184) - 此次花费时间579
2017-04-05 17:05:00,596 [INFO] [thread-name: org.springframework.scheduling.quartz.SchedulerFactoryBean#0_Worker-7] com.wuzhi.action.WuzhiController.uploadUser(WuzhiController.java:185) - 增加人数0
2017-04-05 17:06:00,617 [INFO] [thread-name: org.springframework.scheduling.quartz.SchedulerFactoryBean#0_Worker-9] com.wuzhi.action.WuzhiController.uploadUser(WuzhiController.java:184) - 此次花费时间604
2017-04-05 17:06:00,619 [INFO] [thread-name: org.springframework.scheduling.quartz.SchedulerFactoryBean#0_Worker-9] com.wuzhi.action.WuzhiController.uploadUser(WuzhiController.java:185) - 增加人数0
2017-04-05 17:07:00,784 [INFO] [thread-name: org.springframework.scheduling.quartz.SchedulerFactoryBean#0_Worker-1] com.wuzhi.action.WuzhiController.uploadUser(WuzhiController.java:184) - 此次花费时间761
2017-04-05 17:07:00,785 [INFO] [thread-name: org.springframework.scheduling.quartz.SchedulerFactoryBean#0_Worker-1] com.wuzhi.action.WuzhiController.uploadUser(WuzhiController.java:185) - 增加人数0
2017-04-05 17:08:00,567 [INFO] [thread-name: org.springframework.scheduling.quartz.SchedulerFactoryBean#0_Worker-3] com.wuzhi.action.WuzhiController.uploadUser(WuzhiController.java:184) - 此次花费时间548
2017-04-05 17:08:00,569 [INFO] [thread-name: org.springframework.scheduling.quartz.SchedulerFactoryBean#0_Worker-3] com.wuzhi.action.WuzhiController.uploadUser(WuzhiController.java:185) - 增加人数0
2017-04-05 17:09:00,852 [INFO] [thread-name: org.springframework.scheduling.quartz.SchedulerFactoryBean#0_Worker-8] com.wuzhi.action.WuzhiController.uploadUser(WuzhiController.java:184) - 此次花费时间833
2017-04-05 17:09:00,853 [INFO] [thread-name: org.springframework.scheduling.quartz.SchedulerFactoryBean#0_Worker-8] com.wuzhi.action.WuzhiController.uploadUser(WuzhiController.java:185) - 增加人数0
2017-04-05 17:10:00,270 [INFO] [thread-name: org.springframework.scheduling.quartz.SchedulerFactoryBean#0_Worker-4] com.wuzhi.action.WuzhiController.uploadUser(WuzhiController.java:184) - 此次花费时间248
2017-04-05 17:10:00,271 [INFO] [thread-name: org.springframework.scheduling.quartz.SchedulerFactoryBean#0_Worker-4] com.wuzhi.action.WuzhiController.uploadUser(WuzhiController.java:185) - 增加人数1
2017-04-05 17:11:00,493 [INFO] [thread-name: org.springframework.scheduling.quartz.SchedulerFactoryBean#0_Worker-5] com.wuzhi.action.WuzhiController.uploadUser(WuzhiController.java:184) - 此次花费时间473
2017-04-05 17:11:00,494 [INFO] [thread-name: org.springframework.scheduling.quartz.SchedulerFactoryBean#0_Worker-5] com.wuzhi.action.WuzhiController.uploadUser(WuzhiController.java:185) - 增加人数0
2017-04-05 17:12:00,517 [INFO] [thread-name: org.springframework.scheduling.quartz.SchedulerFactoryBean#0_Worker-6] com.wuzhi.action.WuzhiController.uploadUser(WuzhiController.java:184) - 此次花费时间497
2017-04-05 17:12:00,518 [INFO] [thread-name: org.springframework.scheduling.quartz.SchedulerFactoryBean#0_Worker-6] com.wuzhi.action.WuzhiController.uploadUser(WuzhiController.java:185) - 增加人数0
2017-04-05 17:12:58,108 [INFO] [thread-name: org.springframework.scheduling.quartz.SchedulerFactoryBean#0_Worker-2] com.wuzhi.action.WuzhiController.addAllDownUser(WuzhiController.java:357) - 此次花费时间358082
2017-04-05 17:12:58,109 [INFO] [thread-name: org.springframework.scheduling.quartz.SchedulerFactoryBean#0_Worker-2] com.wuzhi.action.WuzhiController.addAllDownUser(WuzhiController.java:358) - 增加日志1
2017-04-05 17:13:00,572 [INFO] [thread-name: org.springframework.scheduling.quartz.SchedulerFactoryBean#0_Worker-10] com.wuzhi.action.WuzhiController.uploadUser(WuzhiController.java:184) - 此次花费时间556
2017-04-05 17:13:00,573 [INFO] [thread-name: org.springframework.scheduling.quartz.SchedulerFactoryBean#0_Worker-10] com.wuzhi.action.WuzhiController.uploadUser(WuzhiController.java:185) - 增加人数0
2017-04-05 17:14:00,277 [INFO] [thread-name: org.springframework.scheduling.quartz.SchedulerFactoryBean#0_Worker-7] com.wuzhi.action.WuzhiController.uploadUser(WuzhiController.java:184) - 此次花费时间259
2017-04-05 17:14:00,278 [INFO] [thread-name: org.springframework.scheduling.quartz.SchedulerFactoryBean#0_Worker-7] com.wuzhi.action.WuzhiController.uploadUser(WuzhiController.java:185) - 增加人数0
2017-04-05 17:15:00,178 [INFO] [thread-name: org.springframework.scheduling.quartz.SchedulerFactoryBean#0_Worker-9] com.wuzhi.action.WuzhiController.uploadUser(WuzhiController.java:184) - 此次花费时间163
2017-04-05 17:15:00,180 [INFO] [thread-name: org.springframework.scheduling.quartz.SchedulerFactoryBean#0_Worker-9] com.wuzhi.action.WuzhiController.uploadUser(WuzhiController.java:185) - 增加人数0
2017-04-05 17:16:00,692 [INFO] [thread-name: org.springframework.scheduling.quartz.SchedulerFactoryBean#0_Worker-1] com.wuzhi.action.WuzhiController.uploadUser(WuzhiController.java:184) - 此次花费时间673
2017-04-05 17:16:00,693 [INFO] [thread-name: org.springframework.scheduling.quartz.SchedulerFactoryBean#0_Worker-1] com.wuzhi.action.WuzhiController.uploadUser(WuzhiController.java:185) - 增加人数0
2017-04-05 17:17:03,993 [INFO] [thread-name: org.springframework.scheduling.quartz.SchedulerFactoryBean#0_Worker-3] com.wuzhi.action.WuzhiController.uploadUser(WuzhiController.java:184) - 此次花费时间3945
2017-04-05 17:17:03,994 [INFO] [thread-name: org.springframework.scheduling.quartz.SchedulerFactoryBean#0_Worker-3] com.wuzhi.action.WuzhiController.uploadUser(WuzhiController.java:185) - 增加人数0
2017-04-05 17:18:00,552 [INFO] [thread-name: org.springframework.scheduling.quartz.SchedulerFactoryBean#0_Worker-8] com.wuzhi.action.WuzhiController.uploadUser(WuzhiController.java:184) - 此次花费时间540
2017-04-05 17:18:00,553 [INFO] [thread-name: org.springframework.scheduling.quartz.SchedulerFactoryBean#0_Worker-8] com.wuzhi.action.WuzhiController.uploadUser(WuzhiController.java:185) - 增加人数0
2017-04-05 17:19:00,144 [INFO] [thread-name: org.springframework.scheduling.quartz.SchedulerFactoryBean#0_Worker-4] com.wuzhi.action.WuzhiController.uploadUser(WuzhiController.java:184) - 此次花费时间131
2017-04-05 17:19:00,146 [INFO] [thread-name: org.springframework.scheduling.quartz.SchedulerFactoryBean#0_Worker-4] com.wuzhi.action.WuzhiController.uploadUser(WuzhiController.java:185) - 增加人数0
2017-04-05 17:20:00,587 [INFO] [thread-name: org.springframework.scheduling.quartz.SchedulerFactoryBean#0_Worker-5] com.wuzhi.action.WuzhiController.uploadUser(WuzhiController.java:184) - 此次花费时间559
2017-04-05 17:20:00,588 [INFO] [thread-name: org.springframework.scheduling.quartz.SchedulerFactoryBean#0_Worker-5] com.wuzhi.action.WuzhiController.uploadUser(WuzhiController.java:185) - 增加人数0
2017-04-05 17:21:00,165 [INFO] [thread-name: org.springframework.scheduling.quartz.SchedulerFactoryBean#0_Worker-6] com.wuzhi.action.WuzhiController.uploadUser(WuzhiController.java:184) - 此次花费时间147
2017-04-05 17:21:00,166 [INFO] [thread-name: org.springframework.scheduling.quartz.SchedulerFactoryBean#0_Worker-6] com.wuzhi.action.WuzhiController.uploadUser(WuzhiController.java:185) - 增加人数0
2017-04-05 17:22:00,538 [INFO] [thread-name: org.springframework.scheduling.quartz.SchedulerFactoryBean#0_Worker-2] com.wuzhi.action.WuzhiController.uploadUser(WuzhiController.java:184) - 此次花费时间523
2017-04-05 17:22:00,539 [INFO] [thread-name: org.springframework.scheduling.quartz.SchedulerFactoryBean#0_Worker-2] com.wuzhi.action.WuzhiController.uploadUser(WuzhiController.java:185) - 增加人数0
2017-04-05 17:23:00,551 [INFO] [thread-name: org.springframework.scheduling.quartz.SchedulerFactoryBean#0_Worker-10] com.wuzhi.action.WuzhiController.uploadUser(WuzhiController.java:184) - 此次花费时间531
2017-04-05 17:23:00,552 [INFO] [thread-name: org.springframework.scheduling.quartz.SchedulerFactoryBean#0_Worker-10] com.wuzhi.action.WuzhiController.uploadUser(WuzhiController.java:185) - 增加人数0
2017-04-05 17:24:00,541 [INFO] [thread-name: org.springframework.scheduling.quartz.SchedulerFactoryBean#0_Worker-7] com.wuzhi.action.WuzhiController.uploadUser(WuzhiController.java:184) - 此次花费时间523
2017-04-05 17:24:00,542 [INFO] [thread-name: org.springframework.scheduling.quartz.SchedulerFactoryBean#0_Worker-7] com.wuzhi.action.WuzhiController.uploadUser(WuzhiController.java:185) - 增加人数0
2017-04-05 17:25:00,568 [INFO] [thread-name: org.springframework.scheduling.quartz.SchedulerFactoryBean#0_Worker-9] com.wuzhi.action.WuzhiController.uploadUser(WuzhiController.java:184) - 此次花费时间557
2017-04-05 17:25:00,569 [INFO] [thread-name: org.springframework.scheduling.quartz.SchedulerFactoryBean#0_Worker-9] com.wuzhi.action.WuzhiController.uploadUser(WuzhiController.java:185) - 增加人数0
2017-04-05 17:26:00,572 [INFO] [thread-name: org.springframework.scheduling.quartz.SchedulerFactoryBean#0_Worker-1] com.wuzhi.action.WuzhiController.uploadUser(WuzhiController.java:184) - 此次花费时间561
2017-04-05 17:26:00,573 [INFO] [thread-name: org.springframework.scheduling.quartz.SchedulerFactoryBean#0_Worker-1] com.wuzhi.action.WuzhiController.uploadUser(WuzhiController.java:185) - 增加人数0
2017-04-05 17:27:00,541 [INFO] [thread-name: org.springframework.scheduling.quartz.SchedulerFactoryBean#0_Worker-3] com.wuzhi.action.WuzhiController.uploadUser(WuzhiController.java:184) - 此次花费时间528
2017-04-05 17:27:00,542 [INFO] [thread-name: org.springframework.scheduling.quartz.SchedulerFactoryBean#0_Worker-3] com.wuzhi.action.WuzhiController.uploadUser(WuzhiController.java:185) - 增加人数0
2017-04-05 17:28:00,884 [INFO] [thread-name: org.springframework.scheduling.quartz.SchedulerFactoryBean#0_Worker-4] com.wuzhi.action.WuzhiController.uploadUser(WuzhiController.java:184) - 此次花费时间871
2017-04-05 17:28:00,886 [INFO] [thread-name: org.springframework.scheduling.quartz.SchedulerFactoryBean#0_Worker-4] com.wuzhi.action.WuzhiController.uploadUser(WuzhiController.java:185) - 增加人数0
2017-04-05 17:29:00,928 [INFO] [thread-name: org.springframework.scheduling.quartz.SchedulerFactoryBean#0_Worker-5] com.wuzhi.action.WuzhiController.uploadUser(WuzhiController.java:184) - 此次花费时间902
2017-04-05 17:29:00,929 [INFO] [thread-name: org.springframework.scheduling.quartz.SchedulerFactoryBean#0_Worker-5] com.wuzhi.action.WuzhiController.uploadUser(WuzhiController.java:185) - 增加人数0
2017-04-05 17:30:00,623 [INFO] [thread-name: org.springframework.scheduling.quartz.SchedulerFactoryBean#0_Worker-6] com.wuzhi.action.WuzhiController.uploadUser(WuzhiController.java:184) - 此次花费时间610
2017-04-05 17:30:00,625 [INFO] [thread-name: org.springframework.scheduling.quartz.SchedulerFactoryBean#0_Worker-6] com.wuzhi.action.WuzhiController.uploadUser(WuzhiController.java:185) - 增加人数0
2017-04-05 17:31:00,118 [INFO] [thread-name: org.springframework.scheduling.quartz.SchedulerFactoryBean#0_Worker-2] com.wuzhi.action.WuzhiController.uploadUser(WuzhiController.java:184) - 此次花费时间105
2017-04-05 17:31:00,119 [INFO] [thread-name: org.springframework.scheduling.quartz.SchedulerFactoryBean#0_Worker-2] com.wuzhi.action.WuzhiController.uploadUser(WuzhiController.java:185) - 增加人数0
2017-04-05 17:32:00,112 [INFO] [thread-name: org.springframework.scheduling.quartz.SchedulerFactoryBean#0_Worker-10] com.wuzhi.action.WuzhiController.uploadUser(WuzhiController.java:184) - 此次花费时间93
2017-04-05 17:32:00,113 [INFO] [thread-name: org.springframework.scheduling.quartz.SchedulerFactoryBean#0_Worker-10] com.wuzhi.action.WuzhiController.uploadUser(WuzhiController.java:185) - 增加人数0
