2017-03-24 09:07:03,120 [INFO] [thread-name: org.springframework.scheduling.quartz.SchedulerFactoryBean#0_Worker-1] com.wuzhi.action.WuzhiController.uploadUser(WuzhiController.java:180) - 此次花费时间3031
2017-03-24 09:07:03,236 [INFO] [thread-name: org.springframework.scheduling.quartz.SchedulerFactoryBean#0_Worker-1] com.wuzhi.action.WuzhiController.uploadUser(WuzhiController.java:181) - 增加人数9
2017-03-24 09:08:00,664 [INFO] [thread-name: org.springframework.scheduling.quartz.SchedulerFactoryBean#0_Worker-3] com.wuzhi.action.WuzhiController.uploadUser(WuzhiController.java:180) - 此次花费时间653
2017-03-24 09:08:00,668 [INFO] [thread-name: org.springframework.scheduling.quartz.SchedulerFactoryBean#0_Worker-3] com.wuzhi.action.WuzhiController.uploadUser(WuzhiController.java:181) - 增加人数1
2017-03-24 09:09:00,208 [INFO] [thread-name: org.springframework.scheduling.quartz.SchedulerFactoryBean#0_Worker-4] com.wuzhi.action.WuzhiController.uploadUser(WuzhiController.java:180) - 此次花费时间186
2017-03-24 09:09:00,208 [INFO] [thread-name: org.springframework.scheduling.quartz.SchedulerFactoryBean#0_Worker-4] com.wuzhi.action.WuzhiController.uploadUser(WuzhiController.java:181) - 增加人数0
2017-03-24 09:10:00,511 [INFO] [thread-name: org.springframework.scheduling.quartz.SchedulerFactoryBean#0_Worker-5] com.wuzhi.action.WuzhiController.uploadUser(WuzhiController.java:180) - 此次花费时间498
2017-03-24 09:10:00,512 [INFO] [thread-name: org.springframework.scheduling.quartz.SchedulerFactoryBean#0_Worker-5] com.wuzhi.action.WuzhiController.uploadUser(WuzhiController.java:181) - 增加人数0
2017-03-24 09:11:00,518 [INFO] [thread-name: org.springframework.scheduling.quartz.SchedulerFactoryBean#0_Worker-6] com.wuzhi.action.WuzhiController.uploadUser(WuzhiController.java:180) - 此次花费时间500
2017-03-24 09:11:00,519 [INFO] [thread-name: org.springframework.scheduling.quartz.SchedulerFactoryBean#0_Worker-6] com.wuzhi.action.WuzhiController.uploadUser(WuzhiController.java:181) - 增加人数0
2017-03-24 09:12:00,515 [INFO] [thread-name: org.springframework.scheduling.quartz.SchedulerFactoryBean#0_Worker-7] com.wuzhi.action.WuzhiController.uploadUser(WuzhiController.java:180) - 此次花费时间502
2017-03-24 09:12:00,515 [INFO] [thread-name: org.springframework.scheduling.quartz.SchedulerFactoryBean#0_Worker-7] com.wuzhi.action.WuzhiController.uploadUser(WuzhiController.java:181) - 增加人数0
2017-03-24 09:13:00,529 [INFO] [thread-name: org.springframework.scheduling.quartz.SchedulerFactoryBean#0_Worker-8] com.wuzhi.action.WuzhiController.uploadUser(WuzhiController.java:180) - 此次花费时间511
2017-03-24 09:13:00,530 [INFO] [thread-name: org.springframework.scheduling.quartz.SchedulerFactoryBean#0_Worker-8] com.wuzhi.action.WuzhiController.uploadUser(WuzhiController.java:181) - 增加人数0
2017-03-24 09:14:00,585 [INFO] [thread-name: org.springframework.scheduling.quartz.SchedulerFactoryBean#0_Worker-9] com.wuzhi.action.WuzhiController.uploadUser(WuzhiController.java:180) - 此次花费时间570
2017-03-24 09:14:00,586 [INFO] [thread-name: org.springframework.scheduling.quartz.SchedulerFactoryBean#0_Worker-9] com.wuzhi.action.WuzhiController.uploadUser(WuzhiController.java:181) - 增加人数0
2017-03-24 09:15:00,747 [INFO] [thread-name: org.springframework.scheduling.quartz.SchedulerFactoryBean#0_Worker-10] com.wuzhi.action.WuzhiController.uploadUser(WuzhiController.java:180) - 此次花费时间731
2017-03-24 09:15:00,747 [INFO] [thread-name: org.springframework.scheduling.quartz.SchedulerFactoryBean#0_Worker-10] com.wuzhi.action.WuzhiController.uploadUser(WuzhiController.java:181) - 增加人数0
2017-03-24 09:16:00,135 [INFO] [thread-name: org.springframework.scheduling.quartz.SchedulerFactoryBean#0_Worker-1] com.wuzhi.action.WuzhiController.uploadUser(WuzhiController.java:180) - 此次花费时间120
2017-03-24 09:16:00,135 [INFO] [thread-name: org.springframework.scheduling.quartz.SchedulerFactoryBean#0_Worker-1] com.wuzhi.action.WuzhiController.uploadUser(WuzhiController.java:181) - 增加人数0
2017-03-24 09:17:00,497 [INFO] [thread-name: org.springframework.scheduling.quartz.SchedulerFactoryBean#0_Worker-3] com.wuzhi.action.WuzhiController.uploadUser(WuzhiController.java:180) - 此次花费时间484
2017-03-24 09:17:00,498 [INFO] [thread-name: org.springframework.scheduling.quartz.SchedulerFactoryBean#0_Worker-3] com.wuzhi.action.WuzhiController.uploadUser(WuzhiController.java:181) - 增加人数0
2017-03-24 09:18:00,568 [INFO] [thread-name: org.springframework.scheduling.quartz.SchedulerFactoryBean#0_Worker-4] com.wuzhi.action.WuzhiController.uploadUser(WuzhiController.java:180) - 此次花费时间547
2017-03-24 09:18:00,568 [INFO] [thread-name: org.springframework.scheduling.quartz.SchedulerFactoryBean#0_Worker-4] com.wuzhi.action.WuzhiController.uploadUser(WuzhiController.java:181) - 增加人数0
2017-03-24 09:19:00,138 [INFO] [thread-name: org.springframework.scheduling.quartz.SchedulerFactoryBean#0_Worker-5] com.wuzhi.action.WuzhiController.uploadUser(WuzhiController.java:180) - 此次花费时间122
2017-03-24 09:19:00,138 [INFO] [thread-name: org.springframework.scheduling.quartz.SchedulerFactoryBean#0_Worker-5] com.wuzhi.action.WuzhiController.uploadUser(WuzhiController.java:181) - 增加人数0
2017-03-24 09:20:00,558 [INFO] [thread-name: org.springframework.scheduling.quartz.SchedulerFactoryBean#0_Worker-6] com.wuzhi.action.WuzhiController.uploadUser(WuzhiController.java:180) - 此次花费时间540
2017-03-24 09:20:00,558 [INFO] [thread-name: org.springframework.scheduling.quartz.SchedulerFactoryBean#0_Worker-6] com.wuzhi.action.WuzhiController.uploadUser(WuzhiController.java:181) - 增加人数0
2017-03-24 09:21:00,622 [INFO] [thread-name: org.springframework.scheduling.quartz.SchedulerFactoryBean#0_Worker-7] com.wuzhi.action.WuzhiController.uploadUser(WuzhiController.java:180) - 此次花费时间607
2017-03-24 09:21:00,622 [INFO] [thread-name: org.springframework.scheduling.quartz.SchedulerFactoryBean#0_Worker-7] com.wuzhi.action.WuzhiController.uploadUser(WuzhiController.java:181) - 增加人数0
2017-03-24 09:22:00,557 [INFO] [thread-name: org.springframework.scheduling.quartz.SchedulerFactoryBean#0_Worker-8] com.wuzhi.action.WuzhiController.uploadUser(WuzhiController.java:180) - 此次花费时间537
2017-03-24 09:22:00,557 [INFO] [thread-name: org.springframework.scheduling.quartz.SchedulerFactoryBean#0_Worker-8] com.wuzhi.action.WuzhiController.uploadUser(WuzhiController.java:181) - 增加人数0
2017-03-24 09:23:00,531 [INFO] [thread-name: org.springframework.scheduling.quartz.SchedulerFactoryBean#0_Worker-9] com.wuzhi.action.WuzhiController.uploadUser(WuzhiController.java:180) - 此次花费时间507
2017-03-24 09:23:00,531 [INFO] [thread-name: org.springframework.scheduling.quartz.SchedulerFactoryBean#0_Worker-9] com.wuzhi.action.WuzhiController.uploadUser(WuzhiController.java:181) - 增加人数0
2017-03-24 09:24:00,526 [INFO] [thread-name: org.springframework.scheduling.quartz.SchedulerFactoryBean#0_Worker-10] com.wuzhi.action.WuzhiController.uploadUser(WuzhiController.java:180) - 此次花费时间505
2017-03-24 09:24:00,527 [INFO] [thread-name: org.springframework.scheduling.quartz.SchedulerFactoryBean#0_Worker-10] com.wuzhi.action.WuzhiController.uploadUser(WuzhiController.java:181) - 增加人数0
2017-03-24 09:25:00,142 [INFO] [thread-name: org.springframework.scheduling.quartz.SchedulerFactoryBean#0_Worker-1] com.wuzhi.action.WuzhiController.uploadUser(WuzhiController.java:180) - 此次花费时间130
2017-03-24 09:25:00,143 [INFO] [thread-name: org.springframework.scheduling.quartz.SchedulerFactoryBean#0_Worker-1] com.wuzhi.action.WuzhiController.uploadUser(WuzhiController.java:181) - 增加人数0
2017-03-24 09:26:00,568 [INFO] [thread-name: org.springframework.scheduling.quartz.SchedulerFactoryBean#0_Worker-3] com.wuzhi.action.WuzhiController.uploadUser(WuzhiController.java:180) - 此次花费时间554
2017-03-24 09:26:00,569 [INFO] [thread-name: org.springframework.scheduling.quartz.SchedulerFactoryBean#0_Worker-3] com.wuzhi.action.WuzhiController.uploadUser(WuzhiController.java:181) - 增加人数0
2017-03-24 09:27:00,550 [INFO] [thread-name: org.springframework.scheduling.quartz.SchedulerFactoryBean#0_Worker-4] com.wuzhi.action.WuzhiController.uploadUser(WuzhiController.java:180) - 此次花费时间534
2017-03-24 09:27:00,551 [INFO] [thread-name: org.springframework.scheduling.quartz.SchedulerFactoryBean#0_Worker-4] com.wuzhi.action.WuzhiController.uploadUser(WuzhiController.java:181) - 增加人数0
2017-03-24 09:28:00,117 [INFO] [thread-name: org.springframework.scheduling.quartz.SchedulerFactoryBean#0_Worker-5] com.wuzhi.action.WuzhiController.uploadUser(WuzhiController.java:180) - 此次花费时间103
2017-03-24 09:28:00,119 [INFO] [thread-name: org.springframework.scheduling.quartz.SchedulerFactoryBean#0_Worker-5] com.wuzhi.action.WuzhiController.uploadUser(WuzhiController.java:181) - 增加人数0
2017-03-24 09:29:03,149 [INFO] [thread-name: org.springframework.scheduling.quartz.SchedulerFactoryBean#0_Worker-6] com.wuzhi.action.WuzhiController.uploadUser(WuzhiController.java:180) - 此次花费时间3135
2017-03-24 09:29:03,149 [INFO] [thread-name: org.springframework.scheduling.quartz.SchedulerFactoryBean#0_Worker-6] com.wuzhi.action.WuzhiController.uploadUser(WuzhiController.java:181) - 增加人数0
2017-03-24 09:30:00,107 [INFO] [thread-name: org.springframework.scheduling.quartz.SchedulerFactoryBean#0_Worker-7] com.wuzhi.action.WuzhiController.uploadUser(WuzhiController.java:180) - 此次花费时间93
2017-03-24 09:30:00,108 [INFO] [thread-name: org.springframework.scheduling.quartz.SchedulerFactoryBean#0_Worker-7] com.wuzhi.action.WuzhiController.uploadUser(WuzhiController.java:181) - 增加人数0
2017-03-24 09:31:00,511 [INFO] [thread-name: org.springframework.scheduling.quartz.SchedulerFactoryBean#0_Worker-8] com.wuzhi.action.WuzhiController.uploadUser(WuzhiController.java:180) - 此次花费时间492
2017-03-24 09:31:00,511 [INFO] [thread-name: org.springframework.scheduling.quartz.SchedulerFactoryBean#0_Worker-8] com.wuzhi.action.WuzhiController.uploadUser(WuzhiController.java:181) - 增加人数0
2017-03-24 09:32:00,547 [INFO] [thread-name: org.springframework.scheduling.quartz.SchedulerFactoryBean#0_Worker-9] com.wuzhi.action.WuzhiController.uploadUser(WuzhiController.java:180) - 此次花费时间527
2017-03-24 09:32:00,548 [INFO] [thread-name: org.springframework.scheduling.quartz.SchedulerFactoryBean#0_Worker-9] com.wuzhi.action.WuzhiController.uploadUser(WuzhiController.java:181) - 增加人数0
2017-03-24 09:33:03,651 [INFO] [thread-name: org.springframework.scheduling.quartz.SchedulerFactoryBean#0_Worker-10] com.wuzhi.action.WuzhiController.uploadUser(WuzhiController.java:180) - 此次花费时间3638
2017-03-24 09:33:03,652 [INFO] [thread-name: org.springframework.scheduling.quartz.SchedulerFactoryBean#0_Worker-10] com.wuzhi.action.WuzhiController.uploadUser(WuzhiController.java:181) - 增加人数0
2017-03-24 09:34:00,677 [INFO] [thread-name: org.springframework.scheduling.quartz.SchedulerFactoryBean#0_Worker-1] com.wuzhi.action.WuzhiController.uploadUser(WuzhiController.java:180) - 此次花费时间660
2017-03-24 09:34:00,677 [INFO] [thread-name: org.springframework.scheduling.quartz.SchedulerFactoryBean#0_Worker-1] com.wuzhi.action.WuzhiController.uploadUser(WuzhiController.java:181) - 增加人数0
2017-03-24 09:35:00,496 [INFO] [thread-name: org.springframework.scheduling.quartz.SchedulerFactoryBean#0_Worker-3] com.wuzhi.action.WuzhiController.uploadUser(WuzhiController.java:180) - 此次花费时间481
2017-03-24 09:35:00,496 [INFO] [thread-name: org.springframework.scheduling.quartz.SchedulerFactoryBean#0_Worker-3] com.wuzhi.action.WuzhiController.uploadUser(WuzhiController.java:181) - 增加人数0
2017-03-24 09:36:00,132 [INFO] [thread-name: org.springframework.scheduling.quartz.SchedulerFactoryBean#0_Worker-4] com.wuzhi.action.WuzhiController.uploadUser(WuzhiController.java:180) - 此次花费时间116
2017-03-24 09:36:00,132 [INFO] [thread-name: org.springframework.scheduling.quartz.SchedulerFactoryBean#0_Worker-4] com.wuzhi.action.WuzhiController.uploadUser(WuzhiController.java:181) - 增加人数0
2017-03-24 09:37:00,130 [INFO] [thread-name: org.springframework.scheduling.quartz.SchedulerFactoryBean#0_Worker-5] com.wuzhi.action.WuzhiController.uploadUser(WuzhiController.java:180) - 此次花费时间109
2017-03-24 09:37:00,131 [INFO] [thread-name: org.springframework.scheduling.quartz.SchedulerFactoryBean#0_Worker-5] com.wuzhi.action.WuzhiController.uploadUser(WuzhiController.java:181) - 增加人数0
2017-03-24 09:38:00,150 [INFO] [thread-name: org.springframework.scheduling.quartz.SchedulerFactoryBean#0_Worker-6] com.wuzhi.action.WuzhiController.uploadUser(WuzhiController.java:180) - 此次花费时间130
2017-03-24 09:38:00,151 [INFO] [thread-name: org.springframework.scheduling.quartz.SchedulerFactoryBean#0_Worker-6] com.wuzhi.action.WuzhiController.uploadUser(WuzhiController.java:181) - 增加人数0
2017-03-24 09:39:00,650 [INFO] [thread-name: org.springframework.scheduling.quartz.SchedulerFactoryBean#0_Worker-7] com.wuzhi.action.WuzhiController.uploadUser(WuzhiController.java:180) - 此次花费时间633
2017-03-24 09:39:00,650 [INFO] [thread-name: org.springframework.scheduling.quartz.SchedulerFactoryBean#0_Worker-7] com.wuzhi.action.WuzhiController.uploadUser(WuzhiController.java:181) - 增加人数0
2017-03-24 09:40:00,518 [INFO] [thread-name: org.springframework.scheduling.quartz.SchedulerFactoryBean#0_Worker-8] com.wuzhi.action.WuzhiController.uploadUser(WuzhiController.java:180) - 此次花费时间500
2017-03-24 09:40:00,519 [INFO] [thread-name: org.springframework.scheduling.quartz.SchedulerFactoryBean#0_Worker-8] com.wuzhi.action.WuzhiController.uploadUser(WuzhiController.java:181) - 增加人数0
2017-03-24 09:41:00,471 [INFO] [thread-name: org.springframework.scheduling.quartz.SchedulerFactoryBean#0_Worker-9] com.wuzhi.action.WuzhiController.uploadUser(WuzhiController.java:180) - 此次花费时间459
2017-03-24 09:41:00,471 [INFO] [thread-name: org.springframework.scheduling.quartz.SchedulerFactoryBean#0_Worker-9] com.wuzhi.action.WuzhiController.uploadUser(WuzhiController.java:181) - 增加人数0
2017-03-24 09:42:00,147 [INFO] [thread-name: org.springframework.scheduling.quartz.SchedulerFactoryBean#0_Worker-10] com.wuzhi.action.WuzhiController.uploadUser(WuzhiController.java:180) - 此次花费时间125
2017-03-24 09:42:00,148 [INFO] [thread-name: org.springframework.scheduling.quartz.SchedulerFactoryBean#0_Worker-10] com.wuzhi.action.WuzhiController.uploadUser(WuzhiController.java:181) - 增加人数0
2017-03-24 09:43:00,522 [INFO] [thread-name: org.springframework.scheduling.quartz.SchedulerFactoryBean#0_Worker-1] com.wuzhi.action.WuzhiController.uploadUser(WuzhiController.java:180) - 此次花费时间507
2017-03-24 09:43:00,523 [INFO] [thread-name: org.springframework.scheduling.quartz.SchedulerFactoryBean#0_Worker-1] com.wuzhi.action.WuzhiController.uploadUser(WuzhiController.java:181) - 增加人数0
2017-03-24 09:44:00,506 [INFO] [thread-name: org.springframework.scheduling.quartz.SchedulerFactoryBean#0_Worker-3] com.wuzhi.action.WuzhiController.uploadUser(WuzhiController.java:180) - 此次花费时间488
2017-03-24 09:44:00,506 [INFO] [thread-name: org.springframework.scheduling.quartz.SchedulerFactoryBean#0_Worker-3] com.wuzhi.action.WuzhiController.uploadUser(WuzhiController.java:181) - 增加人数0
2017-03-24 09:45:00,254 [INFO] [thread-name: org.springframework.scheduling.quartz.SchedulerFactoryBean#0_Worker-4] com.wuzhi.action.WuzhiController.uploadUser(WuzhiController.java:180) - 此次花费时间234
2017-03-24 09:45:00,255 [INFO] [thread-name: org.springframework.scheduling.quartz.SchedulerFactoryBean#0_Worker-4] com.wuzhi.action.WuzhiController.uploadUser(WuzhiController.java:181) - 增加人数0
2017-03-24 09:46:00,791 [INFO] [thread-name: org.springframework.scheduling.quartz.SchedulerFactoryBean#0_Worker-5] com.wuzhi.action.WuzhiController.uploadUser(WuzhiController.java:180) - 此次花费时间773
2017-03-24 09:46:00,792 [INFO] [thread-name: org.springframework.scheduling.quartz.SchedulerFactoryBean#0_Worker-5] com.wuzhi.action.WuzhiController.uploadUser(WuzhiController.java:181) - 增加人数1
2017-03-24 09:47:03,524 [INFO] [thread-name: org.springframework.scheduling.quartz.SchedulerFactoryBean#0_Worker-6] com.wuzhi.action.WuzhiController.uploadUser(WuzhiController.java:180) - 此次花费时间3507
2017-03-24 09:47:03,525 [INFO] [thread-name: org.springframework.scheduling.quartz.SchedulerFactoryBean#0_Worker-6] com.wuzhi.action.WuzhiController.uploadUser(WuzhiController.java:181) - 增加人数0
2017-03-24 09:48:00,503 [INFO] [thread-name: org.springframework.scheduling.quartz.SchedulerFactoryBean#0_Worker-7] com.wuzhi.action.WuzhiController.uploadUser(WuzhiController.java:180) - 此次花费时间484
2017-03-24 09:48:00,504 [INFO] [thread-name: org.springframework.scheduling.quartz.SchedulerFactoryBean#0_Worker-7] com.wuzhi.action.WuzhiController.uploadUser(WuzhiController.java:181) - 增加人数0
2017-03-24 09:49:00,700 [INFO] [thread-name: org.springframework.scheduling.quartz.SchedulerFactoryBean#0_Worker-8] com.wuzhi.action.WuzhiController.uploadUser(WuzhiController.java:180) - 此次花费时间682
2017-03-24 09:49:00,700 [INFO] [thread-name: org.springframework.scheduling.quartz.SchedulerFactoryBean#0_Worker-8] com.wuzhi.action.WuzhiController.uploadUser(WuzhiController.java:181) - 增加人数1
2017-03-24 09:50:00,531 [INFO] [thread-name: org.springframework.scheduling.quartz.SchedulerFactoryBean#0_Worker-9] com.wuzhi.action.WuzhiController.uploadUser(WuzhiController.java:180) - 此次花费时间517
2017-03-24 09:50:00,532 [INFO] [thread-name: org.springframework.scheduling.quartz.SchedulerFactoryBean#0_Worker-9] com.wuzhi.action.WuzhiController.uploadUser(WuzhiController.java:181) - 增加人数0
2017-03-24 09:51:00,485 [INFO] [thread-name: org.springframework.scheduling.quartz.SchedulerFactoryBean#0_Worker-10] com.wuzhi.action.WuzhiController.uploadUser(WuzhiController.java:180) - 此次花费时间475
2017-03-24 09:51:00,485 [INFO] [thread-name: org.springframework.scheduling.quartz.SchedulerFactoryBean#0_Worker-10] com.wuzhi.action.WuzhiController.uploadUser(WuzhiController.java:181) - 增加人数0
2017-03-24 09:52:00,571 [INFO] [thread-name: org.springframework.scheduling.quartz.SchedulerFactoryBean#0_Worker-1] com.wuzhi.action.WuzhiController.uploadUser(WuzhiController.java:180) - 此次花费时间552
2017-03-24 09:52:00,572 [INFO] [thread-name: org.springframework.scheduling.quartz.SchedulerFactoryBean#0_Worker-1] com.wuzhi.action.WuzhiController.uploadUser(WuzhiController.java:181) - 增加人数0
2017-03-24 09:53:00,550 [INFO] [thread-name: org.springframework.scheduling.quartz.SchedulerFactoryBean#0_Worker-3] com.wuzhi.action.WuzhiController.uploadUser(WuzhiController.java:180) - 此次花费时间535
2017-03-24 09:53:00,551 [INFO] [thread-name: org.springframework.scheduling.quartz.SchedulerFactoryBean#0_Worker-3] com.wuzhi.action.WuzhiController.uploadUser(WuzhiController.java:181) - 增加人数0
2017-03-24 09:54:00,530 [INFO] [thread-name: org.springframework.scheduling.quartz.SchedulerFactoryBean#0_Worker-4] com.wuzhi.action.WuzhiController.uploadUser(WuzhiController.java:180) - 此次花费时间513
2017-03-24 09:54:00,530 [INFO] [thread-name: org.springframework.scheduling.quartz.SchedulerFactoryBean#0_Worker-4] com.wuzhi.action.WuzhiController.uploadUser(WuzhiController.java:181) - 增加人数0
2017-03-24 09:55:00,493 [INFO] [thread-name: org.springframework.scheduling.quartz.SchedulerFactoryBean#0_Worker-5] com.wuzhi.action.WuzhiController.uploadUser(WuzhiController.java:180) - 此次花费时间480
2017-03-24 09:55:00,494 [INFO] [thread-name: org.springframework.scheduling.quartz.SchedulerFactoryBean#0_Worker-5] com.wuzhi.action.WuzhiController.uploadUser(WuzhiController.java:181) - 增加人数0
2017-03-24 09:56:00,126 [INFO] [thread-name: org.springframework.scheduling.quartz.SchedulerFactoryBean#0_Worker-6] com.wuzhi.action.WuzhiController.uploadUser(WuzhiController.java:180) - 此次花费时间106
2017-03-24 09:56:00,126 [INFO] [thread-name: org.springframework.scheduling.quartz.SchedulerFactoryBean#0_Worker-6] com.wuzhi.action.WuzhiController.uploadUser(WuzhiController.java:181) - 增加人数0
2017-03-24 09:57:00,540 [INFO] [thread-name: org.springframework.scheduling.quartz.SchedulerFactoryBean#0_Worker-7] com.wuzhi.action.WuzhiController.uploadUser(WuzhiController.java:180) - 此次花费时间522
2017-03-24 09:57:00,541 [INFO] [thread-name: org.springframework.scheduling.quartz.SchedulerFactoryBean#0_Worker-7] com.wuzhi.action.WuzhiController.uploadUser(WuzhiController.java:181) - 增加人数0
2017-03-24 09:58:00,552 [INFO] [thread-name: org.springframework.scheduling.quartz.SchedulerFactoryBean#0_Worker-8] com.wuzhi.action.WuzhiController.uploadUser(WuzhiController.java:180) - 此次花费时间532
2017-03-24 09:58:00,552 [INFO] [thread-name: org.springframework.scheduling.quartz.SchedulerFactoryBean#0_Worker-8] com.wuzhi.action.WuzhiController.uploadUser(WuzhiController.java:181) - 增加人数0
2017-03-24 09:59:00,502 [INFO] [thread-name: org.springframework.scheduling.quartz.SchedulerFactoryBean#0_Worker-9] com.wuzhi.action.WuzhiController.uploadUser(WuzhiController.java:180) - 此次花费时间491
2017-03-24 09:59:00,503 [INFO] [thread-name: org.springframework.scheduling.quartz.SchedulerFactoryBean#0_Worker-9] com.wuzhi.action.WuzhiController.uploadUser(WuzhiController.java:181) - 增加人数0
2017-03-24 10:00:00,470 [INFO] [thread-name: org.springframework.scheduling.quartz.SchedulerFactoryBean#0_Worker-10] com.wuzhi.action.WuzhiController.uploadUser(WuzhiController.java:180) - 此次花费时间457
2017-03-24 10:00:00,470 [INFO] [thread-name: org.springframework.scheduling.quartz.SchedulerFactoryBean#0_Worker-10] com.wuzhi.action.WuzhiController.uploadUser(WuzhiController.java:181) - 增加人数0
2017-03-24 10:01:00,478 [INFO] [thread-name: org.springframework.scheduling.quartz.SchedulerFactoryBean#0_Worker-1] com.wuzhi.action.WuzhiController.uploadUser(WuzhiController.java:180) - 此次花费时间465
2017-03-24 10:01:00,479 [INFO] [thread-name: org.springframework.scheduling.quartz.SchedulerFactoryBean#0_Worker-1] com.wuzhi.action.WuzhiController.uploadUser(WuzhiController.java:181) - 增加人数0
2017-03-24 10:02:00,532 [INFO] [thread-name: org.springframework.scheduling.quartz.SchedulerFactoryBean#0_Worker-3] com.wuzhi.action.WuzhiController.uploadUser(WuzhiController.java:180) - 此次花费时间518
2017-03-24 10:02:00,532 [INFO] [thread-name: org.springframework.scheduling.quartz.SchedulerFactoryBean#0_Worker-3] com.wuzhi.action.WuzhiController.uploadUser(WuzhiController.java:181) - 增加人数0
2017-03-24 10:03:00,506 [INFO] [thread-name: org.springframework.scheduling.quartz.SchedulerFactoryBean#0_Worker-4] com.wuzhi.action.WuzhiController.uploadUser(WuzhiController.java:180) - 此次花费时间494
2017-03-24 10:03:00,507 [INFO] [thread-name: org.springframework.scheduling.quartz.SchedulerFactoryBean#0_Worker-4] com.wuzhi.action.WuzhiController.uploadUser(WuzhiController.java:181) - 增加人数0
2017-03-24 10:04:00,644 [INFO] [thread-name: org.springframework.scheduling.quartz.SchedulerFactoryBean#0_Worker-5] com.wuzhi.action.WuzhiController.uploadUser(WuzhiController.java:180) - 此次花费时间629
2017-03-24 10:04:00,645 [INFO] [thread-name: org.springframework.scheduling.quartz.SchedulerFactoryBean#0_Worker-5] com.wuzhi.action.WuzhiController.uploadUser(WuzhiController.java:181) - 增加人数1
2017-03-24 10:05:00,120 [INFO] [thread-name: org.springframework.scheduling.quartz.SchedulerFactoryBean#0_Worker-6] com.wuzhi.action.WuzhiController.uploadUser(WuzhiController.java:180) - 此次花费时间107
2017-03-24 10:05:00,120 [INFO] [thread-name: org.springframework.scheduling.quartz.SchedulerFactoryBean#0_Worker-6] com.wuzhi.action.WuzhiController.uploadUser(WuzhiController.java:181) - 增加人数0
2017-03-24 10:06:00,488 [INFO] [thread-name: org.springframework.scheduling.quartz.SchedulerFactoryBean#0_Worker-7] com.wuzhi.action.WuzhiController.uploadUser(WuzhiController.java:180) - 此次花费时间472
2017-03-24 10:06:00,489 [INFO] [thread-name: org.springframework.scheduling.quartz.SchedulerFactoryBean#0_Worker-7] com.wuzhi.action.WuzhiController.uploadUser(WuzhiController.java:181) - 增加人数0
2017-03-24 10:07:00,103 [INFO] [thread-name: org.springframework.scheduling.quartz.SchedulerFactoryBean#0_Worker-8] com.wuzhi.action.WuzhiController.uploadUser(WuzhiController.java:180) - 此次花费时间90
2017-03-24 10:07:00,103 [INFO] [thread-name: org.springframework.scheduling.quartz.SchedulerFactoryBean#0_Worker-8] com.wuzhi.action.WuzhiController.uploadUser(WuzhiController.java:181) - 增加人数0
2017-03-24 10:08:00,500 [INFO] [thread-name: org.springframework.scheduling.quartz.SchedulerFactoryBean#0_Worker-9] com.wuzhi.action.WuzhiController.uploadUser(WuzhiController.java:180) - 此次花费时间483
2017-03-24 10:08:00,500 [INFO] [thread-name: org.springframework.scheduling.quartz.SchedulerFactoryBean#0_Worker-9] com.wuzhi.action.WuzhiController.uploadUser(WuzhiController.java:181) - 增加人数0
2017-03-24 10:09:00,499 [INFO] [thread-name: org.springframework.scheduling.quartz.SchedulerFactoryBean#0_Worker-10] com.wuzhi.action.WuzhiController.uploadUser(WuzhiController.java:180) - 此次花费时间488
2017-03-24 10:09:00,499 [INFO] [thread-name: org.springframework.scheduling.quartz.SchedulerFactoryBean#0_Worker-10] com.wuzhi.action.WuzhiController.uploadUser(WuzhiController.java:181) - 增加人数0
2017-03-24 10:10:00,571 [INFO] [thread-name: org.springframework.scheduling.quartz.SchedulerFactoryBean#0_Worker-1] com.wuzhi.action.WuzhiController.uploadUser(WuzhiController.java:180) - 此次花费时间553
2017-03-24 10:10:00,573 [INFO] [thread-name: org.springframework.scheduling.quartz.SchedulerFactoryBean#0_Worker-1] com.wuzhi.action.WuzhiController.uploadUser(WuzhiController.java:181) - 增加人数0
2017-03-24 10:11:00,479 [INFO] [thread-name: org.springframework.scheduling.quartz.SchedulerFactoryBean#0_Worker-3] com.wuzhi.action.WuzhiController.uploadUser(WuzhiController.java:180) - 此次花费时间467
2017-03-24 10:11:00,480 [INFO] [thread-name: org.springframework.scheduling.quartz.SchedulerFactoryBean#0_Worker-3] com.wuzhi.action.WuzhiController.uploadUser(WuzhiController.java:181) - 增加人数0
2017-03-24 10:12:00,115 [INFO] [thread-name: org.springframework.scheduling.quartz.SchedulerFactoryBean#0_Worker-4] com.wuzhi.action.WuzhiController.uploadUser(WuzhiController.java:180) - 此次花费时间94
2017-03-24 10:12:00,130 [INFO] [thread-name: org.springframework.scheduling.quartz.SchedulerFactoryBean#0_Worker-4] com.wuzhi.action.WuzhiController.uploadUser(WuzhiController.java:181) - 增加人数0
2017-03-24 10:13:00,560 [INFO] [thread-name: org.springframework.scheduling.quartz.SchedulerFactoryBean#0_Worker-5] com.wuzhi.action.WuzhiController.uploadUser(WuzhiController.java:180) - 此次花费时间536
2017-03-24 10:13:00,560 [INFO] [thread-name: org.springframework.scheduling.quartz.SchedulerFactoryBean#0_Worker-5] com.wuzhi.action.WuzhiController.uploadUser(WuzhiController.java:181) - 增加人数0
2017-03-24 10:14:00,489 [INFO] [thread-name: org.springframework.scheduling.quartz.SchedulerFactoryBean#0_Worker-6] com.wuzhi.action.WuzhiController.uploadUser(WuzhiController.java:180) - 此次花费时间470
2017-03-24 10:14:00,489 [INFO] [thread-name: org.springframework.scheduling.quartz.SchedulerFactoryBean#0_Worker-6] com.wuzhi.action.WuzhiController.uploadUser(WuzhiController.java:181) - 增加人数0
2017-03-24 10:15:00,498 [INFO] [thread-name: org.springframework.scheduling.quartz.SchedulerFactoryBean#0_Worker-7] com.wuzhi.action.WuzhiController.uploadUser(WuzhiController.java:180) - 此次花费时间486
2017-03-24 10:15:00,498 [INFO] [thread-name: org.springframework.scheduling.quartz.SchedulerFactoryBean#0_Worker-7] com.wuzhi.action.WuzhiController.uploadUser(WuzhiController.java:181) - 增加人数0
2017-03-24 10:16:00,506 [INFO] [thread-name: org.springframework.scheduling.quartz.SchedulerFactoryBean#0_Worker-8] com.wuzhi.action.WuzhiController.uploadUser(WuzhiController.java:180) - 此次花费时间485
2017-03-24 10:16:00,506 [INFO] [thread-name: org.springframework.scheduling.quartz.SchedulerFactoryBean#0_Worker-8] com.wuzhi.action.WuzhiController.uploadUser(WuzhiController.java:181) - 增加人数0
2017-03-24 10:17:00,497 [INFO] [thread-name: org.springframework.scheduling.quartz.SchedulerFactoryBean#0_Worker-9] com.wuzhi.action.WuzhiController.uploadUser(WuzhiController.java:180) - 此次花费时间486
2017-03-24 10:17:00,497 [INFO] [thread-name: org.springframework.scheduling.quartz.SchedulerFactoryBean#0_Worker-9] com.wuzhi.action.WuzhiController.uploadUser(WuzhiController.java:181) - 增加人数0
2017-03-24 10:18:00,536 [INFO] [thread-name: org.springframework.scheduling.quartz.SchedulerFactoryBean#0_Worker-10] com.wuzhi.action.WuzhiController.uploadUser(WuzhiController.java:180) - 此次花费时间521
2017-03-24 10:18:00,536 [INFO] [thread-name: org.springframework.scheduling.quartz.SchedulerFactoryBean#0_Worker-10] com.wuzhi.action.WuzhiController.uploadUser(WuzhiController.java:181) - 增加人数0
2017-03-24 10:19:03,121 [INFO] [thread-name: org.springframework.scheduling.quartz.SchedulerFactoryBean#0_Worker-1] com.wuzhi.action.WuzhiController.uploadUser(WuzhiController.java:180) - 此次花费时间3107
2017-03-24 10:19:03,136 [INFO] [thread-name: org.springframework.scheduling.quartz.SchedulerFactoryBean#0_Worker-1] com.wuzhi.action.WuzhiController.uploadUser(WuzhiController.java:181) - 增加人数0
2017-03-24 10:20:00,534 [INFO] [thread-name: org.springframework.scheduling.quartz.SchedulerFactoryBean#0_Worker-3] com.wuzhi.action.WuzhiController.uploadUser(WuzhiController.java:180) - 此次花费时间512
2017-03-24 10:20:00,535 [INFO] [thread-name: org.springframework.scheduling.quartz.SchedulerFactoryBean#0_Worker-3] com.wuzhi.action.WuzhiController.uploadUser(WuzhiController.java:181) - 增加人数0
2017-03-24 10:21:00,533 [INFO] [thread-name: org.springframework.scheduling.quartz.SchedulerFactoryBean#0_Worker-4] com.wuzhi.action.WuzhiController.uploadUser(WuzhiController.java:180) - 此次花费时间512
2017-03-24 10:21:00,533 [INFO] [thread-name: org.springframework.scheduling.quartz.SchedulerFactoryBean#0_Worker-4] com.wuzhi.action.WuzhiController.uploadUser(WuzhiController.java:181) - 增加人数0
2017-03-24 10:22:00,107 [INFO] [thread-name: org.springframework.scheduling.quartz.SchedulerFactoryBean#0_Worker-5] com.wuzhi.action.WuzhiController.uploadUser(WuzhiController.java:180) - 此次花费时间87
2017-03-24 10:22:00,107 [INFO] [thread-name: org.springframework.scheduling.quartz.SchedulerFactoryBean#0_Worker-5] com.wuzhi.action.WuzhiController.uploadUser(WuzhiController.java:181) - 增加人数0
2017-03-24 10:23:00,132 [INFO] [thread-name: org.springframework.scheduling.quartz.SchedulerFactoryBean#0_Worker-6] com.wuzhi.action.WuzhiController.uploadUser(WuzhiController.java:180) - 此次花费时间112
2017-03-24 10:23:00,132 [INFO] [thread-name: org.springframework.scheduling.quartz.SchedulerFactoryBean#0_Worker-6] com.wuzhi.action.WuzhiController.uploadUser(WuzhiController.java:181) - 增加人数0
2017-03-24 10:24:00,487 [INFO] [thread-name: org.springframework.scheduling.quartz.SchedulerFactoryBean#0_Worker-7] com.wuzhi.action.WuzhiController.uploadUser(WuzhiController.java:180) - 此次花费时间470
2017-03-24 10:24:00,487 [INFO] [thread-name: org.springframework.scheduling.quartz.SchedulerFactoryBean#0_Worker-7] com.wuzhi.action.WuzhiController.uploadUser(WuzhiController.java:181) - 增加人数0
2017-03-24 10:25:00,144 [INFO] [thread-name: org.springframework.scheduling.quartz.SchedulerFactoryBean#0_Worker-8] com.wuzhi.action.WuzhiController.uploadUser(WuzhiController.java:180) - 此次花费时间126
2017-03-24 10:25:00,144 [INFO] [thread-name: org.springframework.scheduling.quartz.SchedulerFactoryBean#0_Worker-8] com.wuzhi.action.WuzhiController.uploadUser(WuzhiController.java:181) - 增加人数0
2017-03-24 10:26:00,467 [INFO] [thread-name: org.springframework.scheduling.quartz.SchedulerFactoryBean#0_Worker-9] com.wuzhi.action.WuzhiController.uploadUser(WuzhiController.java:180) - 此次花费时间453
2017-03-24 10:26:00,467 [INFO] [thread-name: org.springframework.scheduling.quartz.SchedulerFactoryBean#0_Worker-9] com.wuzhi.action.WuzhiController.uploadUser(WuzhiController.java:181) - 增加人数0
2017-03-24 10:27:00,488 [INFO] [thread-name: org.springframework.scheduling.quartz.SchedulerFactoryBean#0_Worker-10] com.wuzhi.action.WuzhiController.uploadUser(WuzhiController.java:180) - 此次花费时间468
2017-03-24 10:27:00,488 [INFO] [thread-name: org.springframework.scheduling.quartz.SchedulerFactoryBean#0_Worker-10] com.wuzhi.action.WuzhiController.uploadUser(WuzhiController.java:181) - 增加人数0
2017-03-24 10:28:00,470 [INFO] [thread-name: org.springframework.scheduling.quartz.SchedulerFactoryBean#0_Worker-1] com.wuzhi.action.WuzhiController.uploadUser(WuzhiController.java:180) - 此次花费时间452
2017-03-24 10:28:00,470 [INFO] [thread-name: org.springframework.scheduling.quartz.SchedulerFactoryBean#0_Worker-1] com.wuzhi.action.WuzhiController.uploadUser(WuzhiController.java:181) - 增加人数0
2017-03-24 10:29:00,560 [INFO] [thread-name: org.springframework.scheduling.quartz.SchedulerFactoryBean#0_Worker-3] com.wuzhi.action.WuzhiController.uploadUser(WuzhiController.java:180) - 此次花费时间535
2017-03-24 10:29:00,560 [INFO] [thread-name: org.springframework.scheduling.quartz.SchedulerFactoryBean#0_Worker-3] com.wuzhi.action.WuzhiController.uploadUser(WuzhiController.java:181) - 增加人数0
2017-03-24 10:30:00,492 [INFO] [thread-name: org.springframework.scheduling.quartz.SchedulerFactoryBean#0_Worker-4] com.wuzhi.action.WuzhiController.uploadUser(WuzhiController.java:180) - 此次花费时间475
2017-03-24 10:30:00,492 [INFO] [thread-name: org.springframework.scheduling.quartz.SchedulerFactoryBean#0_Worker-4] com.wuzhi.action.WuzhiController.uploadUser(WuzhiController.java:181) - 增加人数0
2017-03-24 10:31:00,157 [INFO] [thread-name: org.springframework.scheduling.quartz.SchedulerFactoryBean#0_Worker-5] com.wuzhi.action.WuzhiController.uploadUser(WuzhiController.java:180) - 此次花费时间141
2017-03-24 10:31:00,157 [INFO] [thread-name: org.springframework.scheduling.quartz.SchedulerFactoryBean#0_Worker-5] com.wuzhi.action.WuzhiController.uploadUser(WuzhiController.java:181) - 增加人数0
2017-03-24 10:37:33,871 [INFO] [thread-name: org.springframework.scheduling.quartz.SchedulerFactoryBean#0_Worker-1] com.wuzhi.action.WuzhiController.addAllDownUser(WuzhiController.java:306) - 此次花费时间213807
2017-03-24 10:37:33,871 [INFO] [thread-name: org.springframework.scheduling.quartz.SchedulerFactoryBean#0_Worker-1] com.wuzhi.action.WuzhiController.addAllDownUser(WuzhiController.java:307) - 增加日志551
2017-03-24 10:47:01,243 [INFO] [thread-name: org.springframework.scheduling.quartz.SchedulerFactoryBean#0_Worker-1] com.wuzhi.action.WuzhiController.uploadUser(WuzhiController.java:180) - 此次花费时间1179
2017-03-24 10:47:01,244 [INFO] [thread-name: org.springframework.scheduling.quartz.SchedulerFactoryBean#0_Worker-1] com.wuzhi.action.WuzhiController.uploadUser(WuzhiController.java:181) - 增加人数1
2017-03-24 10:48:00,488 [INFO] [thread-name: org.springframework.scheduling.quartz.SchedulerFactoryBean#0_Worker-2] com.wuzhi.action.WuzhiController.uploadUser(WuzhiController.java:180) - 此次花费时间474
2017-03-24 10:48:00,488 [INFO] [thread-name: org.springframework.scheduling.quartz.SchedulerFactoryBean#0_Worker-2] com.wuzhi.action.WuzhiController.uploadUser(WuzhiController.java:181) - 增加人数0
2017-03-24 10:49:00,595 [INFO] [thread-name: org.springframework.scheduling.quartz.SchedulerFactoryBean#0_Worker-3] com.wuzhi.action.WuzhiController.uploadUser(WuzhiController.java:180) - 此次花费时间571
2017-03-24 10:49:00,596 [INFO] [thread-name: org.springframework.scheduling.quartz.SchedulerFactoryBean#0_Worker-3] com.wuzhi.action.WuzhiController.uploadUser(WuzhiController.java:181) - 增加人数0
2017-03-24 10:50:00,812 [INFO] [thread-name: org.springframework.scheduling.quartz.SchedulerFactoryBean#0_Worker-4] com.wuzhi.action.WuzhiController.uploadUser(WuzhiController.java:180) - 此次花费时间801
2017-03-24 10:50:00,813 [INFO] [thread-name: org.springframework.scheduling.quartz.SchedulerFactoryBean#0_Worker-4] com.wuzhi.action.WuzhiController.uploadUser(WuzhiController.java:181) - 增加人数0
2017-03-24 10:51:00,524 [INFO] [thread-name: org.springframework.scheduling.quartz.SchedulerFactoryBean#0_Worker-5] com.wuzhi.action.WuzhiController.uploadUser(WuzhiController.java:180) - 此次花费时间510
2017-03-24 10:51:00,524 [INFO] [thread-name: org.springframework.scheduling.quartz.SchedulerFactoryBean#0_Worker-5] com.wuzhi.action.WuzhiController.uploadUser(WuzhiController.java:181) - 增加人数0
2017-03-24 10:52:00,162 [INFO] [thread-name: org.springframework.scheduling.quartz.SchedulerFactoryBean#0_Worker-6] com.wuzhi.action.WuzhiController.uploadUser(WuzhiController.java:180) - 此次花费时间145
2017-03-24 10:52:00,162 [INFO] [thread-name: org.springframework.scheduling.quartz.SchedulerFactoryBean#0_Worker-6] com.wuzhi.action.WuzhiController.uploadUser(WuzhiController.java:181) - 增加人数0
2017-03-24 10:53:00,513 [INFO] [thread-name: org.springframework.scheduling.quartz.SchedulerFactoryBean#0_Worker-7] com.wuzhi.action.WuzhiController.uploadUser(WuzhiController.java:180) - 此次花费时间499
2017-03-24 10:53:00,514 [INFO] [thread-name: org.springframework.scheduling.quartz.SchedulerFactoryBean#0_Worker-7] com.wuzhi.action.WuzhiController.uploadUser(WuzhiController.java:181) - 增加人数0
2017-03-24 10:54:00,490 [INFO] [thread-name: org.springframework.scheduling.quartz.SchedulerFactoryBean#0_Worker-8] com.wuzhi.action.WuzhiController.uploadUser(WuzhiController.java:180) - 此次花费时间473
2017-03-24 10:54:00,490 [INFO] [thread-name: org.springframework.scheduling.quartz.SchedulerFactoryBean#0_Worker-8] com.wuzhi.action.WuzhiController.uploadUser(WuzhiController.java:181) - 增加人数0
2017-03-24 10:55:00,498 [INFO] [thread-name: org.springframework.scheduling.quartz.SchedulerFactoryBean#0_Worker-9] com.wuzhi.action.WuzhiController.uploadUser(WuzhiController.java:180) - 此次花费时间483
2017-03-24 10:55:00,499 [INFO] [thread-name: org.springframework.scheduling.quartz.SchedulerFactoryBean#0_Worker-9] com.wuzhi.action.WuzhiController.uploadUser(WuzhiController.java:181) - 增加人数0
2017-03-24 10:56:00,499 [INFO] [thread-name: org.springframework.scheduling.quartz.SchedulerFactoryBean#0_Worker-10] com.wuzhi.action.WuzhiController.uploadUser(WuzhiController.java:180) - 此次花费时间486
2017-03-24 10:56:00,499 [INFO] [thread-name: org.springframework.scheduling.quartz.SchedulerFactoryBean#0_Worker-10] com.wuzhi.action.WuzhiController.uploadUser(WuzhiController.java:181) - 增加人数0
2017-03-24 10:57:00,698 [INFO] [thread-name: org.springframework.scheduling.quartz.SchedulerFactoryBean#0_Worker-1] com.wuzhi.action.WuzhiController.uploadUser(WuzhiController.java:180) - 此次花费时间673
2017-03-24 10:57:00,698 [INFO] [thread-name: org.springframework.scheduling.quartz.SchedulerFactoryBean#0_Worker-1] com.wuzhi.action.WuzhiController.uploadUser(WuzhiController.java:181) - 增加人数0
2017-03-24 10:58:00,513 [INFO] [thread-name: org.springframework.scheduling.quartz.SchedulerFactoryBean#0_Worker-3] com.wuzhi.action.WuzhiController.uploadUser(WuzhiController.java:180) - 此次花费时间500
2017-03-24 10:58:00,513 [INFO] [thread-name: org.springframework.scheduling.quartz.SchedulerFactoryBean#0_Worker-3] com.wuzhi.action.WuzhiController.uploadUser(WuzhiController.java:181) - 增加人数0
2017-03-24 10:59:00,449 [INFO] [thread-name: org.springframework.scheduling.quartz.SchedulerFactoryBean#0_Worker-4] com.wuzhi.action.WuzhiController.uploadUser(WuzhiController.java:180) - 此次花费时间437
2017-03-24 10:59:00,465 [INFO] [thread-name: org.springframework.scheduling.quartz.SchedulerFactoryBean#0_Worker-4] com.wuzhi.action.WuzhiController.uploadUser(WuzhiController.java:181) - 增加人数0
2017-03-24 11:00:00,492 [INFO] [thread-name: org.springframework.scheduling.quartz.SchedulerFactoryBean#0_Worker-2] com.wuzhi.action.WuzhiController.addAllDownUser(WuzhiController.java:306) - 此次花费时间180467
2017-03-24 11:00:00,493 [INFO] [thread-name: org.springframework.scheduling.quartz.SchedulerFactoryBean#0_Worker-2] com.wuzhi.action.WuzhiController.addAllDownUser(WuzhiController.java:307) - 增加日志16
2017-03-24 11:00:00,879 [INFO] [thread-name: org.springframework.scheduling.quartz.SchedulerFactoryBean#0_Worker-5] com.wuzhi.action.WuzhiController.uploadUser(WuzhiController.java:180) - 此次花费时间861
2017-03-24 11:00:00,879 [INFO] [thread-name: org.springframework.scheduling.quartz.SchedulerFactoryBean#0_Worker-5] com.wuzhi.action.WuzhiController.uploadUser(WuzhiController.java:181) - 增加人数0
2017-03-24 16:10:03,648 [INFO] [thread-name: org.springframework.scheduling.quartz.SchedulerFactoryBean#0_Worker-1] com.wuzhi.action.WuzhiController.uploadUser(WuzhiController.java:180) - 此次花费时间3600
2017-03-24 16:10:03,651 [INFO] [thread-name: org.springframework.scheduling.quartz.SchedulerFactoryBean#0_Worker-1] com.wuzhi.action.WuzhiController.uploadUser(WuzhiController.java:181) - 增加人数12
2017-03-24 16:11:00,584 [INFO] [thread-name: org.springframework.scheduling.quartz.SchedulerFactoryBean#0_Worker-2] com.wuzhi.action.WuzhiController.uploadUser(WuzhiController.java:180) - 此次花费时间567
2017-03-24 16:11:00,585 [INFO] [thread-name: org.springframework.scheduling.quartz.SchedulerFactoryBean#0_Worker-2] com.wuzhi.action.WuzhiController.uploadUser(WuzhiController.java:181) - 增加人数0
2017-03-24 16:12:00,119 [INFO] [thread-name: org.springframework.scheduling.quartz.SchedulerFactoryBean#0_Worker-3] com.wuzhi.action.WuzhiController.uploadUser(WuzhiController.java:180) - 此次花费时间102
2017-03-24 16:12:00,119 [INFO] [thread-name: org.springframework.scheduling.quartz.SchedulerFactoryBean#0_Worker-3] com.wuzhi.action.WuzhiController.uploadUser(WuzhiController.java:181) - 增加人数0
2017-03-24 16:13:00,133 [INFO] [thread-name: org.springframework.scheduling.quartz.SchedulerFactoryBean#0_Worker-4] com.wuzhi.action.WuzhiController.uploadUser(WuzhiController.java:180) - 此次花费时间109
2017-03-24 16:13:00,133 [INFO] [thread-name: org.springframework.scheduling.quartz.SchedulerFactoryBean#0_Worker-4] com.wuzhi.action.WuzhiController.uploadUser(WuzhiController.java:181) - 增加人数0
2017-03-24 16:14:00,233 [INFO] [thread-name: org.springframework.scheduling.quartz.SchedulerFactoryBean#0_Worker-5] com.wuzhi.action.WuzhiController.uploadUser(WuzhiController.java:180) - 此次花费时间220
2017-03-24 16:14:00,233 [INFO] [thread-name: org.springframework.scheduling.quartz.SchedulerFactoryBean#0_Worker-5] com.wuzhi.action.WuzhiController.uploadUser(WuzhiController.java:181) - 增加人数0
2017-03-24 16:15:00,503 [INFO] [thread-name: org.springframework.scheduling.quartz.SchedulerFactoryBean#0_Worker-6] com.wuzhi.action.WuzhiController.uploadUser(WuzhiController.java:180) - 此次花费时间488
2017-03-24 16:15:00,504 [INFO] [thread-name: org.springframework.scheduling.quartz.SchedulerFactoryBean#0_Worker-6] com.wuzhi.action.WuzhiController.uploadUser(WuzhiController.java:181) - 增加人数0
2017-03-24 16:16:00,518 [INFO] [thread-name: org.springframework.scheduling.quartz.SchedulerFactoryBean#0_Worker-7] com.wuzhi.action.WuzhiController.uploadUser(WuzhiController.java:180) - 此次花费时间506
2017-03-24 16:16:00,518 [INFO] [thread-name: org.springframework.scheduling.quartz.SchedulerFactoryBean#0_Worker-7] com.wuzhi.action.WuzhiController.uploadUser(WuzhiController.java:181) - 增加人数0
2017-03-24 16:17:00,542 [INFO] [thread-name: org.springframework.scheduling.quartz.SchedulerFactoryBean#0_Worker-8] com.wuzhi.action.WuzhiController.uploadUser(WuzhiController.java:180) - 此次花费时间525
2017-03-24 16:17:00,542 [INFO] [thread-name: org.springframework.scheduling.quartz.SchedulerFactoryBean#0_Worker-8] com.wuzhi.action.WuzhiController.uploadUser(WuzhiController.java:181) - 增加人数0
2017-03-24 16:18:00,121 [INFO] [thread-name: org.springframework.scheduling.quartz.SchedulerFactoryBean#0_Worker-9] com.wuzhi.action.WuzhiController.uploadUser(WuzhiController.java:180) - 此次花费时间99
2017-03-24 16:18:00,121 [INFO] [thread-name: org.springframework.scheduling.quartz.SchedulerFactoryBean#0_Worker-9] com.wuzhi.action.WuzhiController.uploadUser(WuzhiController.java:181) - 增加人数0
2017-03-24 16:19:00,528 [INFO] [thread-name: org.springframework.scheduling.quartz.SchedulerFactoryBean#0_Worker-10] com.wuzhi.action.WuzhiController.uploadUser(WuzhiController.java:180) - 此次花费时间512
2017-03-24 16:19:00,528 [INFO] [thread-name: org.springframework.scheduling.quartz.SchedulerFactoryBean#0_Worker-10] com.wuzhi.action.WuzhiController.uploadUser(WuzhiController.java:181) - 增加人数0
2017-03-24 16:20:00,496 [INFO] [thread-name: org.springframework.scheduling.quartz.SchedulerFactoryBean#0_Worker-1] com.wuzhi.action.WuzhiController.uploadUser(WuzhiController.java:180) - 此次花费时间478
2017-03-24 16:20:00,497 [INFO] [thread-name: org.springframework.scheduling.quartz.SchedulerFactoryBean#0_Worker-1] com.wuzhi.action.WuzhiController.uploadUser(WuzhiController.java:181) - 增加人数0
2017-03-24 16:21:00,490 [INFO] [thread-name: org.springframework.scheduling.quartz.SchedulerFactoryBean#0_Worker-2] com.wuzhi.action.WuzhiController.uploadUser(WuzhiController.java:180) - 此次花费时间475
2017-03-24 16:21:00,490 [INFO] [thread-name: org.springframework.scheduling.quartz.SchedulerFactoryBean#0_Worker-2] com.wuzhi.action.WuzhiController.uploadUser(WuzhiController.java:181) - 增加人数0
2017-03-24 16:22:00,624 [INFO] [thread-name: org.springframework.scheduling.quartz.SchedulerFactoryBean#0_Worker-3] com.wuzhi.action.WuzhiController.uploadUser(WuzhiController.java:180) - 此次花费时间607
2017-03-24 16:22:00,625 [INFO] [thread-name: org.springframework.scheduling.quartz.SchedulerFactoryBean#0_Worker-3] com.wuzhi.action.WuzhiController.uploadUser(WuzhiController.java:181) - 增加人数0
2017-03-24 16:23:00,534 [INFO] [thread-name: org.springframework.scheduling.quartz.SchedulerFactoryBean#0_Worker-4] com.wuzhi.action.WuzhiController.uploadUser(WuzhiController.java:180) - 此次花费时间516
2017-03-24 16:23:00,534 [INFO] [thread-name: org.springframework.scheduling.quartz.SchedulerFactoryBean#0_Worker-4] com.wuzhi.action.WuzhiController.uploadUser(WuzhiController.java:181) - 增加人数0
2017-03-24 16:24:00,594 [INFO] [thread-name: org.springframework.scheduling.quartz.SchedulerFactoryBean#0_Worker-5] com.wuzhi.action.WuzhiController.uploadUser(WuzhiController.java:180) - 此次花费时间577
2017-03-24 16:24:00,594 [INFO] [thread-name: org.springframework.scheduling.quartz.SchedulerFactoryBean#0_Worker-5] com.wuzhi.action.WuzhiController.uploadUser(WuzhiController.java:181) - 增加人数0
2017-03-24 16:25:00,468 [INFO] [thread-name: org.springframework.scheduling.quartz.SchedulerFactoryBean#0_Worker-6] com.wuzhi.action.WuzhiController.uploadUser(WuzhiController.java:180) - 此次花费时间453
2017-03-24 16:25:00,468 [INFO] [thread-name: org.springframework.scheduling.quartz.SchedulerFactoryBean#0_Worker-6] com.wuzhi.action.WuzhiController.uploadUser(WuzhiController.java:181) - 增加人数0
2017-03-24 16:26:00,514 [INFO] [thread-name: org.springframework.scheduling.quartz.SchedulerFactoryBean#0_Worker-7] com.wuzhi.action.WuzhiController.uploadUser(WuzhiController.java:180) - 此次花费时间501
2017-03-24 16:26:00,530 [INFO] [thread-name: org.springframework.scheduling.quartz.SchedulerFactoryBean#0_Worker-7] com.wuzhi.action.WuzhiController.uploadUser(WuzhiController.java:181) - 增加人数0
2017-03-24 16:27:00,557 [INFO] [thread-name: org.springframework.scheduling.quartz.SchedulerFactoryBean#0_Worker-8] com.wuzhi.action.WuzhiController.uploadUser(WuzhiController.java:180) - 此次花费时间532
2017-03-24 16:27:00,557 [INFO] [thread-name: org.springframework.scheduling.quartz.SchedulerFactoryBean#0_Worker-8] com.wuzhi.action.WuzhiController.uploadUser(WuzhiController.java:181) - 增加人数0
2017-03-24 16:28:00,792 [INFO] [thread-name: org.springframework.scheduling.quartz.SchedulerFactoryBean#0_Worker-10] com.wuzhi.action.WuzhiController.uploadUser(WuzhiController.java:180) - 此次花费时间781
2017-03-24 16:28:00,792 [INFO] [thread-name: org.springframework.scheduling.quartz.SchedulerFactoryBean#0_Worker-10] com.wuzhi.action.WuzhiController.uploadUser(WuzhiController.java:181) - 增加人数0
2017-03-24 16:29:00,932 [INFO] [thread-name: org.springframework.scheduling.quartz.SchedulerFactoryBean#0_Worker-1] com.wuzhi.action.WuzhiController.uploadUser(WuzhiController.java:180) - 此次花费时间922
2017-03-24 16:29:00,932 [INFO] [thread-name: org.springframework.scheduling.quartz.SchedulerFactoryBean#0_Worker-1] com.wuzhi.action.WuzhiController.uploadUser(WuzhiController.java:181) - 增加人数0
2017-03-24 16:30:00,542 [INFO] [thread-name: org.springframework.scheduling.quartz.SchedulerFactoryBean#0_Worker-2] com.wuzhi.action.WuzhiController.uploadUser(WuzhiController.java:180) - 此次花费时间518
2017-03-24 16:30:00,542 [INFO] [thread-name: org.springframework.scheduling.quartz.SchedulerFactoryBean#0_Worker-2] com.wuzhi.action.WuzhiController.uploadUser(WuzhiController.java:181) - 增加人数0
2017-03-24 16:30:04,980 [INFO] [thread-name: org.springframework.scheduling.quartz.SchedulerFactoryBean#0_Worker-9] com.wuzhi.action.WuzhiController.addAllDownUser(WuzhiController.java:307) - 此次花费时间184955
2017-03-24 16:30:04,980 [INFO] [thread-name: org.springframework.scheduling.quartz.SchedulerFactoryBean#0_Worker-9] com.wuzhi.action.WuzhiController.addAllDownUser(WuzhiController.java:308) - 增加日志94
2017-03-24 16:31:03,581 [INFO] [thread-name: org.springframework.scheduling.quartz.SchedulerFactoryBean#0_Worker-3] com.wuzhi.action.WuzhiController.uploadUser(WuzhiController.java:180) - 此次花费时间3560
2017-03-24 16:31:03,581 [INFO] [thread-name: org.springframework.scheduling.quartz.SchedulerFactoryBean#0_Worker-3] com.wuzhi.action.WuzhiController.uploadUser(WuzhiController.java:181) - 增加人数0
2017-03-24 16:32:00,519 [INFO] [thread-name: org.springframework.scheduling.quartz.SchedulerFactoryBean#0_Worker-4] com.wuzhi.action.WuzhiController.uploadUser(WuzhiController.java:180) - 此次花费时间503
2017-03-24 16:32:00,519 [INFO] [thread-name: org.springframework.scheduling.quartz.SchedulerFactoryBean#0_Worker-4] com.wuzhi.action.WuzhiController.uploadUser(WuzhiController.java:181) - 增加人数0
2017-03-24 16:33:00,126 [INFO] [thread-name: org.springframework.scheduling.quartz.SchedulerFactoryBean#0_Worker-5] com.wuzhi.action.WuzhiController.uploadUser(WuzhiController.java:180) - 此次花费时间109
2017-03-24 16:33:00,126 [INFO] [thread-name: org.springframework.scheduling.quartz.SchedulerFactoryBean#0_Worker-5] com.wuzhi.action.WuzhiController.uploadUser(WuzhiController.java:181) - 增加人数0
2017-03-24 16:34:00,511 [INFO] [thread-name: org.springframework.scheduling.quartz.SchedulerFactoryBean#0_Worker-6] com.wuzhi.action.WuzhiController.uploadUser(WuzhiController.java:180) - 此次花费时间500
2017-03-24 16:34:00,511 [INFO] [thread-name: org.springframework.scheduling.quartz.SchedulerFactoryBean#0_Worker-6] com.wuzhi.action.WuzhiController.uploadUser(WuzhiController.java:181) - 增加人数0
2017-03-24 16:35:03,496 [INFO] [thread-name: org.springframework.scheduling.quartz.SchedulerFactoryBean#0_Worker-7] com.wuzhi.action.WuzhiController.uploadUser(WuzhiController.java:180) - 此次花费时间3477
2017-03-24 16:35:03,497 [INFO] [thread-name: org.springframework.scheduling.quartz.SchedulerFactoryBean#0_Worker-7] com.wuzhi.action.WuzhiController.uploadUser(WuzhiController.java:181) - 增加人数0
2017-03-24 16:36:00,662 [INFO] [thread-name: org.springframework.scheduling.quartz.SchedulerFactoryBean#0_Worker-8] com.wuzhi.action.WuzhiController.uploadUser(WuzhiController.java:180) - 此次花费时间652
2017-03-24 16:36:00,662 [INFO] [thread-name: org.springframework.scheduling.quartz.SchedulerFactoryBean#0_Worker-8] com.wuzhi.action.WuzhiController.uploadUser(WuzhiController.java:181) - 增加人数1
2017-03-24 16:37:00,556 [INFO] [thread-name: org.springframework.scheduling.quartz.SchedulerFactoryBean#0_Worker-10] com.wuzhi.action.WuzhiController.uploadUser(WuzhiController.java:180) - 此次花费时间544
2017-03-24 16:37:00,557 [INFO] [thread-name: org.springframework.scheduling.quartz.SchedulerFactoryBean#0_Worker-10] com.wuzhi.action.WuzhiController.uploadUser(WuzhiController.java:181) - 增加人数0
2017-03-24 16:38:00,611 [INFO] [thread-name: org.springframework.scheduling.quartz.SchedulerFactoryBean#0_Worker-1] com.wuzhi.action.WuzhiController.uploadUser(WuzhiController.java:180) - 此次花费时间593
2017-03-24 16:38:00,611 [INFO] [thread-name: org.springframework.scheduling.quartz.SchedulerFactoryBean#0_Worker-1] com.wuzhi.action.WuzhiController.uploadUser(WuzhiController.java:181) - 增加人数0
2017-03-24 16:39:03,513 [INFO] [thread-name: org.springframework.scheduling.quartz.SchedulerFactoryBean#0_Worker-2] com.wuzhi.action.WuzhiController.uploadUser(WuzhiController.java:180) - 此次花费时间3500
2017-03-24 16:39:03,514 [INFO] [thread-name: org.springframework.scheduling.quartz.SchedulerFactoryBean#0_Worker-2] com.wuzhi.action.WuzhiController.uploadUser(WuzhiController.java:181) - 增加人数0
2017-03-24 16:40:00,161 [INFO] [thread-name: org.springframework.scheduling.quartz.SchedulerFactoryBean#0_Worker-9] com.wuzhi.action.WuzhiController.uploadUser(WuzhiController.java:180) - 此次花费时间142
2017-03-24 16:40:00,161 [INFO] [thread-name: org.springframework.scheduling.quartz.SchedulerFactoryBean#0_Worker-9] com.wuzhi.action.WuzhiController.uploadUser(WuzhiController.java:181) - 增加人数0
2017-03-24 16:41:00,095 [INFO] [thread-name: org.springframework.scheduling.quartz.SchedulerFactoryBean#0_Worker-3] com.wuzhi.action.WuzhiController.uploadUser(WuzhiController.java:180) - 此次花费时间83
2017-03-24 16:41:00,095 [INFO] [thread-name: org.springframework.scheduling.quartz.SchedulerFactoryBean#0_Worker-3] com.wuzhi.action.WuzhiController.uploadUser(WuzhiController.java:181) - 增加人数0
2017-03-24 16:42:00,592 [INFO] [thread-name: org.springframework.scheduling.quartz.SchedulerFactoryBean#0_Worker-4] com.wuzhi.action.WuzhiController.uploadUser(WuzhiController.java:180) - 此次花费时间578
2017-03-24 16:42:00,593 [INFO] [thread-name: org.springframework.scheduling.quartz.SchedulerFactoryBean#0_Worker-4] com.wuzhi.action.WuzhiController.uploadUser(WuzhiController.java:181) - 增加人数0
2017-03-24 16:43:03,563 [INFO] [thread-name: org.springframework.scheduling.quartz.SchedulerFactoryBean#0_Worker-5] com.wuzhi.action.WuzhiController.uploadUser(WuzhiController.java:180) - 此次花费时间3544
2017-03-24 16:43:03,564 [INFO] [thread-name: org.springframework.scheduling.quartz.SchedulerFactoryBean#0_Worker-5] com.wuzhi.action.WuzhiController.uploadUser(WuzhiController.java:181) - 增加人数0
2017-03-24 16:44:00,526 [INFO] [thread-name: org.springframework.scheduling.quartz.SchedulerFactoryBean#0_Worker-6] com.wuzhi.action.WuzhiController.uploadUser(WuzhiController.java:180) - 此次花费时间504
2017-03-24 16:44:00,526 [INFO] [thread-name: org.springframework.scheduling.quartz.SchedulerFactoryBean#0_Worker-6] com.wuzhi.action.WuzhiController.uploadUser(WuzhiController.java:181) - 增加人数0
2017-03-24 16:45:00,531 [INFO] [thread-name: org.springframework.scheduling.quartz.SchedulerFactoryBean#0_Worker-7] com.wuzhi.action.WuzhiController.uploadUser(WuzhiController.java:180) - 此次花费时间518
2017-03-24 16:45:00,531 [INFO] [thread-name: org.springframework.scheduling.quartz.SchedulerFactoryBean#0_Worker-7] com.wuzhi.action.WuzhiController.uploadUser(WuzhiController.java:181) - 增加人数0
2017-03-24 16:46:00,512 [INFO] [thread-name: org.springframework.scheduling.quartz.SchedulerFactoryBean#0_Worker-8] com.wuzhi.action.WuzhiController.uploadUser(WuzhiController.java:180) - 此次花费时间492
2017-03-24 16:46:00,513 [INFO] [thread-name: org.springframework.scheduling.quartz.SchedulerFactoryBean#0_Worker-8] com.wuzhi.action.WuzhiController.uploadUser(WuzhiController.java:181) - 增加人数0
2017-03-24 16:47:00,776 [INFO] [thread-name: org.springframework.scheduling.quartz.SchedulerFactoryBean#0_Worker-10] com.wuzhi.action.WuzhiController.uploadUser(WuzhiController.java:180) - 此次花费时间761
2017-03-24 16:47:00,777 [INFO] [thread-name: org.springframework.scheduling.quartz.SchedulerFactoryBean#0_Worker-10] com.wuzhi.action.WuzhiController.uploadUser(WuzhiController.java:181) - 增加人数1
2017-03-24 16:48:00,511 [INFO] [thread-name: org.springframework.scheduling.quartz.SchedulerFactoryBean#0_Worker-1] com.wuzhi.action.WuzhiController.uploadUser(WuzhiController.java:180) - 此次花费时间496
2017-03-24 16:48:00,512 [INFO] [thread-name: org.springframework.scheduling.quartz.SchedulerFactoryBean#0_Worker-1] com.wuzhi.action.WuzhiController.uploadUser(WuzhiController.java:181) - 增加人数0
2017-03-24 16:49:00,623 [INFO] [thread-name: org.springframework.scheduling.quartz.SchedulerFactoryBean#0_Worker-2] com.wuzhi.action.WuzhiController.uploadUser(WuzhiController.java:180) - 此次花费时间609
2017-03-24 16:49:00,623 [INFO] [thread-name: org.springframework.scheduling.quartz.SchedulerFactoryBean#0_Worker-2] com.wuzhi.action.WuzhiController.uploadUser(WuzhiController.java:181) - 增加人数0
2017-03-24 16:50:00,264 [INFO] [thread-name: org.springframework.scheduling.quartz.SchedulerFactoryBean#0_Worker-9] com.wuzhi.action.WuzhiController.uploadUser(WuzhiController.java:180) - 此次花费时间250
2017-03-24 16:50:00,264 [INFO] [thread-name: org.springframework.scheduling.quartz.SchedulerFactoryBean#0_Worker-9] com.wuzhi.action.WuzhiController.uploadUser(WuzhiController.java:181) - 增加人数0
2017-03-24 16:51:00,564 [INFO] [thread-name: org.springframework.scheduling.quartz.SchedulerFactoryBean#0_Worker-3] com.wuzhi.action.WuzhiController.uploadUser(WuzhiController.java:180) - 此次花费时间548
2017-03-24 16:51:00,564 [INFO] [thread-name: org.springframework.scheduling.quartz.SchedulerFactoryBean#0_Worker-3] com.wuzhi.action.WuzhiController.uploadUser(WuzhiController.java:181) - 增加人数0
2017-03-24 16:52:00,498 [INFO] [thread-name: org.springframework.scheduling.quartz.SchedulerFactoryBean#0_Worker-4] com.wuzhi.action.WuzhiController.uploadUser(WuzhiController.java:180) - 此次花费时间483
2017-03-24 16:52:00,498 [INFO] [thread-name: org.springframework.scheduling.quartz.SchedulerFactoryBean#0_Worker-4] com.wuzhi.action.WuzhiController.uploadUser(WuzhiController.java:181) - 增加人数0
2017-03-24 16:53:00,140 [INFO] [thread-name: org.springframework.scheduling.quartz.SchedulerFactoryBean#0_Worker-5] com.wuzhi.action.WuzhiController.uploadUser(WuzhiController.java:180) - 此次花费时间123
2017-03-24 16:53:00,140 [INFO] [thread-name: org.springframework.scheduling.quartz.SchedulerFactoryBean#0_Worker-5] com.wuzhi.action.WuzhiController.uploadUser(WuzhiController.java:181) - 增加人数0
2017-03-24 16:54:00,453 [INFO] [thread-name: org.springframework.scheduling.quartz.SchedulerFactoryBean#0_Worker-6] com.wuzhi.action.WuzhiController.uploadUser(WuzhiController.java:180) - 此次花费时间441
2017-03-24 16:54:00,453 [INFO] [thread-name: org.springframework.scheduling.quartz.SchedulerFactoryBean#0_Worker-6] com.wuzhi.action.WuzhiController.uploadUser(WuzhiController.java:181) - 增加人数0
2017-03-24 16:55:00,101 [INFO] [thread-name: org.springframework.scheduling.quartz.SchedulerFactoryBean#0_Worker-7] com.wuzhi.action.WuzhiController.uploadUser(WuzhiController.java:180) - 此次花费时间88
2017-03-24 16:55:00,102 [INFO] [thread-name: org.springframework.scheduling.quartz.SchedulerFactoryBean#0_Worker-7] com.wuzhi.action.WuzhiController.uploadUser(WuzhiController.java:181) - 增加人数0
2017-03-24 16:56:00,111 [INFO] [thread-name: org.springframework.scheduling.quartz.SchedulerFactoryBean#0_Worker-8] com.wuzhi.action.WuzhiController.uploadUser(WuzhiController.java:180) - 此次花费时间92
2017-03-24 16:56:00,111 [INFO] [thread-name: org.springframework.scheduling.quartz.SchedulerFactoryBean#0_Worker-8] com.wuzhi.action.WuzhiController.uploadUser(WuzhiController.java:181) - 增加人数0
2017-03-24 16:57:00,138 [INFO] [thread-name: org.springframework.scheduling.quartz.SchedulerFactoryBean#0_Worker-10] com.wuzhi.action.WuzhiController.uploadUser(WuzhiController.java:180) - 此次花费时间127
2017-03-24 16:57:00,138 [INFO] [thread-name: org.springframework.scheduling.quartz.SchedulerFactoryBean#0_Worker-10] com.wuzhi.action.WuzhiController.uploadUser(WuzhiController.java:181) - 增加人数0
2017-03-24 16:58:00,213 [INFO] [thread-name: org.springframework.scheduling.quartz.SchedulerFactoryBean#0_Worker-2] com.wuzhi.action.WuzhiController.uploadUser(WuzhiController.java:180) - 此次花费时间198
2017-03-24 16:58:00,214 [INFO] [thread-name: org.springframework.scheduling.quartz.SchedulerFactoryBean#0_Worker-2] com.wuzhi.action.WuzhiController.uploadUser(WuzhiController.java:181) - 增加人数0
2017-03-24 16:59:00,506 [INFO] [thread-name: org.springframework.scheduling.quartz.SchedulerFactoryBean#0_Worker-9] com.wuzhi.action.WuzhiController.uploadUser(WuzhiController.java:180) - 此次花费时间484
2017-03-24 16:59:00,506 [INFO] [thread-name: org.springframework.scheduling.quartz.SchedulerFactoryBean#0_Worker-9] com.wuzhi.action.WuzhiController.uploadUser(WuzhiController.java:181) - 增加人数0
2017-03-24 16:59:49,198 [INFO] [thread-name: org.springframework.scheduling.quartz.SchedulerFactoryBean#0_Worker-1] com.wuzhi.action.WuzhiController.addAllDownUser(WuzhiController.java:307) - 此次花费时间169187
2017-03-24 16:59:49,199 [INFO] [thread-name: org.springframework.scheduling.quartz.SchedulerFactoryBean#0_Worker-1] com.wuzhi.action.WuzhiController.addAllDownUser(WuzhiController.java:308) - 增加日志7
2017-03-24 17:00:00,531 [INFO] [thread-name: org.springframework.scheduling.quartz.SchedulerFactoryBean#0_Worker-3] com.wuzhi.action.WuzhiController.uploadUser(WuzhiController.java:180) - 此次花费时间512
2017-03-24 17:00:00,532 [INFO] [thread-name: org.springframework.scheduling.quartz.SchedulerFactoryBean#0_Worker-3] com.wuzhi.action.WuzhiController.uploadUser(WuzhiController.java:181) - 增加人数0
2017-03-24 17:01:00,506 [INFO] [thread-name: org.springframework.scheduling.quartz.SchedulerFactoryBean#0_Worker-4] com.wuzhi.action.WuzhiController.uploadUser(WuzhiController.java:180) - 此次花费时间494
2017-03-24 17:01:00,507 [INFO] [thread-name: org.springframework.scheduling.quartz.SchedulerFactoryBean#0_Worker-4] com.wuzhi.action.WuzhiController.uploadUser(WuzhiController.java:181) - 增加人数0
2017-03-24 17:02:00,496 [INFO] [thread-name: org.springframework.scheduling.quartz.SchedulerFactoryBean#0_Worker-5] com.wuzhi.action.WuzhiController.uploadUser(WuzhiController.java:180) - 此次花费时间483
2017-03-24 17:02:00,496 [INFO] [thread-name: org.springframework.scheduling.quartz.SchedulerFactoryBean#0_Worker-5] com.wuzhi.action.WuzhiController.uploadUser(WuzhiController.java:181) - 增加人数0
2017-03-24 17:03:00,527 [INFO] [thread-name: org.springframework.scheduling.quartz.SchedulerFactoryBean#0_Worker-6] com.wuzhi.action.WuzhiController.uploadUser(WuzhiController.java:180) - 此次花费时间512
2017-03-24 17:03:00,527 [INFO] [thread-name: org.springframework.scheduling.quartz.SchedulerFactoryBean#0_Worker-6] com.wuzhi.action.WuzhiController.uploadUser(WuzhiController.java:181) - 增加人数0
2017-03-24 17:04:00,873 [INFO] [thread-name: org.springframework.scheduling.quartz.SchedulerFactoryBean#0_Worker-7] com.wuzhi.action.WuzhiController.uploadUser(WuzhiController.java:180) - 此次花费时间861
2017-03-24 17:04:00,874 [INFO] [thread-name: org.springframework.scheduling.quartz.SchedulerFactoryBean#0_Worker-7] com.wuzhi.action.WuzhiController.uploadUser(WuzhiController.java:181) - 增加人数1
2017-03-24 17:05:00,523 [INFO] [thread-name: org.springframework.scheduling.quartz.SchedulerFactoryBean#0_Worker-8] com.wuzhi.action.WuzhiController.uploadUser(WuzhiController.java:180) - 此次花费时间507
2017-03-24 17:05:00,523 [INFO] [thread-name: org.springframework.scheduling.quartz.SchedulerFactoryBean#0_Worker-8] com.wuzhi.action.WuzhiController.uploadUser(WuzhiController.java:181) - 增加人数0
2017-03-24 17:06:00,505 [INFO] [thread-name: org.springframework.scheduling.quartz.SchedulerFactoryBean#0_Worker-10] com.wuzhi.action.WuzhiController.uploadUser(WuzhiController.java:180) - 此次花费时间487
2017-03-24 17:06:00,506 [INFO] [thread-name: org.springframework.scheduling.quartz.SchedulerFactoryBean#0_Worker-10] com.wuzhi.action.WuzhiController.uploadUser(WuzhiController.java:181) - 增加人数0
2017-03-24 17:07:00,582 [INFO] [thread-name: org.springframework.scheduling.quartz.SchedulerFactoryBean#0_Worker-2] com.wuzhi.action.WuzhiController.uploadUser(WuzhiController.java:180) - 此次花费时间569
2017-03-24 17:07:00,582 [INFO] [thread-name: org.springframework.scheduling.quartz.SchedulerFactoryBean#0_Worker-2] com.wuzhi.action.WuzhiController.uploadUser(WuzhiController.java:181) - 增加人数0
2017-03-24 17:08:00,853 [INFO] [thread-name: org.springframework.scheduling.quartz.SchedulerFactoryBean#0_Worker-1] com.wuzhi.action.WuzhiController.uploadUser(WuzhiController.java:180) - 此次花费时间838
2017-03-24 17:08:00,853 [INFO] [thread-name: org.springframework.scheduling.quartz.SchedulerFactoryBean#0_Worker-1] com.wuzhi.action.WuzhiController.uploadUser(WuzhiController.java:181) - 增加人数0
2017-03-24 17:09:00,798 [INFO] [thread-name: org.springframework.scheduling.quartz.SchedulerFactoryBean#0_Worker-3] com.wuzhi.action.WuzhiController.uploadUser(WuzhiController.java:180) - 此次花费时间785
2017-03-24 17:09:00,798 [INFO] [thread-name: org.springframework.scheduling.quartz.SchedulerFactoryBean#0_Worker-3] com.wuzhi.action.WuzhiController.uploadUser(WuzhiController.java:181) - 增加人数0
2017-03-24 17:09:56,664 [INFO] [thread-name: org.springframework.scheduling.quartz.SchedulerFactoryBean#0_Worker-9] com.wuzhi.action.WuzhiController.addAllDownUser(WuzhiController.java:307) - 此次花费时间176651
2017-03-24 17:09:56,665 [INFO] [thread-name: org.springframework.scheduling.quartz.SchedulerFactoryBean#0_Worker-9] com.wuzhi.action.WuzhiController.addAllDownUser(WuzhiController.java:308) - 增加日志2
2017-03-24 17:10:00,862 [INFO] [thread-name: org.springframework.scheduling.quartz.SchedulerFactoryBean#0_Worker-4] com.wuzhi.action.WuzhiController.uploadUser(WuzhiController.java:180) - 此次花费时间850
2017-03-24 17:10:00,862 [INFO] [thread-name: org.springframework.scheduling.quartz.SchedulerFactoryBean#0_Worker-4] com.wuzhi.action.WuzhiController.uploadUser(WuzhiController.java:181) - 增加人数0
2017-03-24 17:11:00,453 [INFO] [thread-name: org.springframework.scheduling.quartz.SchedulerFactoryBean#0_Worker-5] com.wuzhi.action.WuzhiController.uploadUser(WuzhiController.java:180) - 此次花费时间434
2017-03-24 17:11:00,453 [INFO] [thread-name: org.springframework.scheduling.quartz.SchedulerFactoryBean#0_Worker-5] com.wuzhi.action.WuzhiController.uploadUser(WuzhiController.java:181) - 增加人数0
2017-03-24 17:12:00,527 [INFO] [thread-name: org.springframework.scheduling.quartz.SchedulerFactoryBean#0_Worker-6] com.wuzhi.action.WuzhiController.uploadUser(WuzhiController.java:180) - 此次花费时间508
2017-03-24 17:12:00,528 [INFO] [thread-name: org.springframework.scheduling.quartz.SchedulerFactoryBean#0_Worker-6] com.wuzhi.action.WuzhiController.uploadUser(WuzhiController.java:181) - 增加人数0
2017-03-24 17:13:00,519 [INFO] [thread-name: org.springframework.scheduling.quartz.SchedulerFactoryBean#0_Worker-7] com.wuzhi.action.WuzhiController.uploadUser(WuzhiController.java:180) - 此次花费时间502
2017-03-24 17:13:00,520 [INFO] [thread-name: org.springframework.scheduling.quartz.SchedulerFactoryBean#0_Worker-7] com.wuzhi.action.WuzhiController.uploadUser(WuzhiController.java:181) - 增加人数0
2017-03-24 17:14:00,499 [INFO] [thread-name: org.springframework.scheduling.quartz.SchedulerFactoryBean#0_Worker-8] com.wuzhi.action.WuzhiController.uploadUser(WuzhiController.java:180) - 此次花费时间488
2017-03-24 17:14:00,500 [INFO] [thread-name: org.springframework.scheduling.quartz.SchedulerFactoryBean#0_Worker-8] com.wuzhi.action.WuzhiController.uploadUser(WuzhiController.java:181) - 增加人数0
2017-03-24 17:15:00,555 [INFO] [thread-name: org.springframework.scheduling.quartz.SchedulerFactoryBean#0_Worker-10] com.wuzhi.action.WuzhiController.uploadUser(WuzhiController.java:180) - 此次花费时间542
2017-03-24 17:15:00,555 [INFO] [thread-name: org.springframework.scheduling.quartz.SchedulerFactoryBean#0_Worker-10] com.wuzhi.action.WuzhiController.uploadUser(WuzhiController.java:181) - 增加人数0
2017-03-24 17:16:00,481 [INFO] [thread-name: org.springframework.scheduling.quartz.SchedulerFactoryBean#0_Worker-2] com.wuzhi.action.WuzhiController.uploadUser(WuzhiController.java:180) - 此次花费时间469
2017-03-24 17:16:00,481 [INFO] [thread-name: org.springframework.scheduling.quartz.SchedulerFactoryBean#0_Worker-2] com.wuzhi.action.WuzhiController.uploadUser(WuzhiController.java:181) - 增加人数0
2017-03-24 17:17:00,093 [INFO] [thread-name: org.springframework.scheduling.quartz.SchedulerFactoryBean#0_Worker-1] com.wuzhi.action.WuzhiController.uploadUser(WuzhiController.java:180) - 此次花费时间82
2017-03-24 17:17:00,094 [INFO] [thread-name: org.springframework.scheduling.quartz.SchedulerFactoryBean#0_Worker-1] com.wuzhi.action.WuzhiController.uploadUser(WuzhiController.java:181) - 增加人数0
2017-03-24 17:18:00,533 [INFO] [thread-name: org.springframework.scheduling.quartz.SchedulerFactoryBean#0_Worker-3] com.wuzhi.action.WuzhiController.uploadUser(WuzhiController.java:180) - 此次花费时间519
2017-03-24 17:18:00,533 [INFO] [thread-name: org.springframework.scheduling.quartz.SchedulerFactoryBean#0_Worker-3] com.wuzhi.action.WuzhiController.uploadUser(WuzhiController.java:181) - 增加人数0
2017-03-24 17:19:00,145 [INFO] [thread-name: org.springframework.scheduling.quartz.SchedulerFactoryBean#0_Worker-9] com.wuzhi.action.WuzhiController.uploadUser(WuzhiController.java:180) - 此次花费时间129
2017-03-24 17:19:00,146 [INFO] [thread-name: org.springframework.scheduling.quartz.SchedulerFactoryBean#0_Worker-9] com.wuzhi.action.WuzhiController.uploadUser(WuzhiController.java:181) - 增加人数0
2017-03-24 17:20:03,568 [INFO] [thread-name: org.springframework.scheduling.quartz.SchedulerFactoryBean#0_Worker-4] com.wuzhi.action.WuzhiController.uploadUser(WuzhiController.java:180) - 此次花费时间3550
2017-03-24 17:20:03,568 [INFO] [thread-name: org.springframework.scheduling.quartz.SchedulerFactoryBean#0_Worker-4] com.wuzhi.action.WuzhiController.uploadUser(WuzhiController.java:181) - 增加人数0
2017-03-24 17:21:00,582 [INFO] [thread-name: org.springframework.scheduling.quartz.SchedulerFactoryBean#0_Worker-5] com.wuzhi.action.WuzhiController.uploadUser(WuzhiController.java:180) - 此次花费时间567
2017-03-24 17:21:00,583 [INFO] [thread-name: org.springframework.scheduling.quartz.SchedulerFactoryBean#0_Worker-5] com.wuzhi.action.WuzhiController.uploadUser(WuzhiController.java:181) - 增加人数0
2017-03-24 17:22:00,515 [INFO] [thread-name: org.springframework.scheduling.quartz.SchedulerFactoryBean#0_Worker-6] com.wuzhi.action.WuzhiController.uploadUser(WuzhiController.java:180) - 此次花费时间502
2017-03-24 17:22:00,516 [INFO] [thread-name: org.springframework.scheduling.quartz.SchedulerFactoryBean#0_Worker-6] com.wuzhi.action.WuzhiController.uploadUser(WuzhiController.java:181) - 增加人数0
2017-03-24 17:23:00,514 [INFO] [thread-name: org.springframework.scheduling.quartz.SchedulerFactoryBean#0_Worker-7] com.wuzhi.action.WuzhiController.uploadUser(WuzhiController.java:180) - 此次花费时间499
2017-03-24 17:23:00,515 [INFO] [thread-name: org.springframework.scheduling.quartz.SchedulerFactoryBean#0_Worker-7] com.wuzhi.action.WuzhiController.uploadUser(WuzhiController.java:181) - 增加人数0
2017-03-24 17:24:00,528 [INFO] [thread-name: org.springframework.scheduling.quartz.SchedulerFactoryBean#0_Worker-8] com.wuzhi.action.WuzhiController.uploadUser(WuzhiController.java:180) - 此次花费时间516
2017-03-24 17:24:00,528 [INFO] [thread-name: org.springframework.scheduling.quartz.SchedulerFactoryBean#0_Worker-8] com.wuzhi.action.WuzhiController.uploadUser(WuzhiController.java:181) - 增加人数0
2017-03-24 17:25:00,500 [INFO] [thread-name: org.springframework.scheduling.quartz.SchedulerFactoryBean#0_Worker-10] com.wuzhi.action.WuzhiController.uploadUser(WuzhiController.java:180) - 此次花费时间480
2017-03-24 17:25:00,501 [INFO] [thread-name: org.springframework.scheduling.quartz.SchedulerFactoryBean#0_Worker-10] com.wuzhi.action.WuzhiController.uploadUser(WuzhiController.java:181) - 增加人数0
2017-03-24 17:26:00,560 [INFO] [thread-name: org.springframework.scheduling.quartz.SchedulerFactoryBean#0_Worker-2] com.wuzhi.action.WuzhiController.uploadUser(WuzhiController.java:180) - 此次花费时间547
2017-03-24 17:26:00,561 [INFO] [thread-name: org.springframework.scheduling.quartz.SchedulerFactoryBean#0_Worker-2] com.wuzhi.action.WuzhiController.uploadUser(WuzhiController.java:181) - 增加人数0
2017-03-24 17:27:00,548 [INFO] [thread-name: org.springframework.scheduling.quartz.SchedulerFactoryBean#0_Worker-1] com.wuzhi.action.WuzhiController.uploadUser(WuzhiController.java:180) - 此次花费时间536
2017-03-24 17:27:00,548 [INFO] [thread-name: org.springframework.scheduling.quartz.SchedulerFactoryBean#0_Worker-1] com.wuzhi.action.WuzhiController.uploadUser(WuzhiController.java:181) - 增加人数0
2017-03-24 17:28:00,541 [INFO] [thread-name: org.springframework.scheduling.quartz.SchedulerFactoryBean#0_Worker-9] com.wuzhi.action.WuzhiController.uploadUser(WuzhiController.java:180) - 此次花费时间531
2017-03-24 17:28:00,541 [INFO] [thread-name: org.springframework.scheduling.quartz.SchedulerFactoryBean#0_Worker-9] com.wuzhi.action.WuzhiController.uploadUser(WuzhiController.java:181) - 增加人数0
2017-03-24 17:29:00,442 [INFO] [thread-name: org.springframework.scheduling.quartz.SchedulerFactoryBean#0_Worker-4] com.wuzhi.action.WuzhiController.uploadUser(WuzhiController.java:180) - 此次花费时间431
2017-03-24 17:29:00,443 [INFO] [thread-name: org.springframework.scheduling.quartz.SchedulerFactoryBean#0_Worker-4] com.wuzhi.action.WuzhiController.uploadUser(WuzhiController.java:181) - 增加人数0
2017-03-24 17:29:37,757 [INFO] [thread-name: org.springframework.scheduling.quartz.SchedulerFactoryBean#0_Worker-3] com.wuzhi.action.WuzhiController.addAllDownUser(WuzhiController.java:307) - 此次花费时间157745
2017-03-24 17:29:37,757 [INFO] [thread-name: org.springframework.scheduling.quartz.SchedulerFactoryBean#0_Worker-3] com.wuzhi.action.WuzhiController.addAllDownUser(WuzhiController.java:308) - 增加日志8
2017-03-24 17:30:00,104 [INFO] [thread-name: org.springframework.scheduling.quartz.SchedulerFactoryBean#0_Worker-5] com.wuzhi.action.WuzhiController.uploadUser(WuzhiController.java:180) - 此次花费时间88
2017-03-24 17:30:00,105 [INFO] [thread-name: org.springframework.scheduling.quartz.SchedulerFactoryBean#0_Worker-5] com.wuzhi.action.WuzhiController.uploadUser(WuzhiController.java:181) - 增加人数0
2017-03-24 17:31:00,558 [INFO] [thread-name: org.springframework.scheduling.quartz.SchedulerFactoryBean#0_Worker-6] com.wuzhi.action.WuzhiController.uploadUser(WuzhiController.java:180) - 此次花费时间545
2017-03-24 17:31:00,558 [INFO] [thread-name: org.springframework.scheduling.quartz.SchedulerFactoryBean#0_Worker-6] com.wuzhi.action.WuzhiController.uploadUser(WuzhiController.java:181) - 增加人数0
2017-03-24 17:32:00,118 [INFO] [thread-name: org.springframework.scheduling.quartz.SchedulerFactoryBean#0_Worker-7] com.wuzhi.action.WuzhiController.uploadUser(WuzhiController.java:180) - 此次花费时间99
2017-03-24 17:32:00,118 [INFO] [thread-name: org.springframework.scheduling.quartz.SchedulerFactoryBean#0_Worker-7] com.wuzhi.action.WuzhiController.uploadUser(WuzhiController.java:181) - 增加人数0
2017-03-24 17:33:00,503 [INFO] [thread-name: org.springframework.scheduling.quartz.SchedulerFactoryBean#0_Worker-8] com.wuzhi.action.WuzhiController.uploadUser(WuzhiController.java:180) - 此次花费时间491
2017-03-24 17:33:00,503 [INFO] [thread-name: org.springframework.scheduling.quartz.SchedulerFactoryBean#0_Worker-8] com.wuzhi.action.WuzhiController.uploadUser(WuzhiController.java:181) - 增加人数0
