2017-03-22 13:52:14,433 [INFO] [thread-name: org.springframework.scheduling.quartz.SchedulerFactoryBean#0_Worker-1] com.wuzhi.action.WuzhiController.uploadUser(WuzhiController.java:180) - 此次花费时间14335
2017-03-22 13:52:14,498 [INFO] [thread-name: org.springframework.scheduling.quartz.SchedulerFactoryBean#0_Worker-1] com.wuzhi.action.WuzhiController.uploadUser(WuzhiController.java:181) - 增加人数12
2017-03-22 13:53:00,176 [INFO] [thread-name: org.springframework.scheduling.quartz.SchedulerFactoryBean#0_Worker-2] com.wuzhi.action.WuzhiController.uploadUser(WuzhiController.java:180) - 此次花费时间155
2017-03-22 13:53:00,176 [INFO] [thread-name: org.springframework.scheduling.quartz.SchedulerFactoryBean#0_Worker-2] com.wuzhi.action.WuzhiController.uploadUser(WuzhiController.java:181) - 增加人数0
2017-03-22 13:54:00,580 [INFO] [thread-name: org.springframework.scheduling.quartz.SchedulerFactoryBean#0_Worker-3] com.wuzhi.action.WuzhiController.uploadUser(WuzhiController.java:180) - 此次花费时间563
2017-03-22 13:54:00,581 [INFO] [thread-name: org.springframework.scheduling.quartz.SchedulerFactoryBean#0_Worker-3] com.wuzhi.action.WuzhiController.uploadUser(WuzhiController.java:181) - 增加人数0
2017-03-22 13:55:00,540 [INFO] [thread-name: org.springframework.scheduling.quartz.SchedulerFactoryBean#0_Worker-4] com.wuzhi.action.WuzhiController.uploadUser(WuzhiController.java:180) - 此次花费时间523
2017-03-22 13:55:00,540 [INFO] [thread-name: org.springframework.scheduling.quartz.SchedulerFactoryBean#0_Worker-4] com.wuzhi.action.WuzhiController.uploadUser(WuzhiController.java:181) - 增加人数0
2017-03-22 13:56:00,133 [INFO] [thread-name: org.springframework.scheduling.quartz.SchedulerFactoryBean#0_Worker-5] com.wuzhi.action.WuzhiController.uploadUser(WuzhiController.java:180) - 此次花费时间120
2017-03-22 13:56:00,134 [INFO] [thread-name: org.springframework.scheduling.quartz.SchedulerFactoryBean#0_Worker-5] com.wuzhi.action.WuzhiController.uploadUser(WuzhiController.java:181) - 增加人数0
2017-03-22 13:57:00,171 [INFO] [thread-name: org.springframework.scheduling.quartz.SchedulerFactoryBean#0_Worker-6] com.wuzhi.action.WuzhiController.uploadUser(WuzhiController.java:180) - 此次花费时间152
2017-03-22 13:57:00,171 [INFO] [thread-name: org.springframework.scheduling.quartz.SchedulerFactoryBean#0_Worker-6] com.wuzhi.action.WuzhiController.uploadUser(WuzhiController.java:181) - 增加人数0
2017-03-22 13:58:00,449 [INFO] [thread-name: org.springframework.scheduling.quartz.SchedulerFactoryBean#0_Worker-8] com.wuzhi.action.WuzhiController.uploadUser(WuzhiController.java:180) - 此次花费时间433
2017-03-22 13:58:00,449 [INFO] [thread-name: org.springframework.scheduling.quartz.SchedulerFactoryBean#0_Worker-8] com.wuzhi.action.WuzhiController.uploadUser(WuzhiController.java:181) - 增加人数0
2017-03-22 13:59:00,536 [INFO] [thread-name: org.springframework.scheduling.quartz.SchedulerFactoryBean#0_Worker-9] com.wuzhi.action.WuzhiController.uploadUser(WuzhiController.java:180) - 此次花费时间521
2017-03-22 13:59:00,537 [INFO] [thread-name: org.springframework.scheduling.quartz.SchedulerFactoryBean#0_Worker-9] com.wuzhi.action.WuzhiController.uploadUser(WuzhiController.java:181) - 增加人数0
2017-03-22 14:00:00,570 [INFO] [thread-name: org.springframework.scheduling.quartz.SchedulerFactoryBean#0_Worker-10] com.wuzhi.action.WuzhiController.uploadUser(WuzhiController.java:180) - 此次花费时间556
2017-03-22 14:00:00,570 [INFO] [thread-name: org.springframework.scheduling.quartz.SchedulerFactoryBean#0_Worker-10] com.wuzhi.action.WuzhiController.uploadUser(WuzhiController.java:181) - 增加人数0
2017-03-22 14:00:48,932 [INFO] [thread-name: org.springframework.scheduling.quartz.SchedulerFactoryBean#0_Worker-7] com.wuzhi.action.WuzhiController.addAllDownUser(WuzhiController.java:306) - 此次花费时间228912
2017-03-22 14:00:48,932 [INFO] [thread-name: org.springframework.scheduling.quartz.SchedulerFactoryBean#0_Worker-7] com.wuzhi.action.WuzhiController.addAllDownUser(WuzhiController.java:307) - 增加日志828
2017-03-22 14:01:00,119 [INFO] [thread-name: org.springframework.scheduling.quartz.SchedulerFactoryBean#0_Worker-1] com.wuzhi.action.WuzhiController.uploadUser(WuzhiController.java:180) - 此次花费时间108
2017-03-22 14:01:00,119 [INFO] [thread-name: org.springframework.scheduling.quartz.SchedulerFactoryBean#0_Worker-1] com.wuzhi.action.WuzhiController.uploadUser(WuzhiController.java:181) - 增加人数0
2017-03-22 14:02:00,515 [INFO] [thread-name: org.springframework.scheduling.quartz.SchedulerFactoryBean#0_Worker-2] com.wuzhi.action.WuzhiController.uploadUser(WuzhiController.java:180) - 此次花费时间498
2017-03-22 14:02:00,515 [INFO] [thread-name: org.springframework.scheduling.quartz.SchedulerFactoryBean#0_Worker-2] com.wuzhi.action.WuzhiController.uploadUser(WuzhiController.java:181) - 增加人数0
2017-03-22 14:03:00,480 [INFO] [thread-name: org.springframework.scheduling.quartz.SchedulerFactoryBean#0_Worker-3] com.wuzhi.action.WuzhiController.uploadUser(WuzhiController.java:180) - 此次花费时间462
2017-03-22 14:03:00,481 [INFO] [thread-name: org.springframework.scheduling.quartz.SchedulerFactoryBean#0_Worker-3] com.wuzhi.action.WuzhiController.uploadUser(WuzhiController.java:181) - 增加人数0
2017-03-22 14:04:00,595 [INFO] [thread-name: org.springframework.scheduling.quartz.SchedulerFactoryBean#0_Worker-4] com.wuzhi.action.WuzhiController.uploadUser(WuzhiController.java:180) - 此次花费时间584
2017-03-22 14:04:00,596 [INFO] [thread-name: org.springframework.scheduling.quartz.SchedulerFactoryBean#0_Worker-4] com.wuzhi.action.WuzhiController.uploadUser(WuzhiController.java:181) - 增加人数0
2017-03-22 14:05:00,480 [INFO] [thread-name: org.springframework.scheduling.quartz.SchedulerFactoryBean#0_Worker-5] com.wuzhi.action.WuzhiController.uploadUser(WuzhiController.java:180) - 此次花费时间465
2017-03-22 14:05:00,481 [INFO] [thread-name: org.springframework.scheduling.quartz.SchedulerFactoryBean#0_Worker-5] com.wuzhi.action.WuzhiController.uploadUser(WuzhiController.java:181) - 增加人数0
2017-03-22 14:06:00,502 [INFO] [thread-name: org.springframework.scheduling.quartz.SchedulerFactoryBean#0_Worker-6] com.wuzhi.action.WuzhiController.uploadUser(WuzhiController.java:180) - 此次花费时间484
2017-03-22 14:06:00,503 [INFO] [thread-name: org.springframework.scheduling.quartz.SchedulerFactoryBean#0_Worker-6] com.wuzhi.action.WuzhiController.uploadUser(WuzhiController.java:181) - 增加人数0
2017-03-22 14:07:00,110 [INFO] [thread-name: org.springframework.scheduling.quartz.SchedulerFactoryBean#0_Worker-8] com.wuzhi.action.WuzhiController.uploadUser(WuzhiController.java:180) - 此次花费时间95
2017-03-22 14:07:00,111 [INFO] [thread-name: org.springframework.scheduling.quartz.SchedulerFactoryBean#0_Worker-8] com.wuzhi.action.WuzhiController.uploadUser(WuzhiController.java:181) - 增加人数0
2017-03-22 14:08:00,476 [INFO] [thread-name: org.springframework.scheduling.quartz.SchedulerFactoryBean#0_Worker-10] com.wuzhi.action.WuzhiController.uploadUser(WuzhiController.java:180) - 此次花费时间462
2017-03-22 14:08:00,476 [INFO] [thread-name: org.springframework.scheduling.quartz.SchedulerFactoryBean#0_Worker-10] com.wuzhi.action.WuzhiController.uploadUser(WuzhiController.java:181) - 增加人数0
2017-03-22 14:09:00,573 [INFO] [thread-name: org.springframework.scheduling.quartz.SchedulerFactoryBean#0_Worker-7] com.wuzhi.action.WuzhiController.uploadUser(WuzhiController.java:180) - 此次花费时间561
2017-03-22 14:09:00,574 [INFO] [thread-name: org.springframework.scheduling.quartz.SchedulerFactoryBean#0_Worker-7] com.wuzhi.action.WuzhiController.uploadUser(WuzhiController.java:181) - 增加人数0
2017-03-22 14:10:00,516 [INFO] [thread-name: org.springframework.scheduling.quartz.SchedulerFactoryBean#0_Worker-1] com.wuzhi.action.WuzhiController.uploadUser(WuzhiController.java:180) - 此次花费时间500
2017-03-22 14:10:00,516 [INFO] [thread-name: org.springframework.scheduling.quartz.SchedulerFactoryBean#0_Worker-1] com.wuzhi.action.WuzhiController.uploadUser(WuzhiController.java:181) - 增加人数0
2017-03-22 14:10:18,407 [INFO] [thread-name: org.springframework.scheduling.quartz.SchedulerFactoryBean#0_Worker-9] com.wuzhi.action.WuzhiController.addAllDownUser(WuzhiController.java:306) - 此次花费时间198389
2017-03-22 14:10:18,407 [INFO] [thread-name: org.springframework.scheduling.quartz.SchedulerFactoryBean#0_Worker-9] com.wuzhi.action.WuzhiController.addAllDownUser(WuzhiController.java:307) - 增加日志0
2017-03-22 14:11:00,560 [INFO] [thread-name: org.springframework.scheduling.quartz.SchedulerFactoryBean#0_Worker-2] com.wuzhi.action.WuzhiController.uploadUser(WuzhiController.java:180) - 此次花费时间546
2017-03-22 14:11:00,560 [INFO] [thread-name: org.springframework.scheduling.quartz.SchedulerFactoryBean#0_Worker-2] com.wuzhi.action.WuzhiController.uploadUser(WuzhiController.java:181) - 增加人数0
2017-03-22 14:12:03,524 [INFO] [thread-name: org.springframework.scheduling.quartz.SchedulerFactoryBean#0_Worker-3] com.wuzhi.action.WuzhiController.uploadUser(WuzhiController.java:180) - 此次花费时间3508
2017-03-22 14:12:03,524 [INFO] [thread-name: org.springframework.scheduling.quartz.SchedulerFactoryBean#0_Worker-3] com.wuzhi.action.WuzhiController.uploadUser(WuzhiController.java:181) - 增加人数0
2017-03-22 14:13:00,484 [INFO] [thread-name: org.springframework.scheduling.quartz.SchedulerFactoryBean#0_Worker-4] com.wuzhi.action.WuzhiController.uploadUser(WuzhiController.java:180) - 此次花费时间465
2017-03-22 14:13:00,485 [INFO] [thread-name: org.springframework.scheduling.quartz.SchedulerFactoryBean#0_Worker-4] com.wuzhi.action.WuzhiController.uploadUser(WuzhiController.java:181) - 增加人数0
2017-03-22 14:14:00,471 [INFO] [thread-name: org.springframework.scheduling.quartz.SchedulerFactoryBean#0_Worker-5] com.wuzhi.action.WuzhiController.uploadUser(WuzhiController.java:180) - 此次花费时间458
2017-03-22 14:14:00,472 [INFO] [thread-name: org.springframework.scheduling.quartz.SchedulerFactoryBean#0_Worker-5] com.wuzhi.action.WuzhiController.uploadUser(WuzhiController.java:181) - 增加人数0
2017-03-22 14:15:00,521 [INFO] [thread-name: org.springframework.scheduling.quartz.SchedulerFactoryBean#0_Worker-6] com.wuzhi.action.WuzhiController.uploadUser(WuzhiController.java:180) - 此次花费时间506
2017-03-22 14:15:00,521 [INFO] [thread-name: org.springframework.scheduling.quartz.SchedulerFactoryBean#0_Worker-6] com.wuzhi.action.WuzhiController.uploadUser(WuzhiController.java:181) - 增加人数0
2017-03-22 14:16:00,134 [INFO] [thread-name: org.springframework.scheduling.quartz.SchedulerFactoryBean#0_Worker-8] com.wuzhi.action.WuzhiController.uploadUser(WuzhiController.java:180) - 此次花费时间118
2017-03-22 14:16:00,135 [INFO] [thread-name: org.springframework.scheduling.quartz.SchedulerFactoryBean#0_Worker-8] com.wuzhi.action.WuzhiController.uploadUser(WuzhiController.java:181) - 增加人数0
2017-03-22 14:17:00,513 [INFO] [thread-name: org.springframework.scheduling.quartz.SchedulerFactoryBean#0_Worker-10] com.wuzhi.action.WuzhiController.uploadUser(WuzhiController.java:180) - 此次花费时间502
2017-03-22 14:17:00,515 [INFO] [thread-name: org.springframework.scheduling.quartz.SchedulerFactoryBean#0_Worker-10] com.wuzhi.action.WuzhiController.uploadUser(WuzhiController.java:181) - 增加人数0
2017-03-22 14:18:00,521 [INFO] [thread-name: org.springframework.scheduling.quartz.SchedulerFactoryBean#0_Worker-7] com.wuzhi.action.WuzhiController.uploadUser(WuzhiController.java:180) - 此次花费时间503
2017-03-22 14:18:00,522 [INFO] [thread-name: org.springframework.scheduling.quartz.SchedulerFactoryBean#0_Worker-7] com.wuzhi.action.WuzhiController.uploadUser(WuzhiController.java:181) - 增加人数0
2017-03-22 14:19:00,522 [INFO] [thread-name: org.springframework.scheduling.quartz.SchedulerFactoryBean#0_Worker-1] com.wuzhi.action.WuzhiController.uploadUser(WuzhiController.java:180) - 此次花费时间510
2017-03-22 14:19:00,523 [INFO] [thread-name: org.springframework.scheduling.quartz.SchedulerFactoryBean#0_Worker-1] com.wuzhi.action.WuzhiController.uploadUser(WuzhiController.java:181) - 增加人数0
2017-03-22 14:20:00,562 [INFO] [thread-name: org.springframework.scheduling.quartz.SchedulerFactoryBean#0_Worker-9] com.wuzhi.action.WuzhiController.uploadUser(WuzhiController.java:180) - 此次花费时间547
2017-03-22 14:20:00,563 [INFO] [thread-name: org.springframework.scheduling.quartz.SchedulerFactoryBean#0_Worker-9] com.wuzhi.action.WuzhiController.uploadUser(WuzhiController.java:181) - 增加人数0
2017-03-22 14:21:00,527 [INFO] [thread-name: org.springframework.scheduling.quartz.SchedulerFactoryBean#0_Worker-2] com.wuzhi.action.WuzhiController.uploadUser(WuzhiController.java:180) - 此次花费时间513
2017-03-22 14:21:00,528 [INFO] [thread-name: org.springframework.scheduling.quartz.SchedulerFactoryBean#0_Worker-2] com.wuzhi.action.WuzhiController.uploadUser(WuzhiController.java:181) - 增加人数0
2017-03-22 14:22:00,504 [INFO] [thread-name: org.springframework.scheduling.quartz.SchedulerFactoryBean#0_Worker-3] com.wuzhi.action.WuzhiController.uploadUser(WuzhiController.java:180) - 此次花费时间487
2017-03-22 14:22:00,505 [INFO] [thread-name: org.springframework.scheduling.quartz.SchedulerFactoryBean#0_Worker-3] com.wuzhi.action.WuzhiController.uploadUser(WuzhiController.java:181) - 增加人数0
2017-03-22 14:23:03,642 [INFO] [thread-name: org.springframework.scheduling.quartz.SchedulerFactoryBean#0_Worker-4] com.wuzhi.action.WuzhiController.uploadUser(WuzhiController.java:180) - 此次花费时间3628
2017-03-22 14:23:03,643 [INFO] [thread-name: org.springframework.scheduling.quartz.SchedulerFactoryBean#0_Worker-4] com.wuzhi.action.WuzhiController.uploadUser(WuzhiController.java:181) - 增加人数0
2017-03-22 14:24:00,541 [INFO] [thread-name: org.springframework.scheduling.quartz.SchedulerFactoryBean#0_Worker-5] com.wuzhi.action.WuzhiController.uploadUser(WuzhiController.java:180) - 此次花费时间522
2017-03-22 14:24:00,541 [INFO] [thread-name: org.springframework.scheduling.quartz.SchedulerFactoryBean#0_Worker-5] com.wuzhi.action.WuzhiController.uploadUser(WuzhiController.java:181) - 增加人数0
2017-03-22 14:25:00,455 [INFO] [thread-name: org.springframework.scheduling.quartz.SchedulerFactoryBean#0_Worker-6] com.wuzhi.action.WuzhiController.uploadUser(WuzhiController.java:180) - 此次花费时间440
2017-03-22 14:25:00,455 [INFO] [thread-name: org.springframework.scheduling.quartz.SchedulerFactoryBean#0_Worker-6] com.wuzhi.action.WuzhiController.uploadUser(WuzhiController.java:181) - 增加人数0
2017-03-22 14:26:00,119 [INFO] [thread-name: org.springframework.scheduling.quartz.SchedulerFactoryBean#0_Worker-8] com.wuzhi.action.WuzhiController.uploadUser(WuzhiController.java:180) - 此次花费时间99
2017-03-22 14:26:00,120 [INFO] [thread-name: org.springframework.scheduling.quartz.SchedulerFactoryBean#0_Worker-8] com.wuzhi.action.WuzhiController.uploadUser(WuzhiController.java:181) - 增加人数0
2017-03-22 14:27:00,536 [INFO] [thread-name: org.springframework.scheduling.quartz.SchedulerFactoryBean#0_Worker-10] com.wuzhi.action.WuzhiController.uploadUser(WuzhiController.java:180) - 此次花费时间526
2017-03-22 14:27:00,536 [INFO] [thread-name: org.springframework.scheduling.quartz.SchedulerFactoryBean#0_Worker-10] com.wuzhi.action.WuzhiController.uploadUser(WuzhiController.java:181) - 增加人数0
2017-03-22 14:28:00,124 [INFO] [thread-name: org.springframework.scheduling.quartz.SchedulerFactoryBean#0_Worker-1] com.wuzhi.action.WuzhiController.uploadUser(WuzhiController.java:180) - 此次花费时间110
2017-03-22 14:28:00,125 [INFO] [thread-name: org.springframework.scheduling.quartz.SchedulerFactoryBean#0_Worker-1] com.wuzhi.action.WuzhiController.uploadUser(WuzhiController.java:181) - 增加人数0
2017-03-22 14:29:00,490 [INFO] [thread-name: org.springframework.scheduling.quartz.SchedulerFactoryBean#0_Worker-9] com.wuzhi.action.WuzhiController.uploadUser(WuzhiController.java:180) - 此次花费时间478
2017-03-22 14:29:00,530 [INFO] [thread-name: org.springframework.scheduling.quartz.SchedulerFactoryBean#0_Worker-9] com.wuzhi.action.WuzhiController.uploadUser(WuzhiController.java:181) - 增加人数0
2017-03-22 14:30:00,340 [INFO] [thread-name: org.springframework.scheduling.quartz.SchedulerFactoryBean#0_Worker-2] com.wuzhi.action.WuzhiController.uploadUser(WuzhiController.java:180) - 此次花费时间322
2017-03-22 14:30:00,340 [INFO] [thread-name: org.springframework.scheduling.quartz.SchedulerFactoryBean#0_Worker-2] com.wuzhi.action.WuzhiController.uploadUser(WuzhiController.java:181) - 增加人数0
2017-03-22 14:31:00,495 [INFO] [thread-name: org.springframework.scheduling.quartz.SchedulerFactoryBean#0_Worker-3] com.wuzhi.action.WuzhiController.uploadUser(WuzhiController.java:180) - 此次花费时间475
2017-03-22 14:31:00,496 [INFO] [thread-name: org.springframework.scheduling.quartz.SchedulerFactoryBean#0_Worker-3] com.wuzhi.action.WuzhiController.uploadUser(WuzhiController.java:181) - 增加人数0
2017-03-22 14:32:00,291 [INFO] [thread-name: org.springframework.scheduling.quartz.SchedulerFactoryBean#0_Worker-4] com.wuzhi.action.WuzhiController.uploadUser(WuzhiController.java:180) - 此次花费时间279
2017-03-22 14:32:00,291 [INFO] [thread-name: org.springframework.scheduling.quartz.SchedulerFactoryBean#0_Worker-4] com.wuzhi.action.WuzhiController.uploadUser(WuzhiController.java:181) - 增加人数0
2017-03-22 14:33:00,505 [INFO] [thread-name: org.springframework.scheduling.quartz.SchedulerFactoryBean#0_Worker-5] com.wuzhi.action.WuzhiController.uploadUser(WuzhiController.java:180) - 此次花费时间491
2017-03-22 14:33:00,505 [INFO] [thread-name: org.springframework.scheduling.quartz.SchedulerFactoryBean#0_Worker-5] com.wuzhi.action.WuzhiController.uploadUser(WuzhiController.java:181) - 增加人数0
2017-03-22 14:34:00,147 [INFO] [thread-name: org.springframework.scheduling.quartz.SchedulerFactoryBean#0_Worker-6] com.wuzhi.action.WuzhiController.uploadUser(WuzhiController.java:180) - 此次花费时间128
2017-03-22 14:34:00,147 [INFO] [thread-name: org.springframework.scheduling.quartz.SchedulerFactoryBean#0_Worker-6] com.wuzhi.action.WuzhiController.uploadUser(WuzhiController.java:181) - 增加人数0
2017-03-22 14:35:00,481 [INFO] [thread-name: org.springframework.scheduling.quartz.SchedulerFactoryBean#0_Worker-8] com.wuzhi.action.WuzhiController.uploadUser(WuzhiController.java:180) - 此次花费时间471
2017-03-22 14:35:00,482 [INFO] [thread-name: org.springframework.scheduling.quartz.SchedulerFactoryBean#0_Worker-8] com.wuzhi.action.WuzhiController.uploadUser(WuzhiController.java:181) - 增加人数0
2017-03-22 14:36:00,129 [INFO] [thread-name: org.springframework.scheduling.quartz.SchedulerFactoryBean#0_Worker-10] com.wuzhi.action.WuzhiController.uploadUser(WuzhiController.java:180) - 此次花费时间110
2017-03-22 14:36:00,130 [INFO] [thread-name: org.springframework.scheduling.quartz.SchedulerFactoryBean#0_Worker-10] com.wuzhi.action.WuzhiController.uploadUser(WuzhiController.java:181) - 增加人数0
2017-03-22 14:37:00,123 [INFO] [thread-name: org.springframework.scheduling.quartz.SchedulerFactoryBean#0_Worker-1] com.wuzhi.action.WuzhiController.uploadUser(WuzhiController.java:180) - 此次花费时间111
2017-03-22 14:37:00,124 [INFO] [thread-name: org.springframework.scheduling.quartz.SchedulerFactoryBean#0_Worker-1] com.wuzhi.action.WuzhiController.uploadUser(WuzhiController.java:181) - 增加人数0
2017-03-22 14:38:01,087 [INFO] [thread-name: org.springframework.scheduling.quartz.SchedulerFactoryBean#0_Worker-9] com.wuzhi.action.WuzhiController.uploadUser(WuzhiController.java:180) - 此次花费时间1071
2017-03-22 14:38:01,088 [INFO] [thread-name: org.springframework.scheduling.quartz.SchedulerFactoryBean#0_Worker-9] com.wuzhi.action.WuzhiController.uploadUser(WuzhiController.java:181) - 增加人数0
2017-03-22 14:39:00,494 [INFO] [thread-name: org.springframework.scheduling.quartz.SchedulerFactoryBean#0_Worker-2] com.wuzhi.action.WuzhiController.uploadUser(WuzhiController.java:180) - 此次花费时间479
2017-03-22 14:39:00,494 [INFO] [thread-name: org.springframework.scheduling.quartz.SchedulerFactoryBean#0_Worker-2] com.wuzhi.action.WuzhiController.uploadUser(WuzhiController.java:181) - 增加人数0
2017-03-22 14:40:00,458 [INFO] [thread-name: org.springframework.scheduling.quartz.SchedulerFactoryBean#0_Worker-3] com.wuzhi.action.WuzhiController.uploadUser(WuzhiController.java:180) - 此次花费时间441
2017-03-22 14:40:00,459 [INFO] [thread-name: org.springframework.scheduling.quartz.SchedulerFactoryBean#0_Worker-3] com.wuzhi.action.WuzhiController.uploadUser(WuzhiController.java:181) - 增加人数0
2017-03-22 14:41:00,467 [INFO] [thread-name: org.springframework.scheduling.quartz.SchedulerFactoryBean#0_Worker-4] com.wuzhi.action.WuzhiController.uploadUser(WuzhiController.java:180) - 此次花费时间451
2017-03-22 14:41:00,468 [INFO] [thread-name: org.springframework.scheduling.quartz.SchedulerFactoryBean#0_Worker-4] com.wuzhi.action.WuzhiController.uploadUser(WuzhiController.java:181) - 增加人数0
2017-03-22 14:42:00,530 [INFO] [thread-name: org.springframework.scheduling.quartz.SchedulerFactoryBean#0_Worker-5] com.wuzhi.action.WuzhiController.uploadUser(WuzhiController.java:180) - 此次花费时间509
2017-03-22 14:42:00,531 [INFO] [thread-name: org.springframework.scheduling.quartz.SchedulerFactoryBean#0_Worker-5] com.wuzhi.action.WuzhiController.uploadUser(WuzhiController.java:181) - 增加人数0
2017-03-22 14:43:00,458 [INFO] [thread-name: org.springframework.scheduling.quartz.SchedulerFactoryBean#0_Worker-6] com.wuzhi.action.WuzhiController.uploadUser(WuzhiController.java:180) - 此次花费时间446
2017-03-22 14:43:00,458 [INFO] [thread-name: org.springframework.scheduling.quartz.SchedulerFactoryBean#0_Worker-6] com.wuzhi.action.WuzhiController.uploadUser(WuzhiController.java:181) - 增加人数0
2017-03-22 14:44:00,594 [INFO] [thread-name: org.springframework.scheduling.quartz.SchedulerFactoryBean#0_Worker-8] com.wuzhi.action.WuzhiController.uploadUser(WuzhiController.java:180) - 此次花费时间582
2017-03-22 14:44:00,595 [INFO] [thread-name: org.springframework.scheduling.quartz.SchedulerFactoryBean#0_Worker-8] com.wuzhi.action.WuzhiController.uploadUser(WuzhiController.java:181) - 增加人数1
2017-03-22 14:45:00,487 [INFO] [thread-name: org.springframework.scheduling.quartz.SchedulerFactoryBean#0_Worker-10] com.wuzhi.action.WuzhiController.uploadUser(WuzhiController.java:180) - 此次花费时间472
2017-03-22 14:45:00,487 [INFO] [thread-name: org.springframework.scheduling.quartz.SchedulerFactoryBean#0_Worker-10] com.wuzhi.action.WuzhiController.uploadUser(WuzhiController.java:181) - 增加人数0
2017-03-22 14:46:00,457 [INFO] [thread-name: org.springframework.scheduling.quartz.SchedulerFactoryBean#0_Worker-1] com.wuzhi.action.WuzhiController.uploadUser(WuzhiController.java:180) - 此次花费时间440
2017-03-22 14:46:00,457 [INFO] [thread-name: org.springframework.scheduling.quartz.SchedulerFactoryBean#0_Worker-1] com.wuzhi.action.WuzhiController.uploadUser(WuzhiController.java:181) - 增加人数0
2017-03-22 14:47:00,495 [INFO] [thread-name: org.springframework.scheduling.quartz.SchedulerFactoryBean#0_Worker-9] com.wuzhi.action.WuzhiController.uploadUser(WuzhiController.java:180) - 此次花费时间483
2017-03-22 14:47:00,495 [INFO] [thread-name: org.springframework.scheduling.quartz.SchedulerFactoryBean#0_Worker-9] com.wuzhi.action.WuzhiController.uploadUser(WuzhiController.java:181) - 增加人数0
2017-03-22 14:48:00,530 [INFO] [thread-name: org.springframework.scheduling.quartz.SchedulerFactoryBean#0_Worker-2] com.wuzhi.action.WuzhiController.uploadUser(WuzhiController.java:180) - 此次花费时间514
2017-03-22 14:48:00,531 [INFO] [thread-name: org.springframework.scheduling.quartz.SchedulerFactoryBean#0_Worker-2] com.wuzhi.action.WuzhiController.uploadUser(WuzhiController.java:181) - 增加人数0
2017-03-22 14:49:00,469 [INFO] [thread-name: org.springframework.scheduling.quartz.SchedulerFactoryBean#0_Worker-3] com.wuzhi.action.WuzhiController.uploadUser(WuzhiController.java:180) - 此次花费时间450
2017-03-22 14:49:00,470 [INFO] [thread-name: org.springframework.scheduling.quartz.SchedulerFactoryBean#0_Worker-3] com.wuzhi.action.WuzhiController.uploadUser(WuzhiController.java:181) - 增加人数0
2017-03-22 14:50:00,490 [INFO] [thread-name: org.springframework.scheduling.quartz.SchedulerFactoryBean#0_Worker-4] com.wuzhi.action.WuzhiController.uploadUser(WuzhiController.java:180) - 此次花费时间473
2017-03-22 14:50:00,490 [INFO] [thread-name: org.springframework.scheduling.quartz.SchedulerFactoryBean#0_Worker-4] com.wuzhi.action.WuzhiController.uploadUser(WuzhiController.java:181) - 增加人数0
2017-03-22 14:51:00,474 [INFO] [thread-name: org.springframework.scheduling.quartz.SchedulerFactoryBean#0_Worker-5] com.wuzhi.action.WuzhiController.uploadUser(WuzhiController.java:180) - 此次花费时间452
2017-03-22 14:51:00,475 [INFO] [thread-name: org.springframework.scheduling.quartz.SchedulerFactoryBean#0_Worker-5] com.wuzhi.action.WuzhiController.uploadUser(WuzhiController.java:181) - 增加人数0
2017-03-22 14:52:00,114 [INFO] [thread-name: org.springframework.scheduling.quartz.SchedulerFactoryBean#0_Worker-6] com.wuzhi.action.WuzhiController.uploadUser(WuzhiController.java:180) - 此次花费时间100
2017-03-22 14:52:00,114 [INFO] [thread-name: org.springframework.scheduling.quartz.SchedulerFactoryBean#0_Worker-6] com.wuzhi.action.WuzhiController.uploadUser(WuzhiController.java:181) - 增加人数0
2017-03-22 14:53:00,554 [INFO] [thread-name: org.springframework.scheduling.quartz.SchedulerFactoryBean#0_Worker-8] com.wuzhi.action.WuzhiController.uploadUser(WuzhiController.java:180) - 此次花费时间539
2017-03-22 14:53:00,555 [INFO] [thread-name: org.springframework.scheduling.quartz.SchedulerFactoryBean#0_Worker-8] com.wuzhi.action.WuzhiController.uploadUser(WuzhiController.java:181) - 增加人数0
2017-03-22 14:54:00,127 [INFO] [thread-name: org.springframework.scheduling.quartz.SchedulerFactoryBean#0_Worker-10] com.wuzhi.action.WuzhiController.uploadUser(WuzhiController.java:180) - 此次花费时间108
2017-03-22 14:54:00,128 [INFO] [thread-name: org.springframework.scheduling.quartz.SchedulerFactoryBean#0_Worker-10] com.wuzhi.action.WuzhiController.uploadUser(WuzhiController.java:181) - 增加人数0
2017-03-22 14:55:01,037 [INFO] [thread-name: org.springframework.scheduling.quartz.SchedulerFactoryBean#0_Worker-1] com.wuzhi.action.WuzhiController.uploadUser(WuzhiController.java:180) - 此次花费时间1024
2017-03-22 14:55:01,038 [INFO] [thread-name: org.springframework.scheduling.quartz.SchedulerFactoryBean#0_Worker-1] com.wuzhi.action.WuzhiController.uploadUser(WuzhiController.java:181) - 增加人数0
2017-03-22 14:56:00,107 [INFO] [thread-name: org.springframework.scheduling.quartz.SchedulerFactoryBean#0_Worker-9] com.wuzhi.action.WuzhiController.uploadUser(WuzhiController.java:180) - 此次花费时间87
2017-03-22 14:56:00,108 [INFO] [thread-name: org.springframework.scheduling.quartz.SchedulerFactoryBean#0_Worker-9] com.wuzhi.action.WuzhiController.uploadUser(WuzhiController.java:181) - 增加人数0
2017-03-22 14:57:00,573 [INFO] [thread-name: org.springframework.scheduling.quartz.SchedulerFactoryBean#0_Worker-2] com.wuzhi.action.WuzhiController.uploadUser(WuzhiController.java:180) - 此次花费时间556
2017-03-22 14:57:00,574 [INFO] [thread-name: org.springframework.scheduling.quartz.SchedulerFactoryBean#0_Worker-2] com.wuzhi.action.WuzhiController.uploadUser(WuzhiController.java:181) - 增加人数0
2017-03-22 14:58:03,501 [INFO] [thread-name: org.springframework.scheduling.quartz.SchedulerFactoryBean#0_Worker-3] com.wuzhi.action.WuzhiController.uploadUser(WuzhiController.java:180) - 此次花费时间3484
2017-03-22 14:58:03,502 [INFO] [thread-name: org.springframework.scheduling.quartz.SchedulerFactoryBean#0_Worker-3] com.wuzhi.action.WuzhiController.uploadUser(WuzhiController.java:181) - 增加人数0
2017-03-22 14:59:00,511 [INFO] [thread-name: org.springframework.scheduling.quartz.SchedulerFactoryBean#0_Worker-4] com.wuzhi.action.WuzhiController.uploadUser(WuzhiController.java:180) - 此次花费时间501
2017-03-22 14:59:00,512 [INFO] [thread-name: org.springframework.scheduling.quartz.SchedulerFactoryBean#0_Worker-4] com.wuzhi.action.WuzhiController.uploadUser(WuzhiController.java:181) - 增加人数0
2017-03-22 15:00:00,491 [INFO] [thread-name: org.springframework.scheduling.quartz.SchedulerFactoryBean#0_Worker-5] com.wuzhi.action.WuzhiController.uploadUser(WuzhiController.java:180) - 此次花费时间477
2017-03-22 15:00:00,491 [INFO] [thread-name: org.springframework.scheduling.quartz.SchedulerFactoryBean#0_Worker-5] com.wuzhi.action.WuzhiController.uploadUser(WuzhiController.java:181) - 增加人数0
2017-03-22 15:01:00,554 [INFO] [thread-name: org.springframework.scheduling.quartz.SchedulerFactoryBean#0_Worker-6] com.wuzhi.action.WuzhiController.uploadUser(WuzhiController.java:180) - 此次花费时间539
2017-03-22 15:01:00,554 [INFO] [thread-name: org.springframework.scheduling.quartz.SchedulerFactoryBean#0_Worker-6] com.wuzhi.action.WuzhiController.uploadUser(WuzhiController.java:181) - 增加人数0
2017-03-22 15:02:00,493 [INFO] [thread-name: org.springframework.scheduling.quartz.SchedulerFactoryBean#0_Worker-8] com.wuzhi.action.WuzhiController.uploadUser(WuzhiController.java:180) - 此次花费时间476
2017-03-22 15:02:00,493 [INFO] [thread-name: org.springframework.scheduling.quartz.SchedulerFactoryBean#0_Worker-8] com.wuzhi.action.WuzhiController.uploadUser(WuzhiController.java:181) - 增加人数0
2017-03-22 15:03:00,510 [INFO] [thread-name: org.springframework.scheduling.quartz.SchedulerFactoryBean#0_Worker-10] com.wuzhi.action.WuzhiController.uploadUser(WuzhiController.java:180) - 此次花费时间492
2017-03-22 15:03:00,511 [INFO] [thread-name: org.springframework.scheduling.quartz.SchedulerFactoryBean#0_Worker-10] com.wuzhi.action.WuzhiController.uploadUser(WuzhiController.java:181) - 增加人数0
2017-03-22 15:04:00,489 [INFO] [thread-name: org.springframework.scheduling.quartz.SchedulerFactoryBean#0_Worker-1] com.wuzhi.action.WuzhiController.uploadUser(WuzhiController.java:180) - 此次花费时间470
2017-03-22 15:04:00,489 [INFO] [thread-name: org.springframework.scheduling.quartz.SchedulerFactoryBean#0_Worker-1] com.wuzhi.action.WuzhiController.uploadUser(WuzhiController.java:181) - 增加人数0
2017-03-22 15:05:00,657 [INFO] [thread-name: org.springframework.scheduling.quartz.SchedulerFactoryBean#0_Worker-9] com.wuzhi.action.WuzhiController.uploadUser(WuzhiController.java:180) - 此次花费时间638
2017-03-22 15:05:00,658 [INFO] [thread-name: org.springframework.scheduling.quartz.SchedulerFactoryBean#0_Worker-9] com.wuzhi.action.WuzhiController.uploadUser(WuzhiController.java:181) - 增加人数1
2017-03-22 15:06:00,464 [INFO] [thread-name: org.springframework.scheduling.quartz.SchedulerFactoryBean#0_Worker-2] com.wuzhi.action.WuzhiController.uploadUser(WuzhiController.java:180) - 此次花费时间444
2017-03-22 15:06:00,464 [INFO] [thread-name: org.springframework.scheduling.quartz.SchedulerFactoryBean#0_Worker-2] com.wuzhi.action.WuzhiController.uploadUser(WuzhiController.java:181) - 增加人数0
2017-03-22 15:07:00,106 [INFO] [thread-name: org.springframework.scheduling.quartz.SchedulerFactoryBean#0_Worker-3] com.wuzhi.action.WuzhiController.uploadUser(WuzhiController.java:180) - 此次花费时间90
2017-03-22 15:07:00,106 [INFO] [thread-name: org.springframework.scheduling.quartz.SchedulerFactoryBean#0_Worker-3] com.wuzhi.action.WuzhiController.uploadUser(WuzhiController.java:181) - 增加人数0
2017-03-22 15:08:00,107 [INFO] [thread-name: org.springframework.scheduling.quartz.SchedulerFactoryBean#0_Worker-4] com.wuzhi.action.WuzhiController.uploadUser(WuzhiController.java:180) - 此次花费时间96
2017-03-22 15:08:00,107 [INFO] [thread-name: org.springframework.scheduling.quartz.SchedulerFactoryBean#0_Worker-4] com.wuzhi.action.WuzhiController.uploadUser(WuzhiController.java:181) - 增加人数0
2017-03-22 15:09:00,133 [INFO] [thread-name: org.springframework.scheduling.quartz.SchedulerFactoryBean#0_Worker-5] com.wuzhi.action.WuzhiController.uploadUser(WuzhiController.java:180) - 此次花费时间119
2017-03-22 15:09:00,134 [INFO] [thread-name: org.springframework.scheduling.quartz.SchedulerFactoryBean#0_Worker-5] com.wuzhi.action.WuzhiController.uploadUser(WuzhiController.java:181) - 增加人数0
2017-03-22 15:10:00,545 [INFO] [thread-name: org.springframework.scheduling.quartz.SchedulerFactoryBean#0_Worker-6] com.wuzhi.action.WuzhiController.uploadUser(WuzhiController.java:180) - 此次花费时间527
2017-03-22 15:10:00,545 [INFO] [thread-name: org.springframework.scheduling.quartz.SchedulerFactoryBean#0_Worker-6] com.wuzhi.action.WuzhiController.uploadUser(WuzhiController.java:181) - 增加人数0
2017-03-22 15:11:00,492 [INFO] [thread-name: org.springframework.scheduling.quartz.SchedulerFactoryBean#0_Worker-8] com.wuzhi.action.WuzhiController.uploadUser(WuzhiController.java:180) - 此次花费时间474
2017-03-22 15:11:00,492 [INFO] [thread-name: org.springframework.scheduling.quartz.SchedulerFactoryBean#0_Worker-8] com.wuzhi.action.WuzhiController.uploadUser(WuzhiController.java:181) - 增加人数0
2017-03-22 15:12:00,517 [INFO] [thread-name: org.springframework.scheduling.quartz.SchedulerFactoryBean#0_Worker-10] com.wuzhi.action.WuzhiController.uploadUser(WuzhiController.java:180) - 此次花费时间502
2017-03-22 15:12:00,518 [INFO] [thread-name: org.springframework.scheduling.quartz.SchedulerFactoryBean#0_Worker-10] com.wuzhi.action.WuzhiController.uploadUser(WuzhiController.java:181) - 增加人数0
2017-03-22 15:13:00,546 [INFO] [thread-name: org.springframework.scheduling.quartz.SchedulerFactoryBean#0_Worker-1] com.wuzhi.action.WuzhiController.uploadUser(WuzhiController.java:180) - 此次花费时间527
2017-03-22 15:13:00,546 [INFO] [thread-name: org.springframework.scheduling.quartz.SchedulerFactoryBean#0_Worker-1] com.wuzhi.action.WuzhiController.uploadUser(WuzhiController.java:181) - 增加人数0
2017-03-22 15:14:00,119 [INFO] [thread-name: org.springframework.scheduling.quartz.SchedulerFactoryBean#0_Worker-9] com.wuzhi.action.WuzhiController.uploadUser(WuzhiController.java:180) - 此次花费时间102
2017-03-22 15:14:00,120 [INFO] [thread-name: org.springframework.scheduling.quartz.SchedulerFactoryBean#0_Worker-9] com.wuzhi.action.WuzhiController.uploadUser(WuzhiController.java:181) - 增加人数0
2017-03-22 15:15:00,500 [INFO] [thread-name: org.springframework.scheduling.quartz.SchedulerFactoryBean#0_Worker-2] com.wuzhi.action.WuzhiController.uploadUser(WuzhiController.java:180) - 此次花费时间483
2017-03-22 15:15:00,501 [INFO] [thread-name: org.springframework.scheduling.quartz.SchedulerFactoryBean#0_Worker-2] com.wuzhi.action.WuzhiController.uploadUser(WuzhiController.java:181) - 增加人数0
2017-03-22 15:16:00,126 [INFO] [thread-name: org.springframework.scheduling.quartz.SchedulerFactoryBean#0_Worker-3] com.wuzhi.action.WuzhiController.uploadUser(WuzhiController.java:180) - 此次花费时间111
2017-03-22 15:16:00,126 [INFO] [thread-name: org.springframework.scheduling.quartz.SchedulerFactoryBean#0_Worker-3] com.wuzhi.action.WuzhiController.uploadUser(WuzhiController.java:181) - 增加人数0
2017-03-22 15:17:00,457 [INFO] [thread-name: org.springframework.scheduling.quartz.SchedulerFactoryBean#0_Worker-4] com.wuzhi.action.WuzhiController.uploadUser(WuzhiController.java:180) - 此次花费时间445
2017-03-22 15:17:00,457 [INFO] [thread-name: org.springframework.scheduling.quartz.SchedulerFactoryBean#0_Worker-4] com.wuzhi.action.WuzhiController.uploadUser(WuzhiController.java:181) - 增加人数0
2017-03-22 15:18:00,493 [INFO] [thread-name: org.springframework.scheduling.quartz.SchedulerFactoryBean#0_Worker-5] com.wuzhi.action.WuzhiController.uploadUser(WuzhiController.java:180) - 此次花费时间476
2017-03-22 15:18:00,493 [INFO] [thread-name: org.springframework.scheduling.quartz.SchedulerFactoryBean#0_Worker-5] com.wuzhi.action.WuzhiController.uploadUser(WuzhiController.java:181) - 增加人数0
2017-03-22 15:19:00,110 [INFO] [thread-name: org.springframework.scheduling.quartz.SchedulerFactoryBean#0_Worker-6] com.wuzhi.action.WuzhiController.uploadUser(WuzhiController.java:180) - 此次花费时间95
2017-03-22 15:19:00,111 [INFO] [thread-name: org.springframework.scheduling.quartz.SchedulerFactoryBean#0_Worker-6] com.wuzhi.action.WuzhiController.uploadUser(WuzhiController.java:181) - 增加人数0
2017-03-22 15:20:00,494 [INFO] [thread-name: org.springframework.scheduling.quartz.SchedulerFactoryBean#0_Worker-8] com.wuzhi.action.WuzhiController.uploadUser(WuzhiController.java:180) - 此次花费时间484
2017-03-22 15:20:00,494 [INFO] [thread-name: org.springframework.scheduling.quartz.SchedulerFactoryBean#0_Worker-8] com.wuzhi.action.WuzhiController.uploadUser(WuzhiController.java:181) - 增加人数0
2017-03-22 15:21:00,086 [INFO] [thread-name: org.springframework.scheduling.quartz.SchedulerFactoryBean#0_Worker-10] com.wuzhi.action.WuzhiController.uploadUser(WuzhiController.java:180) - 此次花费时间75
2017-03-22 15:21:00,086 [INFO] [thread-name: org.springframework.scheduling.quartz.SchedulerFactoryBean#0_Worker-10] com.wuzhi.action.WuzhiController.uploadUser(WuzhiController.java:181) - 增加人数0
2017-03-22 15:22:00,552 [INFO] [thread-name: org.springframework.scheduling.quartz.SchedulerFactoryBean#0_Worker-1] com.wuzhi.action.WuzhiController.uploadUser(WuzhiController.java:180) - 此次花费时间538
2017-03-22 15:22:00,553 [INFO] [thread-name: org.springframework.scheduling.quartz.SchedulerFactoryBean#0_Worker-1] com.wuzhi.action.WuzhiController.uploadUser(WuzhiController.java:181) - 增加人数0
2017-03-22 15:23:00,119 [INFO] [thread-name: org.springframework.scheduling.quartz.SchedulerFactoryBean#0_Worker-9] com.wuzhi.action.WuzhiController.uploadUser(WuzhiController.java:180) - 此次花费时间108
2017-03-22 15:23:00,120 [INFO] [thread-name: org.springframework.scheduling.quartz.SchedulerFactoryBean#0_Worker-9] com.wuzhi.action.WuzhiController.uploadUser(WuzhiController.java:181) - 增加人数0
2017-03-22 15:24:00,649 [INFO] [thread-name: org.springframework.scheduling.quartz.SchedulerFactoryBean#0_Worker-2] com.wuzhi.action.WuzhiController.uploadUser(WuzhiController.java:180) - 此次花费时间631
2017-03-22 15:24:00,649 [INFO] [thread-name: org.springframework.scheduling.quartz.SchedulerFactoryBean#0_Worker-2] com.wuzhi.action.WuzhiController.uploadUser(WuzhiController.java:181) - 增加人数0
2017-03-22 15:25:00,106 [INFO] [thread-name: org.springframework.scheduling.quartz.SchedulerFactoryBean#0_Worker-3] com.wuzhi.action.WuzhiController.uploadUser(WuzhiController.java:180) - 此次花费时间95
2017-03-22 15:25:00,107 [INFO] [thread-name: org.springframework.scheduling.quartz.SchedulerFactoryBean#0_Worker-3] com.wuzhi.action.WuzhiController.uploadUser(WuzhiController.java:181) - 增加人数0
2017-03-22 15:26:00,496 [INFO] [thread-name: org.springframework.scheduling.quartz.SchedulerFactoryBean#0_Worker-4] com.wuzhi.action.WuzhiController.uploadUser(WuzhiController.java:180) - 此次花费时间481
2017-03-22 15:26:00,496 [INFO] [thread-name: org.springframework.scheduling.quartz.SchedulerFactoryBean#0_Worker-4] com.wuzhi.action.WuzhiController.uploadUser(WuzhiController.java:181) - 增加人数0
2017-03-22 15:27:00,485 [INFO] [thread-name: org.springframework.scheduling.quartz.SchedulerFactoryBean#0_Worker-5] com.wuzhi.action.WuzhiController.uploadUser(WuzhiController.java:180) - 此次花费时间466
2017-03-22 15:27:00,486 [INFO] [thread-name: org.springframework.scheduling.quartz.SchedulerFactoryBean#0_Worker-5] com.wuzhi.action.WuzhiController.uploadUser(WuzhiController.java:181) - 增加人数0
2017-03-22 15:28:00,119 [INFO] [thread-name: org.springframework.scheduling.quartz.SchedulerFactoryBean#0_Worker-6] com.wuzhi.action.WuzhiController.uploadUser(WuzhiController.java:180) - 此次花费时间107
2017-03-22 15:28:00,120 [INFO] [thread-name: org.springframework.scheduling.quartz.SchedulerFactoryBean#0_Worker-6] com.wuzhi.action.WuzhiController.uploadUser(WuzhiController.java:181) - 增加人数0
2017-03-22 15:29:00,537 [INFO] [thread-name: org.springframework.scheduling.quartz.SchedulerFactoryBean#0_Worker-8] com.wuzhi.action.WuzhiController.uploadUser(WuzhiController.java:180) - 此次花费时间524
2017-03-22 15:29:00,539 [INFO] [thread-name: org.springframework.scheduling.quartz.SchedulerFactoryBean#0_Worker-8] com.wuzhi.action.WuzhiController.uploadUser(WuzhiController.java:181) - 增加人数0
2017-03-22 15:30:00,483 [INFO] [thread-name: org.springframework.scheduling.quartz.SchedulerFactoryBean#0_Worker-10] com.wuzhi.action.WuzhiController.uploadUser(WuzhiController.java:180) - 此次花费时间465
2017-03-22 15:30:00,483 [INFO] [thread-name: org.springframework.scheduling.quartz.SchedulerFactoryBean#0_Worker-10] com.wuzhi.action.WuzhiController.uploadUser(WuzhiController.java:181) - 增加人数0
2017-03-22 15:31:00,564 [INFO] [thread-name: org.springframework.scheduling.quartz.SchedulerFactoryBean#0_Worker-1] com.wuzhi.action.WuzhiController.uploadUser(WuzhiController.java:180) - 此次花费时间551
2017-03-22 15:31:00,564 [INFO] [thread-name: org.springframework.scheduling.quartz.SchedulerFactoryBean#0_Worker-1] com.wuzhi.action.WuzhiController.uploadUser(WuzhiController.java:181) - 增加人数0
2017-03-22 15:32:00,488 [INFO] [thread-name: org.springframework.scheduling.quartz.SchedulerFactoryBean#0_Worker-9] com.wuzhi.action.WuzhiController.uploadUser(WuzhiController.java:180) - 此次花费时间472
2017-03-22 15:32:00,489 [INFO] [thread-name: org.springframework.scheduling.quartz.SchedulerFactoryBean#0_Worker-9] com.wuzhi.action.WuzhiController.uploadUser(WuzhiController.java:181) - 增加人数0
2017-03-22 15:33:00,521 [INFO] [thread-name: org.springframework.scheduling.quartz.SchedulerFactoryBean#0_Worker-2] com.wuzhi.action.WuzhiController.uploadUser(WuzhiController.java:180) - 此次花费时间501
2017-03-22 15:33:00,521 [INFO] [thread-name: org.springframework.scheduling.quartz.SchedulerFactoryBean#0_Worker-2] com.wuzhi.action.WuzhiController.uploadUser(WuzhiController.java:181) - 增加人数0
2017-03-22 15:34:00,545 [INFO] [thread-name: org.springframework.scheduling.quartz.SchedulerFactoryBean#0_Worker-3] com.wuzhi.action.WuzhiController.uploadUser(WuzhiController.java:180) - 此次花费时间531
2017-03-22 15:34:00,546 [INFO] [thread-name: org.springframework.scheduling.quartz.SchedulerFactoryBean#0_Worker-3] com.wuzhi.action.WuzhiController.uploadUser(WuzhiController.java:181) - 增加人数0
2017-03-22 15:35:00,129 [INFO] [thread-name: org.springframework.scheduling.quartz.SchedulerFactoryBean#0_Worker-4] com.wuzhi.action.WuzhiController.uploadUser(WuzhiController.java:180) - 此次花费时间119
2017-03-22 15:35:00,130 [INFO] [thread-name: org.springframework.scheduling.quartz.SchedulerFactoryBean#0_Worker-4] com.wuzhi.action.WuzhiController.uploadUser(WuzhiController.java:181) - 增加人数0
2017-03-22 15:36:00,093 [INFO] [thread-name: org.springframework.scheduling.quartz.SchedulerFactoryBean#0_Worker-5] com.wuzhi.action.WuzhiController.uploadUser(WuzhiController.java:180) - 此次花费时间80
2017-03-22 15:36:00,095 [INFO] [thread-name: org.springframework.scheduling.quartz.SchedulerFactoryBean#0_Worker-5] com.wuzhi.action.WuzhiController.uploadUser(WuzhiController.java:181) - 增加人数0
2017-03-22 15:37:00,612 [INFO] [thread-name: org.springframework.scheduling.quartz.SchedulerFactoryBean#0_Worker-6] com.wuzhi.action.WuzhiController.uploadUser(WuzhiController.java:180) - 此次花费时间594
2017-03-22 15:37:00,613 [INFO] [thread-name: org.springframework.scheduling.quartz.SchedulerFactoryBean#0_Worker-6] com.wuzhi.action.WuzhiController.uploadUser(WuzhiController.java:181) - 增加人数1
2017-03-22 15:38:00,457 [INFO] [thread-name: org.springframework.scheduling.quartz.SchedulerFactoryBean#0_Worker-8] com.wuzhi.action.WuzhiController.uploadUser(WuzhiController.java:180) - 此次花费时间443
2017-03-22 15:38:00,458 [INFO] [thread-name: org.springframework.scheduling.quartz.SchedulerFactoryBean#0_Worker-8] com.wuzhi.action.WuzhiController.uploadUser(WuzhiController.java:181) - 增加人数0
2017-03-22 15:39:00,496 [INFO] [thread-name: org.springframework.scheduling.quartz.SchedulerFactoryBean#0_Worker-10] com.wuzhi.action.WuzhiController.uploadUser(WuzhiController.java:180) - 此次花费时间482
2017-03-22 15:39:00,497 [INFO] [thread-name: org.springframework.scheduling.quartz.SchedulerFactoryBean#0_Worker-10] com.wuzhi.action.WuzhiController.uploadUser(WuzhiController.java:181) - 增加人数0
2017-03-22 15:40:00,109 [INFO] [thread-name: org.springframework.scheduling.quartz.SchedulerFactoryBean#0_Worker-1] com.wuzhi.action.WuzhiController.uploadUser(WuzhiController.java:180) - 此次花费时间95
2017-03-22 15:40:00,109 [INFO] [thread-name: org.springframework.scheduling.quartz.SchedulerFactoryBean#0_Worker-1] com.wuzhi.action.WuzhiController.uploadUser(WuzhiController.java:181) - 增加人数0
2017-03-22 15:41:00,132 [INFO] [thread-name: org.springframework.scheduling.quartz.SchedulerFactoryBean#0_Worker-9] com.wuzhi.action.WuzhiController.uploadUser(WuzhiController.java:180) - 此次花费时间113
2017-03-22 15:41:00,132 [INFO] [thread-name: org.springframework.scheduling.quartz.SchedulerFactoryBean#0_Worker-9] com.wuzhi.action.WuzhiController.uploadUser(WuzhiController.java:181) - 增加人数0
2017-03-22 15:42:00,811 [INFO] [thread-name: org.springframework.scheduling.quartz.SchedulerFactoryBean#0_Worker-2] com.wuzhi.action.WuzhiController.uploadUser(WuzhiController.java:180) - 此次花费时间796
2017-03-22 15:42:00,812 [INFO] [thread-name: org.springframework.scheduling.quartz.SchedulerFactoryBean#0_Worker-2] com.wuzhi.action.WuzhiController.uploadUser(WuzhiController.java:181) - 增加人数1
2017-03-22 15:43:00,497 [INFO] [thread-name: org.springframework.scheduling.quartz.SchedulerFactoryBean#0_Worker-3] com.wuzhi.action.WuzhiController.uploadUser(WuzhiController.java:180) - 此次花费时间477
2017-03-22 15:43:00,497 [INFO] [thread-name: org.springframework.scheduling.quartz.SchedulerFactoryBean#0_Worker-3] com.wuzhi.action.WuzhiController.uploadUser(WuzhiController.java:181) - 增加人数0
2017-03-22 15:44:00,472 [INFO] [thread-name: org.springframework.scheduling.quartz.SchedulerFactoryBean#0_Worker-4] com.wuzhi.action.WuzhiController.uploadUser(WuzhiController.java:180) - 此次花费时间461
2017-03-22 15:44:00,473 [INFO] [thread-name: org.springframework.scheduling.quartz.SchedulerFactoryBean#0_Worker-4] com.wuzhi.action.WuzhiController.uploadUser(WuzhiController.java:181) - 增加人数0
2017-03-22 15:45:00,505 [INFO] [thread-name: org.springframework.scheduling.quartz.SchedulerFactoryBean#0_Worker-5] com.wuzhi.action.WuzhiController.uploadUser(WuzhiController.java:180) - 此次花费时间490
2017-03-22 15:45:00,506 [INFO] [thread-name: org.springframework.scheduling.quartz.SchedulerFactoryBean#0_Worker-5] com.wuzhi.action.WuzhiController.uploadUser(WuzhiController.java:181) - 增加人数0
2017-03-22 15:46:00,489 [INFO] [thread-name: org.springframework.scheduling.quartz.SchedulerFactoryBean#0_Worker-6] com.wuzhi.action.WuzhiController.uploadUser(WuzhiController.java:180) - 此次花费时间474
2017-03-22 15:46:00,489 [INFO] [thread-name: org.springframework.scheduling.quartz.SchedulerFactoryBean#0_Worker-6] com.wuzhi.action.WuzhiController.uploadUser(WuzhiController.java:181) - 增加人数0
2017-03-22 15:47:00,491 [INFO] [thread-name: org.springframework.scheduling.quartz.SchedulerFactoryBean#0_Worker-8] com.wuzhi.action.WuzhiController.uploadUser(WuzhiController.java:180) - 此次花费时间472
2017-03-22 15:47:00,491 [INFO] [thread-name: org.springframework.scheduling.quartz.SchedulerFactoryBean#0_Worker-8] com.wuzhi.action.WuzhiController.uploadUser(WuzhiController.java:181) - 增加人数0
2017-03-22 15:48:00,102 [INFO] [thread-name: org.springframework.scheduling.quartz.SchedulerFactoryBean#0_Worker-10] com.wuzhi.action.WuzhiController.uploadUser(WuzhiController.java:180) - 此次花费时间84
2017-03-22 15:48:00,103 [INFO] [thread-name: org.springframework.scheduling.quartz.SchedulerFactoryBean#0_Worker-10] com.wuzhi.action.WuzhiController.uploadUser(WuzhiController.java:181) - 增加人数0
2017-03-22 15:49:00,103 [INFO] [thread-name: org.springframework.scheduling.quartz.SchedulerFactoryBean#0_Worker-1] com.wuzhi.action.WuzhiController.uploadUser(WuzhiController.java:180) - 此次花费时间84
2017-03-22 15:49:00,103 [INFO] [thread-name: org.springframework.scheduling.quartz.SchedulerFactoryBean#0_Worker-1] com.wuzhi.action.WuzhiController.uploadUser(WuzhiController.java:181) - 增加人数0
2017-03-22 15:50:00,476 [INFO] [thread-name: org.springframework.scheduling.quartz.SchedulerFactoryBean#0_Worker-9] com.wuzhi.action.WuzhiController.uploadUser(WuzhiController.java:180) - 此次花费时间460
2017-03-22 15:50:00,476 [INFO] [thread-name: org.springframework.scheduling.quartz.SchedulerFactoryBean#0_Worker-9] com.wuzhi.action.WuzhiController.uploadUser(WuzhiController.java:181) - 增加人数0
2017-03-22 15:51:00,479 [INFO] [thread-name: org.springframework.scheduling.quartz.SchedulerFactoryBean#0_Worker-2] com.wuzhi.action.WuzhiController.uploadUser(WuzhiController.java:180) - 此次花费时间461
2017-03-22 15:51:00,480 [INFO] [thread-name: org.springframework.scheduling.quartz.SchedulerFactoryBean#0_Worker-2] com.wuzhi.action.WuzhiController.uploadUser(WuzhiController.java:181) - 增加人数0
2017-03-22 15:52:00,561 [INFO] [thread-name: org.springframework.scheduling.quartz.SchedulerFactoryBean#0_Worker-3] com.wuzhi.action.WuzhiController.uploadUser(WuzhiController.java:180) - 此次花费时间541
2017-03-22 15:52:00,562 [INFO] [thread-name: org.springframework.scheduling.quartz.SchedulerFactoryBean#0_Worker-3] com.wuzhi.action.WuzhiController.uploadUser(WuzhiController.java:181) - 增加人数0
2017-03-22 15:53:00,497 [INFO] [thread-name: org.springframework.scheduling.quartz.SchedulerFactoryBean#0_Worker-4] com.wuzhi.action.WuzhiController.uploadUser(WuzhiController.java:180) - 此次花费时间478
2017-03-22 15:53:00,497 [INFO] [thread-name: org.springframework.scheduling.quartz.SchedulerFactoryBean#0_Worker-4] com.wuzhi.action.WuzhiController.uploadUser(WuzhiController.java:181) - 增加人数0
2017-03-22 15:54:00,514 [INFO] [thread-name: org.springframework.scheduling.quartz.SchedulerFactoryBean#0_Worker-5] com.wuzhi.action.WuzhiController.uploadUser(WuzhiController.java:180) - 此次花费时间497
2017-03-22 15:54:00,514 [INFO] [thread-name: org.springframework.scheduling.quartz.SchedulerFactoryBean#0_Worker-5] com.wuzhi.action.WuzhiController.uploadUser(WuzhiController.java:181) - 增加人数0
2017-03-22 15:55:00,477 [INFO] [thread-name: org.springframework.scheduling.quartz.SchedulerFactoryBean#0_Worker-6] com.wuzhi.action.WuzhiController.uploadUser(WuzhiController.java:180) - 此次花费时间457
2017-03-22 15:55:00,478 [INFO] [thread-name: org.springframework.scheduling.quartz.SchedulerFactoryBean#0_Worker-6] com.wuzhi.action.WuzhiController.uploadUser(WuzhiController.java:181) - 增加人数0
2017-03-22 15:56:00,649 [INFO] [thread-name: org.springframework.scheduling.quartz.SchedulerFactoryBean#0_Worker-8] com.wuzhi.action.WuzhiController.uploadUser(WuzhiController.java:180) - 此次花费时间638
2017-03-22 15:56:00,649 [INFO] [thread-name: org.springframework.scheduling.quartz.SchedulerFactoryBean#0_Worker-8] com.wuzhi.action.WuzhiController.uploadUser(WuzhiController.java:181) - 增加人数0
2017-03-22 15:57:00,489 [INFO] [thread-name: org.springframework.scheduling.quartz.SchedulerFactoryBean#0_Worker-10] com.wuzhi.action.WuzhiController.uploadUser(WuzhiController.java:180) - 此次花费时间472
2017-03-22 15:57:00,489 [INFO] [thread-name: org.springframework.scheduling.quartz.SchedulerFactoryBean#0_Worker-10] com.wuzhi.action.WuzhiController.uploadUser(WuzhiController.java:181) - 增加人数0
2017-03-22 15:58:00,458 [INFO] [thread-name: org.springframework.scheduling.quartz.SchedulerFactoryBean#0_Worker-1] com.wuzhi.action.WuzhiController.uploadUser(WuzhiController.java:180) - 此次花费时间441
2017-03-22 15:58:00,458 [INFO] [thread-name: org.springframework.scheduling.quartz.SchedulerFactoryBean#0_Worker-1] com.wuzhi.action.WuzhiController.uploadUser(WuzhiController.java:181) - 增加人数0
2017-03-22 15:59:00,458 [INFO] [thread-name: org.springframework.scheduling.quartz.SchedulerFactoryBean#0_Worker-9] com.wuzhi.action.WuzhiController.uploadUser(WuzhiController.java:180) - 此次花费时间442
2017-03-22 15:59:00,458 [INFO] [thread-name: org.springframework.scheduling.quartz.SchedulerFactoryBean#0_Worker-9] com.wuzhi.action.WuzhiController.uploadUser(WuzhiController.java:181) - 增加人数0
2017-03-22 16:00:00,470 [INFO] [thread-name: org.springframework.scheduling.quartz.SchedulerFactoryBean#0_Worker-2] com.wuzhi.action.WuzhiController.uploadUser(WuzhiController.java:180) - 此次花费时间459
2017-03-22 16:00:00,470 [INFO] [thread-name: org.springframework.scheduling.quartz.SchedulerFactoryBean#0_Worker-2] com.wuzhi.action.WuzhiController.uploadUser(WuzhiController.java:181) - 增加人数0
2017-03-22 16:01:00,099 [INFO] [thread-name: org.springframework.scheduling.quartz.SchedulerFactoryBean#0_Worker-3] com.wuzhi.action.WuzhiController.uploadUser(WuzhiController.java:180) - 此次花费时间85
2017-03-22 16:01:00,099 [INFO] [thread-name: org.springframework.scheduling.quartz.SchedulerFactoryBean#0_Worker-3] com.wuzhi.action.WuzhiController.uploadUser(WuzhiController.java:181) - 增加人数0
2017-03-22 16:02:00,525 [INFO] [thread-name: org.springframework.scheduling.quartz.SchedulerFactoryBean#0_Worker-4] com.wuzhi.action.WuzhiController.uploadUser(WuzhiController.java:180) - 此次花费时间510
2017-03-22 16:02:00,526 [INFO] [thread-name: org.springframework.scheduling.quartz.SchedulerFactoryBean#0_Worker-4] com.wuzhi.action.WuzhiController.uploadUser(WuzhiController.java:181) - 增加人数0
2017-03-22 16:03:00,496 [INFO] [thread-name: org.springframework.scheduling.quartz.SchedulerFactoryBean#0_Worker-5] com.wuzhi.action.WuzhiController.uploadUser(WuzhiController.java:180) - 此次花费时间476
2017-03-22 16:03:00,497 [INFO] [thread-name: org.springframework.scheduling.quartz.SchedulerFactoryBean#0_Worker-5] com.wuzhi.action.WuzhiController.uploadUser(WuzhiController.java:181) - 增加人数0
2017-03-22 16:04:02,337 [INFO] [thread-name: org.springframework.scheduling.quartz.SchedulerFactoryBean#0_Worker-6] com.wuzhi.action.WuzhiController.uploadUser(WuzhiController.java:180) - 此次花费时间2326
2017-03-22 16:04:02,338 [INFO] [thread-name: org.springframework.scheduling.quartz.SchedulerFactoryBean#0_Worker-6] com.wuzhi.action.WuzhiController.uploadUser(WuzhiController.java:181) - 增加人数0
2017-03-22 16:05:03,934 [INFO] [thread-name: org.springframework.scheduling.quartz.SchedulerFactoryBean#0_Worker-8] com.wuzhi.action.WuzhiController.uploadUser(WuzhiController.java:180) - 此次花费时间3915
2017-03-22 16:05:03,936 [INFO] [thread-name: org.springframework.scheduling.quartz.SchedulerFactoryBean#0_Worker-8] com.wuzhi.action.WuzhiController.uploadUser(WuzhiController.java:181) - 增加人数0
2017-03-22 16:06:00,467 [INFO] [thread-name: org.springframework.scheduling.quartz.SchedulerFactoryBean#0_Worker-10] com.wuzhi.action.WuzhiController.uploadUser(WuzhiController.java:180) - 此次花费时间457
2017-03-22 16:06:00,467 [INFO] [thread-name: org.springframework.scheduling.quartz.SchedulerFactoryBean#0_Worker-10] com.wuzhi.action.WuzhiController.uploadUser(WuzhiController.java:181) - 增加人数0
2017-03-22 16:07:06,082 [INFO] [thread-name: org.springframework.scheduling.quartz.SchedulerFactoryBean#0_Worker-1] com.wuzhi.action.WuzhiController.uploadUser(WuzhiController.java:180) - 此次花费时间6066
2017-03-22 16:07:06,083 [INFO] [thread-name: org.springframework.scheduling.quartz.SchedulerFactoryBean#0_Worker-1] com.wuzhi.action.WuzhiController.uploadUser(WuzhiController.java:181) - 增加人数0
2017-03-22 16:08:00,451 [INFO] [thread-name: org.springframework.scheduling.quartz.SchedulerFactoryBean#0_Worker-9] com.wuzhi.action.WuzhiController.uploadUser(WuzhiController.java:180) - 此次花费时间439
2017-03-22 16:08:00,452 [INFO] [thread-name: org.springframework.scheduling.quartz.SchedulerFactoryBean#0_Worker-9] com.wuzhi.action.WuzhiController.uploadUser(WuzhiController.java:181) - 增加人数0
2017-03-22 16:09:01,157 [INFO] [thread-name: org.springframework.scheduling.quartz.SchedulerFactoryBean#0_Worker-2] com.wuzhi.action.WuzhiController.uploadUser(WuzhiController.java:180) - 此次花费时间1143
2017-03-22 16:09:01,158 [INFO] [thread-name: org.springframework.scheduling.quartz.SchedulerFactoryBean#0_Worker-2] com.wuzhi.action.WuzhiController.uploadUser(WuzhiController.java:181) - 增加人数0
2017-03-22 16:10:00,599 [INFO] [thread-name: org.springframework.scheduling.quartz.SchedulerFactoryBean#0_Worker-3] com.wuzhi.action.WuzhiController.uploadUser(WuzhiController.java:180) - 此次花费时间589
2017-03-22 16:10:00,600 [INFO] [thread-name: org.springframework.scheduling.quartz.SchedulerFactoryBean#0_Worker-3] com.wuzhi.action.WuzhiController.uploadUser(WuzhiController.java:181) - 增加人数0
2017-03-22 16:11:04,316 [INFO] [thread-name: org.springframework.scheduling.quartz.SchedulerFactoryBean#0_Worker-4] com.wuzhi.action.WuzhiController.uploadUser(WuzhiController.java:180) - 此次花费时间4305
2017-03-22 16:11:04,317 [INFO] [thread-name: org.springframework.scheduling.quartz.SchedulerFactoryBean#0_Worker-4] com.wuzhi.action.WuzhiController.uploadUser(WuzhiController.java:181) - 增加人数0
2017-03-22 16:12:00,543 [INFO] [thread-name: org.springframework.scheduling.quartz.SchedulerFactoryBean#0_Worker-5] com.wuzhi.action.WuzhiController.uploadUser(WuzhiController.java:180) - 此次花费时间526
2017-03-22 16:12:00,543 [INFO] [thread-name: org.springframework.scheduling.quartz.SchedulerFactoryBean#0_Worker-5] com.wuzhi.action.WuzhiController.uploadUser(WuzhiController.java:181) - 增加人数0
